{"/home/austin/github/job-sort/react-backend/client/testSetup.js":{"path":"/home/austin/github/job-sort/react-backend/client/testSetup.js","statementMap":{"0":{"start":{"line":3,"column":13},"end":{"line":3,"column":29}},"1":{"start":{"line":5,"column":14},"end":{"line":5,"column":44}},"2":{"start":{"line":7,"column":14},"end":{"line":7,"column":31}},"3":{"start":{"line":9,"column":15},"end":{"line":9,"column":46}},"4":{"start":{"line":11,"column":26},"end":{"line":11,"column":60}},"5":{"start":{"line":13,"column":27},"end":{"line":13,"column":70}},"6":{"start":{"line":15,"column":39},"end":{"line":15,"column":93}},"7":{"start":{"line":17,"column":0},"end":{"line":17,"column":76}},"8":{"start":{"line":19,"column":0},"end":{"line":19,"column":70}},"9":{"start":{"line":20,"column":0},"end":{"line":20,"column":37}},"10":{"start":{"line":21,"column":0},"end":{"line":21,"column":36}},"11":{"start":{"line":24,"column":2},"end":{"line":24,"column":12}},"12":{"start":{"line":28,"column":0},"end":{"line":28,"column":34}},"13":{"start":{"line":29,"column":0},"end":{"line":29,"column":34}}},"fnMap":{"0":{"name":"_interopRequireDefault","decl":{"start":{"line":15,"column":9},"end":{"line":15,"column":31}},"loc":{"start":{"line":15,"column":37},"end":{"line":15,"column":95}},"line":15},"1":{"name":"noop","decl":{"start":{"line":23,"column":9},"end":{"line":23,"column":13}},"loc":{"start":{"line":23,"column":16},"end":{"line":25,"column":1}},"line":23}},"branchMap":{"0":{"loc":{"start":{"line":15,"column":46},"end":{"line":15,"column":92}},"type":"cond-expr","locations":[{"start":{"line":15,"column":70},"end":{"line":15,"column":73}},{"start":{"line":15,"column":76},"end":{"line":15,"column":92}}],"line":15},"1":{"loc":{"start":{"line":15,"column":46},"end":{"line":15,"column":67}},"type":"binary-expr","locations":[{"start":{"line":15,"column":46},"end":{"line":15,"column":49}},{"start":{"line":15,"column":53},"end":{"line":15,"column":67}}],"line":15}},"s":{"0":1,"1":1,"2":1,"3":1,"4":1,"5":1,"6":3,"7":1,"8":1,"9":1,"10":1,"11":1,"12":1,"13":1},"f":{"0":3,"1":1},"b":{"0":[0,3],"1":[3,3]},"_coverageSchema":"332fd63041d2c1bcb487cc26dd0d5f7d97098a6c","hash":"2e5fdf913cb3d7dafee8600628f0425125529d5a","contentHash":"194dd435bc8299d4e1a118ebfbfc2187_11.4.1"},"/home/austin/github/job-sort/react-backend/client/src/App.js":{"path":"/home/austin/github/job-sort/react-backend/client/src/App.js","statementMap":{"0":{"start":{"line":3,"column":0},"end":{"line":5,"column":3}},"1":{"start":{"line":7,"column":19},"end":{"line":7,"column":563}},"2":{"start":{"line":7,"column":76},"end":{"line":7,"column":347}},"3":{"start":{"line":7,"column":134},"end":{"line":7,"column":142}},"4":{"start":{"line":7,"column":144},"end":{"line":7,"column":199}},"5":{"start":{"line":7,"column":200},"end":{"line":7,"column":231}},"6":{"start":{"line":7,"column":232},"end":{"line":7,"column":286}},"7":{"start":{"line":7,"column":259},"end":{"line":7,"column":286}},"8":{"start":{"line":7,"column":287},"end":{"line":7,"column":345}},"9":{"start":{"line":7,"column":350},"end":{"line":7,"column":559}},"10":{"start":{"line":7,"column":407},"end":{"line":7,"column":475}},"11":{"start":{"line":7,"column":423},"end":{"line":7,"column":475}},"12":{"start":{"line":7,"column":476},"end":{"line":7,"column":536}},"13":{"start":{"line":7,"column":493},"end":{"line":7,"column":536}},"14":{"start":{"line":7,"column":537},"end":{"line":7,"column":556}},"15":{"start":{"line":9,"column":13},"end":{"line":9,"column":29}},"16":{"start":{"line":11,"column":14},"end":{"line":11,"column":44}},"17":{"start":{"line":13,"column":0},"end":{"line":13,"column":21}},"18":{"start":{"line":15,"column":21},"end":{"line":15,"column":61}},"19":{"start":{"line":17,"column":22},"end":{"line":17,"column":60}},"20":{"start":{"line":19,"column":14},"end":{"line":19,"column":47}},"21":{"start":{"line":21,"column":15},"end":{"line":21,"column":46}},"22":{"start":{"line":23,"column":17},"end":{"line":23,"column":53}},"23":{"start":{"line":25,"column":18},"end":{"line":25,"column":52}},"24":{"start":{"line":27,"column":39},"end":{"line":27,"column":93}},"25":{"start":{"line":29,"column":50},"end":{"line":29,"column":151}},"26":{"start":{"line":29,"column":92},"end":{"line":29,"column":149}},"27":{"start":{"line":31,"column":50},"end":{"line":31,"column":151}},"28":{"start":{"line":31,"column":63},"end":{"line":31,"column":149}},"29":{"start":{"line":31,"column":152},"end":{"line":31,"column":238}},"30":{"start":{"line":33,"column":43},"end":{"line":33,"column":208}},"31":{"start":{"line":33,"column":106},"end":{"line":33,"column":206}},"32":{"start":{"line":33,"column":209},"end":{"line":33,"column":373}},"33":{"start":{"line":33,"column":374},"end":{"line":33,"column":492}},"34":{"start":{"line":33,"column":390},"end":{"line":33,"column":492}},"35":{"start":{"line":35,"column":12},"end":{"line":35,"column":28}},"36":{"start":{"line":39,"column":2},"end":{"line":48,"column":3}},"37":{"start":{"line":40,"column":4},"end":{"line":40,"column":47}},"38":{"start":{"line":41,"column":4},"end":{"line":41,"column":75}},"39":{"start":{"line":42,"column":4},"end":{"line":42,"column":63}},"40":{"start":{"line":43,"column":4},"end":{"line":43,"column":69}},"41":{"start":{"line":45,"column":4},"end":{"line":45,"column":58}},"42":{"start":{"line":46,"column":4},"end":{"line":46,"column":76}},"43":{"start":{"line":47,"column":4},"end":{"line":47,"column":89}},"44":{"start":{"line":51,"column":10},"end":{"line":241,"column":19}},"45":{"start":{"line":52,"column":2},"end":{"line":52,"column":29}},"46":{"start":{"line":55,"column":4},"end":{"line":55,"column":31}},"47":{"start":{"line":57,"column":16},"end":{"line":57,"column":106}},"48":{"start":{"line":59,"column":4},"end":{"line":72,"column":6}},"49":{"start":{"line":73,"column":4},"end":{"line":73,"column":50}},"50":{"start":{"line":74,"column":4},"end":{"line":74,"column":72}},"51":{"start":{"line":75,"column":4},"end":{"line":75,"column":74}},"52":{"start":{"line":76,"column":4},"end":{"line":76,"column":66}},"53":{"start":{"line":77,"column":4},"end":{"line":77,"column":60}},"54":{"start":{"line":78,"column":4},"end":{"line":78,"column":68}},"55":{"start":{"line":79,"column":4},"end":{"line":79,"column":60}},"56":{"start":{"line":80,"column":4},"end":{"line":80,"column":55}},"57":{"start":{"line":81,"column":4},"end":{"line":81,"column":53}},"58":{"start":{"line":82,"column":4},"end":{"line":82,"column":17}},"59":{"start":{"line":85,"column":2},"end":{"line":238,"column":6}},"60":{"start":{"line":88,"column":20},"end":{"line":88,"column":38}},"61":{"start":{"line":89,"column":32},"end":{"line":89,"column":34}},"62":{"start":{"line":90,"column":6},"end":{"line":95,"column":9}},"63":{"start":{"line":91,"column":8},"end":{"line":93,"column":9}},"64":{"start":{"line":92,"column":10},"end":{"line":92,"column":44}},"65":{"start":{"line":94,"column":8},"end":{"line":94,"column":20}},"66":{"start":{"line":96,"column":6},"end":{"line":96,"column":33}},"67":{"start":{"line":101,"column":19},"end":{"line":101,"column":23}},"68":{"start":{"line":103,"column":6},"end":{"line":103,"column":41}},"69":{"start":{"line":104,"column":21},"end":{"line":104,"column":78}},"70":{"start":{"line":105,"column":6},"end":{"line":107,"column":7}},"71":{"start":{"line":106,"column":8},"end":{"line":106,"column":35}},"72":{"start":{"line":108,"column":6},"end":{"line":108,"column":44}},"73":{"start":{"line":110,"column":32},"end":{"line":110,"column":38}},"74":{"start":{"line":111,"column":6},"end":{"line":126,"column":10}},"75":{"start":{"line":112,"column":8},"end":{"line":120,"column":11}},"76":{"start":{"line":116,"column":10},"end":{"line":116,"column":28}},"77":{"start":{"line":118,"column":10},"end":{"line":118,"column":49}},"78":{"start":{"line":119,"column":10},"end":{"line":119,"column":21}},"79":{"start":{"line":122,"column":23},"end":{"line":122,"column":130}},"80":{"start":{"line":123,"column":8},"end":{"line":123,"column":77}},"81":{"start":{"line":124,"column":8},"end":{"line":124,"column":34}},"82":{"start":{"line":125,"column":8},"end":{"line":125,"column":19}},"83":{"start":{"line":131,"column":6},"end":{"line":137,"column":9}},"84":{"start":{"line":142,"column":6},"end":{"line":148,"column":9}},"85":{"start":{"line":153,"column":6},"end":{"line":159,"column":9}},"86":{"start":{"line":164,"column":23},"end":{"line":164,"column":61}},"87":{"start":{"line":165,"column":6},"end":{"line":165,"column":68}},"88":{"start":{"line":170,"column":25},"end":{"line":170,"column":28}},"89":{"start":{"line":171,"column":6},"end":{"line":177,"column":9}},"90":{"start":{"line":172,"column":8},"end":{"line":172,"column":85}},"91":{"start":{"line":173,"column":8},"end":{"line":175,"column":9}},"92":{"start":{"line":174,"column":10},"end":{"line":174,"column":51}},"93":{"start":{"line":176,"column":8},"end":{"line":176,"column":20}},"94":{"start":{"line":178,"column":6},"end":{"line":178,"column":46}},"95":{"start":{"line":179,"column":6},"end":{"line":179,"column":321}},"96":{"start":{"line":184,"column":19},"end":{"line":184,"column":23}},"97":{"start":{"line":186,"column":6},"end":{"line":236,"column":8}},"98":{"start":{"line":207,"column":16},"end":{"line":207,"column":60}},"99":{"start":{"line":240,"column":2},"end":{"line":240,"column":13}},"100":{"start":{"line":243,"column":0},"end":{"line":243,"column":22}}},"fnMap":{"0":{"name":"(anonymous_0)","decl":{"start":{"line":7,"column":19},"end":{"line":7,"column":20}},"loc":{"start":{"line":7,"column":31},"end":{"line":7,"column":561}},"line":7},"1":{"name":"defineProperties","decl":{"start":{"line":7,"column":42},"end":{"line":7,"column":58}},"loc":{"start":{"line":7,"column":74},"end":{"line":7,"column":349}},"line":7},"2":{"name":"(anonymous_2)","decl":{"start":{"line":7,"column":357},"end":{"line":7,"column":358}},"loc":{"start":{"line":7,"column":405},"end":{"line":7,"column":558}},"line":7},"3":{"name":"_interopRequireDefault","decl":{"start":{"line":27,"column":9},"end":{"line":27,"column":31}},"loc":{"start":{"line":27,"column":37},"end":{"line":27,"column":95}},"line":27},"4":{"name":"_classCallCheck","decl":{"start":{"line":29,"column":9},"end":{"line":29,"column":24}},"loc":{"start":{"line":29,"column":48},"end":{"line":29,"column":153}},"line":29},"5":{"name":"_possibleConstructorReturn","decl":{"start":{"line":31,"column":9},"end":{"line":31,"column":35}},"loc":{"start":{"line":31,"column":48},"end":{"line":31,"column":240}},"line":31},"6":{"name":"_inherits","decl":{"start":{"line":33,"column":9},"end":{"line":33,"column":18}},"loc":{"start":{"line":33,"column":41},"end":{"line":33,"column":494}},"line":33},"7":{"name":"mobileStylingFn","decl":{"start":{"line":38,"column":9},"end":{"line":38,"column":24}},"loc":{"start":{"line":38,"column":27},"end":{"line":49,"column":1}},"line":38},"8":{"name":"(anonymous_8)","decl":{"start":{"line":51,"column":10},"end":{"line":51,"column":11}},"loc":{"start":{"line":51,"column":32},"end":{"line":241,"column":1}},"line":51},"9":{"name":"App","decl":{"start":{"line":54,"column":11},"end":{"line":54,"column":14}},"loc":{"start":{"line":54,"column":17},"end":{"line":83,"column":3}},"line":54},"10":{"name":"filterListingData","decl":{"start":{"line":87,"column":20},"end":{"line":87,"column":37}},"loc":{"start":{"line":87,"column":59},"end":{"line":97,"column":5}},"line":87},"11":{"name":"(anonymous_11)","decl":{"start":{"line":90,"column":30},"end":{"line":90,"column":31}},"loc":{"start":{"line":90,"column":49},"end":{"line":95,"column":7}},"line":90},"12":{"name":"getJobListings","decl":{"start":{"line":100,"column":20},"end":{"line":100,"column":34}},"loc":{"start":{"line":100,"column":50},"end":{"line":127,"column":5}},"line":100},"13":{"name":"(anonymous_13)","decl":{"start":{"line":111,"column":20},"end":{"line":111,"column":21}},"loc":{"start":{"line":111,"column":40},"end":{"line":121,"column":7}},"line":111},"14":{"name":"(anonymous_14)","decl":{"start":{"line":115,"column":16},"end":{"line":115,"column":17}},"loc":{"start":{"line":115,"column":31},"end":{"line":117,"column":9}},"line":115},"15":{"name":"(anonymous_15)","decl":{"start":{"line":117,"column":16},"end":{"line":117,"column":17}},"loc":{"start":{"line":117,"column":36},"end":{"line":120,"column":9}},"line":117},"16":{"name":"(anonymous_16)","decl":{"start":{"line":121,"column":9},"end":{"line":121,"column":10}},"loc":{"start":{"line":121,"column":29},"end":{"line":126,"column":7}},"line":121},"17":{"name":"unhideAll","decl":{"start":{"line":130,"column":20},"end":{"line":130,"column":29}},"loc":{"start":{"line":130,"column":32},"end":{"line":138,"column":5}},"line":130},"18":{"name":"showFullDescriptions","decl":{"start":{"line":141,"column":20},"end":{"line":141,"column":40}},"loc":{"start":{"line":141,"column":43},"end":{"line":149,"column":5}},"line":141},"19":{"name":"showShortDescriptions","decl":{"start":{"line":152,"column":20},"end":{"line":152,"column":41}},"loc":{"start":{"line":152,"column":44},"end":{"line":160,"column":5}},"line":152},"20":{"name":"activateLoader","decl":{"start":{"line":163,"column":20},"end":{"line":163,"column":34}},"loc":{"start":{"line":163,"column":50},"end":{"line":166,"column":5}},"line":163},"21":{"name":"generateLoaderText","decl":{"start":{"line":169,"column":20},"end":{"line":169,"column":38}},"loc":{"start":{"line":169,"column":54},"end":{"line":180,"column":5}},"line":169},"22":{"name":"(anonymous_22)","decl":{"start":{"line":171,"column":41},"end":{"line":171,"column":42}},"loc":{"start":{"line":171,"column":63},"end":{"line":177,"column":7}},"line":171},"23":{"name":"render","decl":{"start":{"line":183,"column":20},"end":{"line":183,"column":26}},"loc":{"start":{"line":183,"column":29},"end":{"line":237,"column":5}},"line":183},"24":{"name":"onSubmit","decl":{"start":{"line":206,"column":33},"end":{"line":206,"column":41}},"loc":{"start":{"line":206,"column":57},"end":{"line":208,"column":15}},"line":206}},"branchMap":{"0":{"loc":{"start":{"line":7,"column":168},"end":{"line":7,"column":198}},"type":"binary-expr","locations":[{"start":{"line":7,"column":168},"end":{"line":7,"column":189}},{"start":{"line":7,"column":193},"end":{"line":7,"column":198}}],"line":7},"1":{"loc":{"start":{"line":7,"column":232},"end":{"line":7,"column":286}},"type":"if","locations":[{"start":{"line":7,"column":232},"end":{"line":7,"column":286}},{"start":{"line":7,"column":232},"end":{"line":7,"column":286}}],"line":7},"2":{"loc":{"start":{"line":7,"column":407},"end":{"line":7,"column":475}},"type":"if","locations":[{"start":{"line":7,"column":407},"end":{"line":7,"column":475}},{"start":{"line":7,"column":407},"end":{"line":7,"column":475}}],"line":7},"3":{"loc":{"start":{"line":7,"column":476},"end":{"line":7,"column":536}},"type":"if","locations":[{"start":{"line":7,"column":476},"end":{"line":7,"column":536}},{"start":{"line":7,"column":476},"end":{"line":7,"column":536}}],"line":7},"4":{"loc":{"start":{"line":27,"column":46},"end":{"line":27,"column":92}},"type":"cond-expr","locations":[{"start":{"line":27,"column":70},"end":{"line":27,"column":73}},{"start":{"line":27,"column":76},"end":{"line":27,"column":92}}],"line":27},"5":{"loc":{"start":{"line":27,"column":46},"end":{"line":27,"column":67}},"type":"binary-expr","locations":[{"start":{"line":27,"column":46},"end":{"line":27,"column":49}},{"start":{"line":27,"column":53},"end":{"line":27,"column":67}}],"line":27},"6":{"loc":{"start":{"line":29,"column":50},"end":{"line":29,"column":151}},"type":"if","locations":[{"start":{"line":29,"column":50},"end":{"line":29,"column":151}},{"start":{"line":29,"column":50},"end":{"line":29,"column":151}}],"line":29},"7":{"loc":{"start":{"line":31,"column":50},"end":{"line":31,"column":151}},"type":"if","locations":[{"start":{"line":31,"column":50},"end":{"line":31,"column":151}},{"start":{"line":31,"column":50},"end":{"line":31,"column":151}}],"line":31},"8":{"loc":{"start":{"line":31,"column":159},"end":{"line":31,"column":237}},"type":"cond-expr","locations":[{"start":{"line":31,"column":226},"end":{"line":31,"column":230}},{"start":{"line":31,"column":233},"end":{"line":31,"column":237}}],"line":31},"9":{"loc":{"start":{"line":31,"column":159},"end":{"line":31,"column":223}},"type":"binary-expr","locations":[{"start":{"line":31,"column":159},"end":{"line":31,"column":163}},{"start":{"line":31,"column":168},"end":{"line":31,"column":192}},{"start":{"line":31,"column":196},"end":{"line":31,"column":222}}],"line":31},"10":{"loc":{"start":{"line":33,"column":43},"end":{"line":33,"column":208}},"type":"if","locations":[{"start":{"line":33,"column":43},"end":{"line":33,"column":208}},{"start":{"line":33,"column":43},"end":{"line":33,"column":208}}],"line":33},"11":{"loc":{"start":{"line":33,"column":47},"end":{"line":33,"column":102}},"type":"binary-expr","locations":[{"start":{"line":33,"column":47},"end":{"line":33,"column":79}},{"start":{"line":33,"column":83},"end":{"line":33,"column":102}}],"line":33},"12":{"loc":{"start":{"line":33,"column":244},"end":{"line":33,"column":278}},"type":"binary-expr","locations":[{"start":{"line":33,"column":244},"end":{"line":33,"column":254}},{"start":{"line":33,"column":258},"end":{"line":33,"column":278}}],"line":33},"13":{"loc":{"start":{"line":33,"column":374},"end":{"line":33,"column":492}},"type":"if","locations":[{"start":{"line":33,"column":374},"end":{"line":33,"column":492}},{"start":{"line":33,"column":374},"end":{"line":33,"column":492}}],"line":33},"14":{"loc":{"start":{"line":33,"column":390},"end":{"line":33,"column":491}},"type":"cond-expr","locations":[{"start":{"line":33,"column":414},"end":{"line":33,"column":457}},{"start":{"line":33,"column":460},"end":{"line":33,"column":491}}],"line":33},"15":{"loc":{"start":{"line":39,"column":2},"end":{"line":48,"column":3}},"type":"if","locations":[{"start":{"line":39,"column":2},"end":{"line":48,"column":3}},{"start":{"line":39,"column":2},"end":{"line":48,"column":3}}],"line":39},"16":{"loc":{"start":{"line":57,"column":50},"end":{"line":57,"column":93}},"type":"binary-expr","locations":[{"start":{"line":57,"column":50},"end":{"line":57,"column":63}},{"start":{"line":57,"column":67},"end":{"line":57,"column":93}}],"line":57},"17":{"loc":{"start":{"line":91,"column":8},"end":{"line":93,"column":9}},"type":"if","locations":[{"start":{"line":91,"column":8},"end":{"line":93,"column":9}},{"start":{"line":91,"column":8},"end":{"line":93,"column":9}}],"line":91},"18":{"loc":{"start":{"line":91,"column":12},"end":{"line":91,"column":177}},"type":"binary-expr","locations":[{"start":{"line":91,"column":12},"end":{"line":91,"column":46}},{"start":{"line":91,"column":50},"end":{"line":91,"column":71}},{"start":{"line":91,"column":75},"end":{"line":91,"column":102}},{"start":{"line":91,"column":106},"end":{"line":91,"column":120}},{"start":{"line":91,"column":124},"end":{"line":91,"column":155}},{"start":{"line":91,"column":159},"end":{"line":91,"column":177}}],"line":91},"19":{"loc":{"start":{"line":105,"column":6},"end":{"line":107,"column":7}},"type":"if","locations":[{"start":{"line":105,"column":6},"end":{"line":107,"column":7}},{"start":{"line":105,"column":6},"end":{"line":107,"column":7}}],"line":105},"20":{"loc":{"start":{"line":123,"column":29},"end":{"line":123,"column":76}},"type":"cond-expr","locations":[{"start":{"line":123,"column":64},"end":{"line":123,"column":68}},{"start":{"line":123,"column":71},"end":{"line":123,"column":76}}],"line":123},"21":{"loc":{"start":{"line":173,"column":8},"end":{"line":175,"column":9}},"type":"if","locations":[{"start":{"line":173,"column":8},"end":{"line":175,"column":9}},{"start":{"line":173,"column":8},"end":{"line":175,"column":9}}],"line":173}},"s":{"0":1,"1":1,"2":1,"3":8,"4":8,"5":8,"6":8,"7":8,"8":8,"9":1,"10":1,"11":1,"12":1,"13":0,"14":1,"15":1,"16":1,"17":1,"18":1,"19":1,"20":1,"21":1,"22":1,"23":1,"24":4,"25":1,"26":0,"27":1,"28":0,"29":1,"30":1,"31":0,"32":1,"33":1,"34":1,"35":1,"36":1,"37":0,"38":0,"39":0,"40":0,"41":0,"42":0,"43":0,"44":1,"45":1,"46":1,"47":1,"48":1,"49":1,"50":1,"51":1,"52":1,"53":1,"54":1,"55":1,"56":1,"57":1,"58":1,"59":1,"60":0,"61":0,"62":0,"63":0,"64":0,"65":0,"66":0,"67":0,"68":0,"69":0,"70":0,"71":0,"72":0,"73":0,"74":0,"75":0,"76":0,"77":0,"78":0,"79":0,"80":0,"81":0,"82":0,"83":0,"84":0,"85":0,"86":0,"87":0,"88":0,"89":0,"90":0,"91":0,"92":0,"93":0,"94":0,"95":0,"96":1,"97":1,"98":0,"99":1,"100":1},"f":{"0":1,"1":1,"2":1,"3":4,"4":1,"5":1,"6":1,"7":1,"8":1,"9":1,"10":0,"11":0,"12":0,"13":0,"14":0,"15":0,"16":0,"17":0,"18":0,"19":0,"20":0,"21":0,"22":0,"23":1,"24":0},"b":{"0":[8,8],"1":[8,0],"2":[1,0],"3":[0,1],"4":[3,1],"5":[4,4],"6":[0,1],"7":[0,1],"8":[0,1],"9":[1,0,0],"10":[0,1],"11":[1,0],"12":[1,1],"13":[1,0],"14":[1,0],"15":[0,0],"16":[1,0],"17":[0,0],"18":[0,0,0,0,0,0],"19":[0,0],"20":[0,0],"21":[0,0]},"_coverageSchema":"332fd63041d2c1bcb487cc26dd0d5f7d97098a6c","hash":"5ce45c8a08576b9f173895ba9926ca15f745c7f6","contentHash":"67bc42e09a4a4412e48c33d36168409a_11.4.1"},"/home/austin/github/job-sort/react-backend/client/src/components/SearchResults.js":{"path":"/home/austin/github/job-sort/react-backend/client/src/components/SearchResults.js","statementMap":{"0":{"start":{"line":3,"column":0},"end":{"line":5,"column":3}},"1":{"start":{"line":7,"column":19},"end":{"line":7,"column":563}},"2":{"start":{"line":7,"column":76},"end":{"line":7,"column":347}},"3":{"start":{"line":7,"column":134},"end":{"line":7,"column":142}},"4":{"start":{"line":7,"column":144},"end":{"line":7,"column":199}},"5":{"start":{"line":7,"column":200},"end":{"line":7,"column":231}},"6":{"start":{"line":7,"column":232},"end":{"line":7,"column":286}},"7":{"start":{"line":7,"column":259},"end":{"line":7,"column":286}},"8":{"start":{"line":7,"column":287},"end":{"line":7,"column":345}},"9":{"start":{"line":7,"column":350},"end":{"line":7,"column":559}},"10":{"start":{"line":7,"column":407},"end":{"line":7,"column":475}},"11":{"start":{"line":7,"column":423},"end":{"line":7,"column":475}},"12":{"start":{"line":7,"column":476},"end":{"line":7,"column":536}},"13":{"start":{"line":7,"column":493},"end":{"line":7,"column":536}},"14":{"start":{"line":7,"column":537},"end":{"line":7,"column":556}},"15":{"start":{"line":9,"column":13},"end":{"line":9,"column":29}},"16":{"start":{"line":11,"column":14},"end":{"line":11,"column":44}},"17":{"start":{"line":13,"column":18},"end":{"line":13,"column":44}},"18":{"start":{"line":15,"column":19},"end":{"line":15,"column":54}},"19":{"start":{"line":17,"column":39},"end":{"line":17,"column":93}},"20":{"start":{"line":19,"column":50},"end":{"line":19,"column":151}},"21":{"start":{"line":19,"column":92},"end":{"line":19,"column":149}},"22":{"start":{"line":21,"column":50},"end":{"line":21,"column":151}},"23":{"start":{"line":21,"column":63},"end":{"line":21,"column":149}},"24":{"start":{"line":21,"column":152},"end":{"line":21,"column":238}},"25":{"start":{"line":23,"column":43},"end":{"line":23,"column":208}},"26":{"start":{"line":23,"column":106},"end":{"line":23,"column":206}},"27":{"start":{"line":23,"column":209},"end":{"line":23,"column":373}},"28":{"start":{"line":23,"column":374},"end":{"line":23,"column":492}},"29":{"start":{"line":23,"column":390},"end":{"line":23,"column":492}},"30":{"start":{"line":25,"column":20},"end":{"line":64,"column":19}},"31":{"start":{"line":26,"column":2},"end":{"line":26,"column":39}},"32":{"start":{"line":29,"column":4},"end":{"line":29,"column":41}},"33":{"start":{"line":31,"column":4},"end":{"line":31,"column":134}},"34":{"start":{"line":34,"column":2},"end":{"line":61,"column":6}},"35":{"start":{"line":37,"column":6},"end":{"line":39,"column":7}},"36":{"start":{"line":38,"column":8},"end":{"line":38,"column":89}},"37":{"start":{"line":44,"column":19},"end":{"line":44,"column":23}},"38":{"start":{"line":46,"column":6},"end":{"line":52,"column":7}},"39":{"start":{"line":47,"column":8},"end":{"line":51,"column":10}},"40":{"start":{"line":53,"column":6},"end":{"line":59,"column":8}},"41":{"start":{"line":57,"column":10},"end":{"line":57,"column":150}},"42":{"start":{"line":63,"column":2},"end":{"line":63,"column":23}},"43":{"start":{"line":66,"column":0},"end":{"line":66,"column":32}}},"fnMap":{"0":{"name":"(anonymous_0)","decl":{"start":{"line":7,"column":19},"end":{"line":7,"column":20}},"loc":{"start":{"line":7,"column":31},"end":{"line":7,"column":561}},"line":7},"1":{"name":"defineProperties","decl":{"start":{"line":7,"column":42},"end":{"line":7,"column":58}},"loc":{"start":{"line":7,"column":74},"end":{"line":7,"column":349}},"line":7},"2":{"name":"(anonymous_2)","decl":{"start":{"line":7,"column":357},"end":{"line":7,"column":358}},"loc":{"start":{"line":7,"column":405},"end":{"line":7,"column":558}},"line":7},"3":{"name":"_interopRequireDefault","decl":{"start":{"line":17,"column":9},"end":{"line":17,"column":31}},"loc":{"start":{"line":17,"column":37},"end":{"line":17,"column":95}},"line":17},"4":{"name":"_classCallCheck","decl":{"start":{"line":19,"column":9},"end":{"line":19,"column":24}},"loc":{"start":{"line":19,"column":48},"end":{"line":19,"column":153}},"line":19},"5":{"name":"_possibleConstructorReturn","decl":{"start":{"line":21,"column":9},"end":{"line":21,"column":35}},"loc":{"start":{"line":21,"column":48},"end":{"line":21,"column":240}},"line":21},"6":{"name":"_inherits","decl":{"start":{"line":23,"column":9},"end":{"line":23,"column":18}},"loc":{"start":{"line":23,"column":41},"end":{"line":23,"column":494}},"line":23},"7":{"name":"(anonymous_7)","decl":{"start":{"line":25,"column":20},"end":{"line":25,"column":21}},"loc":{"start":{"line":25,"column":42},"end":{"line":64,"column":1}},"line":25},"8":{"name":"SearchResults","decl":{"start":{"line":28,"column":11},"end":{"line":28,"column":24}},"loc":{"start":{"line":28,"column":27},"end":{"line":32,"column":3}},"line":28},"9":{"name":"componentWillReceiveProps","decl":{"start":{"line":36,"column":20},"end":{"line":36,"column":45}},"loc":{"start":{"line":36,"column":57},"end":{"line":40,"column":5}},"line":36},"10":{"name":"render","decl":{"start":{"line":43,"column":20},"end":{"line":43,"column":26}},"loc":{"start":{"line":43,"column":29},"end":{"line":60,"column":5}},"line":43},"11":{"name":"(anonymous_11)","decl":{"start":{"line":56,"column":35},"end":{"line":56,"column":36}},"loc":{"start":{"line":56,"column":61},"end":{"line":58,"column":9}},"line":56}},"branchMap":{"0":{"loc":{"start":{"line":7,"column":168},"end":{"line":7,"column":198}},"type":"binary-expr","locations":[{"start":{"line":7,"column":168},"end":{"line":7,"column":189}},{"start":{"line":7,"column":193},"end":{"line":7,"column":198}}],"line":7},"1":{"loc":{"start":{"line":7,"column":232},"end":{"line":7,"column":286}},"type":"if","locations":[{"start":{"line":7,"column":232},"end":{"line":7,"column":286}},{"start":{"line":7,"column":232},"end":{"line":7,"column":286}}],"line":7},"2":{"loc":{"start":{"line":7,"column":407},"end":{"line":7,"column":475}},"type":"if","locations":[{"start":{"line":7,"column":407},"end":{"line":7,"column":475}},{"start":{"line":7,"column":407},"end":{"line":7,"column":475}}],"line":7},"3":{"loc":{"start":{"line":7,"column":476},"end":{"line":7,"column":536}},"type":"if","locations":[{"start":{"line":7,"column":476},"end":{"line":7,"column":536}},{"start":{"line":7,"column":476},"end":{"line":7,"column":536}}],"line":7},"4":{"loc":{"start":{"line":17,"column":46},"end":{"line":17,"column":92}},"type":"cond-expr","locations":[{"start":{"line":17,"column":70},"end":{"line":17,"column":73}},{"start":{"line":17,"column":76},"end":{"line":17,"column":92}}],"line":17},"5":{"loc":{"start":{"line":17,"column":46},"end":{"line":17,"column":67}},"type":"binary-expr","locations":[{"start":{"line":17,"column":46},"end":{"line":17,"column":49}},{"start":{"line":17,"column":53},"end":{"line":17,"column":67}}],"line":17},"6":{"loc":{"start":{"line":19,"column":50},"end":{"line":19,"column":151}},"type":"if","locations":[{"start":{"line":19,"column":50},"end":{"line":19,"column":151}},{"start":{"line":19,"column":50},"end":{"line":19,"column":151}}],"line":19},"7":{"loc":{"start":{"line":21,"column":50},"end":{"line":21,"column":151}},"type":"if","locations":[{"start":{"line":21,"column":50},"end":{"line":21,"column":151}},{"start":{"line":21,"column":50},"end":{"line":21,"column":151}}],"line":21},"8":{"loc":{"start":{"line":21,"column":159},"end":{"line":21,"column":237}},"type":"cond-expr","locations":[{"start":{"line":21,"column":226},"end":{"line":21,"column":230}},{"start":{"line":21,"column":233},"end":{"line":21,"column":237}}],"line":21},"9":{"loc":{"start":{"line":21,"column":159},"end":{"line":21,"column":223}},"type":"binary-expr","locations":[{"start":{"line":21,"column":159},"end":{"line":21,"column":163}},{"start":{"line":21,"column":168},"end":{"line":21,"column":192}},{"start":{"line":21,"column":196},"end":{"line":21,"column":222}}],"line":21},"10":{"loc":{"start":{"line":23,"column":43},"end":{"line":23,"column":208}},"type":"if","locations":[{"start":{"line":23,"column":43},"end":{"line":23,"column":208}},{"start":{"line":23,"column":43},"end":{"line":23,"column":208}}],"line":23},"11":{"loc":{"start":{"line":23,"column":47},"end":{"line":23,"column":102}},"type":"binary-expr","locations":[{"start":{"line":23,"column":47},"end":{"line":23,"column":79}},{"start":{"line":23,"column":83},"end":{"line":23,"column":102}}],"line":23},"12":{"loc":{"start":{"line":23,"column":244},"end":{"line":23,"column":278}},"type":"binary-expr","locations":[{"start":{"line":23,"column":244},"end":{"line":23,"column":254}},{"start":{"line":23,"column":258},"end":{"line":23,"column":278}}],"line":23},"13":{"loc":{"start":{"line":23,"column":374},"end":{"line":23,"column":492}},"type":"if","locations":[{"start":{"line":23,"column":374},"end":{"line":23,"column":492}},{"start":{"line":23,"column":374},"end":{"line":23,"column":492}}],"line":23},"14":{"loc":{"start":{"line":23,"column":390},"end":{"line":23,"column":491}},"type":"cond-expr","locations":[{"start":{"line":23,"column":414},"end":{"line":23,"column":457}},{"start":{"line":23,"column":460},"end":{"line":23,"column":491}}],"line":23},"15":{"loc":{"start":{"line":31,"column":45},"end":{"line":31,"column":108}},"type":"binary-expr","locations":[{"start":{"line":31,"column":45},"end":{"line":31,"column":68}},{"start":{"line":31,"column":72},"end":{"line":31,"column":108}}],"line":31},"16":{"loc":{"start":{"line":37,"column":6},"end":{"line":39,"column":7}},"type":"if","locations":[{"start":{"line":37,"column":6},"end":{"line":39,"column":7}},{"start":{"line":37,"column":6},"end":{"line":39,"column":7}}],"line":37},"17":{"loc":{"start":{"line":46,"column":6},"end":{"line":52,"column":7}},"type":"if","locations":[{"start":{"line":46,"column":6},"end":{"line":52,"column":7}},{"start":{"line":46,"column":6},"end":{"line":52,"column":7}}],"line":46}},"s":{"0":1,"1":1,"2":1,"3":2,"4":2,"5":2,"6":2,"7":2,"8":2,"9":1,"10":1,"11":1,"12":1,"13":0,"14":1,"15":1,"16":1,"17":1,"18":1,"19":2,"20":0,"21":0,"22":0,"23":0,"24":0,"25":1,"26":0,"27":1,"28":1,"29":1,"30":1,"31":1,"32":0,"33":0,"34":1,"35":0,"36":0,"37":0,"38":0,"39":0,"40":0,"41":0,"42":1,"43":1},"f":{"0":1,"1":1,"2":1,"3":2,"4":0,"5":0,"6":1,"7":1,"8":0,"9":0,"10":0,"11":0},"b":{"0":[2,2],"1":[2,0],"2":[1,0],"3":[0,1],"4":[1,1],"5":[2,2],"6":[0,0],"7":[0,0],"8":[0,0],"9":[0,0,0],"10":[0,1],"11":[1,0],"12":[1,1],"13":[1,0],"14":[1,0],"15":[0,0],"16":[0,0],"17":[0,0]},"_coverageSchema":"332fd63041d2c1bcb487cc26dd0d5f7d97098a6c","hash":"9c61d8477f33ba651cfb8584c128de93f3a85fb5","contentHash":"589ea163ece0d276ad1e858866d1a0fb_11.4.1"},"/home/austin/github/job-sort/react-backend/client/src/components/JobListing.js":{"path":"/home/austin/github/job-sort/react-backend/client/src/components/JobListing.js","statementMap":{"0":{"start":{"line":3,"column":0},"end":{"line":5,"column":3}},"1":{"start":{"line":7,"column":19},"end":{"line":7,"column":563}},"2":{"start":{"line":7,"column":76},"end":{"line":7,"column":347}},"3":{"start":{"line":7,"column":134},"end":{"line":7,"column":142}},"4":{"start":{"line":7,"column":144},"end":{"line":7,"column":199}},"5":{"start":{"line":7,"column":200},"end":{"line":7,"column":231}},"6":{"start":{"line":7,"column":232},"end":{"line":7,"column":286}},"7":{"start":{"line":7,"column":259},"end":{"line":7,"column":286}},"8":{"start":{"line":7,"column":287},"end":{"line":7,"column":345}},"9":{"start":{"line":7,"column":350},"end":{"line":7,"column":559}},"10":{"start":{"line":7,"column":407},"end":{"line":7,"column":475}},"11":{"start":{"line":7,"column":423},"end":{"line":7,"column":475}},"12":{"start":{"line":7,"column":476},"end":{"line":7,"column":536}},"13":{"start":{"line":7,"column":493},"end":{"line":7,"column":536}},"14":{"start":{"line":7,"column":537},"end":{"line":7,"column":556}},"15":{"start":{"line":9,"column":13},"end":{"line":9,"column":29}},"16":{"start":{"line":11,"column":14},"end":{"line":11,"column":44}},"17":{"start":{"line":13,"column":39},"end":{"line":13,"column":93}},"18":{"start":{"line":15,"column":50},"end":{"line":15,"column":151}},"19":{"start":{"line":15,"column":92},"end":{"line":15,"column":149}},"20":{"start":{"line":17,"column":50},"end":{"line":17,"column":151}},"21":{"start":{"line":17,"column":63},"end":{"line":17,"column":149}},"22":{"start":{"line":17,"column":152},"end":{"line":17,"column":238}},"23":{"start":{"line":19,"column":43},"end":{"line":19,"column":208}},"24":{"start":{"line":19,"column":106},"end":{"line":19,"column":206}},"25":{"start":{"line":19,"column":209},"end":{"line":19,"column":373}},"26":{"start":{"line":19,"column":374},"end":{"line":19,"column":492}},"27":{"start":{"line":19,"column":390},"end":{"line":19,"column":492}},"28":{"start":{"line":21,"column":17},"end":{"line":188,"column":19}},"29":{"start":{"line":22,"column":2},"end":{"line":22,"column":36}},"30":{"start":{"line":39,"column":2},"end":{"line":185,"column":6}},"31":{"start":{"line":42,"column":35},"end":{"line":42,"column":68}},"32":{"start":{"line":43,"column":6},"end":{"line":48,"column":7}},"33":{"start":{"line":44,"column":8},"end":{"line":44,"column":70}},"34":{"start":{"line":45,"column":8},"end":{"line":45,"column":89}},"35":{"start":{"line":47,"column":8},"end":{"line":47,"column":90}},"36":{"start":{"line":49,"column":6},"end":{"line":49,"column":73}},"37":{"start":{"line":50,"column":6},"end":{"line":50,"column":29}},"38":{"start":{"line":55,"column":19},"end":{"line":55,"column":36}},"39":{"start":{"line":56,"column":6},"end":{"line":56,"column":41}},"40":{"start":{"line":57,"column":6},"end":{"line":57,"column":75}},"41":{"start":{"line":58,"column":6},"end":{"line":58,"column":29}},"42":{"start":{"line":63,"column":27},"end":{"line":63,"column":51}},"43":{"start":{"line":64,"column":19},"end":{"line":64,"column":36}},"44":{"start":{"line":65,"column":35},"end":{"line":65,"column":68}},"45":{"start":{"line":66,"column":6},"end":{"line":83,"column":7}},"46":{"start":{"line":67,"column":8},"end":{"line":69,"column":9}},"47":{"start":{"line":68,"column":10},"end":{"line":68,"column":43}},"48":{"start":{"line":70,"column":8},"end":{"line":70,"column":69}},"49":{"start":{"line":71,"column":13},"end":{"line":83,"column":7}},"50":{"start":{"line":72,"column":8},"end":{"line":74,"column":9}},"51":{"start":{"line":73,"column":10},"end":{"line":73,"column":59}},"52":{"start":{"line":75,"column":8},"end":{"line":75,"column":89}},"53":{"start":{"line":76,"column":8},"end":{"line":76,"column":82}},"54":{"start":{"line":77,"column":13},"end":{"line":83,"column":7}},"55":{"start":{"line":78,"column":8},"end":{"line":80,"column":9}},"56":{"start":{"line":79,"column":10},"end":{"line":79,"column":58}},"57":{"start":{"line":81,"column":8},"end":{"line":81,"column":81}},"58":{"start":{"line":82,"column":8},"end":{"line":82,"column":90}},"59":{"start":{"line":88,"column":35},"end":{"line":88,"column":68}},"60":{"start":{"line":89,"column":20},"end":{"line":89,"column":38}},"61":{"start":{"line":90,"column":19},"end":{"line":90,"column":36}},"62":{"start":{"line":91,"column":18},"end":{"line":91,"column":34}},"63":{"start":{"line":92,"column":17},"end":{"line":92,"column":23}},"64":{"start":{"line":93,"column":6},"end":{"line":100,"column":7}},"65":{"start":{"line":95,"column":8},"end":{"line":95,"column":116}},"66":{"start":{"line":97,"column":8},"end":{"line":97,"column":53}},"67":{"start":{"line":98,"column":8},"end":{"line":98,"column":52}},"68":{"start":{"line":99,"column":8},"end":{"line":99,"column":34}},"69":{"start":{"line":101,"column":19},"end":{"line":101,"column":25}},"70":{"start":{"line":102,"column":6},"end":{"line":120,"column":7}},"71":{"start":{"line":103,"column":8},"end":{"line":107,"column":10}},"72":{"start":{"line":108,"column":13},"end":{"line":120,"column":7}},"73":{"start":{"line":109,"column":8},"end":{"line":113,"column":10}},"74":{"start":{"line":114,"column":13},"end":{"line":120,"column":7}},"75":{"start":{"line":115,"column":8},"end":{"line":119,"column":10}},"76":{"start":{"line":121,"column":6},"end":{"line":123,"column":7}},"77":{"start":{"line":122,"column":8},"end":{"line":122,"column":20}},"78":{"start":{"line":124,"column":6},"end":{"line":183,"column":8}},"79":{"start":{"line":187,"column":2},"end":{"line":187,"column":20}},"80":{"start":{"line":190,"column":0},"end":{"line":190,"column":29}}},"fnMap":{"0":{"name":"(anonymous_0)","decl":{"start":{"line":7,"column":19},"end":{"line":7,"column":20}},"loc":{"start":{"line":7,"column":31},"end":{"line":7,"column":561}},"line":7},"1":{"name":"defineProperties","decl":{"start":{"line":7,"column":42},"end":{"line":7,"column":58}},"loc":{"start":{"line":7,"column":74},"end":{"line":7,"column":349}},"line":7},"2":{"name":"(anonymous_2)","decl":{"start":{"line":7,"column":357},"end":{"line":7,"column":358}},"loc":{"start":{"line":7,"column":405},"end":{"line":7,"column":558}},"line":7},"3":{"name":"_interopRequireDefault","decl":{"start":{"line":13,"column":9},"end":{"line":13,"column":31}},"loc":{"start":{"line":13,"column":37},"end":{"line":13,"column":95}},"line":13},"4":{"name":"_classCallCheck","decl":{"start":{"line":15,"column":9},"end":{"line":15,"column":24}},"loc":{"start":{"line":15,"column":48},"end":{"line":15,"column":153}},"line":15},"5":{"name":"_possibleConstructorReturn","decl":{"start":{"line":17,"column":9},"end":{"line":17,"column":35}},"loc":{"start":{"line":17,"column":48},"end":{"line":17,"column":240}},"line":17},"6":{"name":"_inherits","decl":{"start":{"line":19,"column":9},"end":{"line":19,"column":18}},"loc":{"start":{"line":19,"column":41},"end":{"line":19,"column":494}},"line":19},"7":{"name":"(anonymous_7)","decl":{"start":{"line":21,"column":17},"end":{"line":21,"column":18}},"loc":{"start":{"line":21,"column":39},"end":{"line":188,"column":1}},"line":21},"8":{"name":"handleDescriptionLengthToggle","decl":{"start":{"line":41,"column":20},"end":{"line":41,"column":49}},"loc":{"start":{"line":41,"column":57},"end":{"line":51,"column":5}},"line":41},"9":{"name":"handleHideClick","decl":{"start":{"line":54,"column":20},"end":{"line":54,"column":35}},"loc":{"start":{"line":54,"column":43},"end":{"line":59,"column":5}},"line":54},"10":{"name":"componentWillReceiveProps","decl":{"start":{"line":62,"column":20},"end":{"line":62,"column":45}},"loc":{"start":{"line":62,"column":57},"end":{"line":84,"column":5}},"line":62},"11":{"name":"render","decl":{"start":{"line":87,"column":20},"end":{"line":87,"column":26}},"loc":{"start":{"line":87,"column":29},"end":{"line":184,"column":5}},"line":87}},"branchMap":{"0":{"loc":{"start":{"line":7,"column":168},"end":{"line":7,"column":198}},"type":"binary-expr","locations":[{"start":{"line":7,"column":168},"end":{"line":7,"column":189}},{"start":{"line":7,"column":193},"end":{"line":7,"column":198}}],"line":7},"1":{"loc":{"start":{"line":7,"column":232},"end":{"line":7,"column":286}},"type":"if","locations":[{"start":{"line":7,"column":232},"end":{"line":7,"column":286}},{"start":{"line":7,"column":232},"end":{"line":7,"column":286}}],"line":7},"2":{"loc":{"start":{"line":7,"column":407},"end":{"line":7,"column":475}},"type":"if","locations":[{"start":{"line":7,"column":407},"end":{"line":7,"column":475}},{"start":{"line":7,"column":407},"end":{"line":7,"column":475}}],"line":7},"3":{"loc":{"start":{"line":7,"column":476},"end":{"line":7,"column":536}},"type":"if","locations":[{"start":{"line":7,"column":476},"end":{"line":7,"column":536}},{"start":{"line":7,"column":476},"end":{"line":7,"column":536}}],"line":7},"4":{"loc":{"start":{"line":13,"column":46},"end":{"line":13,"column":92}},"type":"cond-expr","locations":[{"start":{"line":13,"column":70},"end":{"line":13,"column":73}},{"start":{"line":13,"column":76},"end":{"line":13,"column":92}}],"line":13},"5":{"loc":{"start":{"line":13,"column":46},"end":{"line":13,"column":67}},"type":"binary-expr","locations":[{"start":{"line":13,"column":46},"end":{"line":13,"column":49}},{"start":{"line":13,"column":53},"end":{"line":13,"column":67}}],"line":13},"6":{"loc":{"start":{"line":15,"column":50},"end":{"line":15,"column":151}},"type":"if","locations":[{"start":{"line":15,"column":50},"end":{"line":15,"column":151}},{"start":{"line":15,"column":50},"end":{"line":15,"column":151}}],"line":15},"7":{"loc":{"start":{"line":17,"column":50},"end":{"line":17,"column":151}},"type":"if","locations":[{"start":{"line":17,"column":50},"end":{"line":17,"column":151}},{"start":{"line":17,"column":50},"end":{"line":17,"column":151}}],"line":17},"8":{"loc":{"start":{"line":17,"column":159},"end":{"line":17,"column":237}},"type":"cond-expr","locations":[{"start":{"line":17,"column":226},"end":{"line":17,"column":230}},{"start":{"line":17,"column":233},"end":{"line":17,"column":237}}],"line":17},"9":{"loc":{"start":{"line":17,"column":159},"end":{"line":17,"column":223}},"type":"binary-expr","locations":[{"start":{"line":17,"column":159},"end":{"line":17,"column":163}},{"start":{"line":17,"column":168},"end":{"line":17,"column":192}},{"start":{"line":17,"column":196},"end":{"line":17,"column":222}}],"line":17},"10":{"loc":{"start":{"line":19,"column":43},"end":{"line":19,"column":208}},"type":"if","locations":[{"start":{"line":19,"column":43},"end":{"line":19,"column":208}},{"start":{"line":19,"column":43},"end":{"line":19,"column":208}}],"line":19},"11":{"loc":{"start":{"line":19,"column":47},"end":{"line":19,"column":102}},"type":"binary-expr","locations":[{"start":{"line":19,"column":47},"end":{"line":19,"column":79}},{"start":{"line":19,"column":83},"end":{"line":19,"column":102}}],"line":19},"12":{"loc":{"start":{"line":19,"column":244},"end":{"line":19,"column":278}},"type":"binary-expr","locations":[{"start":{"line":19,"column":244},"end":{"line":19,"column":254}},{"start":{"line":19,"column":258},"end":{"line":19,"column":278}}],"line":19},"13":{"loc":{"start":{"line":19,"column":374},"end":{"line":19,"column":492}},"type":"if","locations":[{"start":{"line":19,"column":374},"end":{"line":19,"column":492}},{"start":{"line":19,"column":374},"end":{"line":19,"column":492}}],"line":19},"14":{"loc":{"start":{"line":19,"column":390},"end":{"line":19,"column":491}},"type":"cond-expr","locations":[{"start":{"line":19,"column":414},"end":{"line":19,"column":457}},{"start":{"line":19,"column":460},"end":{"line":19,"column":491}}],"line":19},"15":{"loc":{"start":{"line":43,"column":6},"end":{"line":48,"column":7}},"type":"if","locations":[{"start":{"line":43,"column":6},"end":{"line":48,"column":7}},{"start":{"line":43,"column":6},"end":{"line":48,"column":7}}],"line":43},"16":{"loc":{"start":{"line":66,"column":6},"end":{"line":83,"column":7}},"type":"if","locations":[{"start":{"line":66,"column":6},"end":{"line":83,"column":7}},{"start":{"line":66,"column":6},"end":{"line":83,"column":7}}],"line":66},"17":{"loc":{"start":{"line":67,"column":8},"end":{"line":69,"column":9}},"type":"if","locations":[{"start":{"line":67,"column":8},"end":{"line":69,"column":9}},{"start":{"line":67,"column":8},"end":{"line":69,"column":9}}],"line":67},"18":{"loc":{"start":{"line":71,"column":13},"end":{"line":83,"column":7}},"type":"if","locations":[{"start":{"line":71,"column":13},"end":{"line":83,"column":7}},{"start":{"line":71,"column":13},"end":{"line":83,"column":7}}],"line":71},"19":{"loc":{"start":{"line":72,"column":8},"end":{"line":74,"column":9}},"type":"if","locations":[{"start":{"line":72,"column":8},"end":{"line":74,"column":9}},{"start":{"line":72,"column":8},"end":{"line":74,"column":9}}],"line":72},"20":{"loc":{"start":{"line":77,"column":13},"end":{"line":83,"column":7}},"type":"if","locations":[{"start":{"line":77,"column":13},"end":{"line":83,"column":7}},{"start":{"line":77,"column":13},"end":{"line":83,"column":7}}],"line":77},"21":{"loc":{"start":{"line":78,"column":8},"end":{"line":80,"column":9}},"type":"if","locations":[{"start":{"line":78,"column":8},"end":{"line":80,"column":9}},{"start":{"line":78,"column":8},"end":{"line":80,"column":9}}],"line":78},"22":{"loc":{"start":{"line":93,"column":6},"end":{"line":100,"column":7}},"type":"if","locations":[{"start":{"line":93,"column":6},"end":{"line":100,"column":7}},{"start":{"line":93,"column":6},"end":{"line":100,"column":7}}],"line":93},"23":{"loc":{"start":{"line":102,"column":6},"end":{"line":120,"column":7}},"type":"if","locations":[{"start":{"line":102,"column":6},"end":{"line":120,"column":7}},{"start":{"line":102,"column":6},"end":{"line":120,"column":7}}],"line":102},"24":{"loc":{"start":{"line":108,"column":13},"end":{"line":120,"column":7}},"type":"if","locations":[{"start":{"line":108,"column":13},"end":{"line":120,"column":7}},{"start":{"line":108,"column":13},"end":{"line":120,"column":7}}],"line":108},"25":{"loc":{"start":{"line":114,"column":13},"end":{"line":120,"column":7}},"type":"if","locations":[{"start":{"line":114,"column":13},"end":{"line":120,"column":7}},{"start":{"line":114,"column":13},"end":{"line":120,"column":7}}],"line":114},"26":{"loc":{"start":{"line":121,"column":6},"end":{"line":123,"column":7}},"type":"if","locations":[{"start":{"line":121,"column":6},"end":{"line":123,"column":7}},{"start":{"line":121,"column":6},"end":{"line":123,"column":7}}],"line":121},"27":{"loc":{"start":{"line":133,"column":8},"end":{"line":145,"column":9}},"type":"cond-expr","locations":[{"start":{"line":133,"column":22},"end":{"line":141,"column":9}},{"start":{"line":141,"column":12},"end":{"line":145,"column":9}}],"line":133},"28":{"loc":{"start":{"line":180,"column":12},"end":{"line":180,"column":52}},"type":"cond-expr","locations":[{"start":{"line":180,"column":37},"end":{"line":180,"column":43}},{"start":{"line":180,"column":46},"end":{"line":180,"column":52}}],"line":180}},"s":{"0":1,"1":1,"2":1,"3":4,"4":4,"5":4,"6":4,"7":4,"8":4,"9":1,"10":1,"11":1,"12":1,"13":0,"14":1,"15":1,"16":1,"17":1,"18":0,"19":0,"20":0,"21":0,"22":0,"23":1,"24":0,"25":1,"26":1,"27":1,"28":1,"29":1,"30":1,"31":0,"32":0,"33":0,"34":0,"35":0,"36":0,"37":0,"38":0,"39":0,"40":0,"41":0,"42":0,"43":0,"44":0,"45":0,"46":0,"47":0,"48":0,"49":0,"50":0,"51":0,"52":0,"53":0,"54":0,"55":0,"56":0,"57":0,"58":0,"59":0,"60":0,"61":0,"62":0,"63":0,"64":0,"65":0,"66":0,"67":0,"68":0,"69":0,"70":0,"71":0,"72":0,"73":0,"74":0,"75":0,"76":0,"77":0,"78":0,"79":1,"80":1},"f":{"0":1,"1":1,"2":1,"3":1,"4":0,"5":0,"6":1,"7":1,"8":0,"9":0,"10":0,"11":0},"b":{"0":[4,4],"1":[4,0],"2":[1,0],"3":[0,1],"4":[0,1],"5":[1,1],"6":[0,0],"7":[0,0],"8":[0,0],"9":[0,0,0],"10":[0,1],"11":[1,0],"12":[1,1],"13":[1,0],"14":[1,0],"15":[0,0],"16":[0,0],"17":[0,0],"18":[0,0],"19":[0,0],"20":[0,0],"21":[0,0],"22":[0,0],"23":[0,0],"24":[0,0],"25":[0,0],"26":[0,0],"27":[0,0],"28":[0,0]},"_coverageSchema":"332fd63041d2c1bcb487cc26dd0d5f7d97098a6c","hash":"7f0bac644eafe8244034eb2af27f365c098f401e","contentHash":"9913b63bd292cb6452bd2305f3450b32_11.4.1"},"/home/austin/github/job-sort/react-backend/client/src/components/Loader.js":{"path":"/home/austin/github/job-sort/react-backend/client/src/components/Loader.js","statementMap":{"0":{"start":{"line":3,"column":0},"end":{"line":5,"column":3}},"1":{"start":{"line":7,"column":19},"end":{"line":7,"column":563}},"2":{"start":{"line":7,"column":76},"end":{"line":7,"column":347}},"3":{"start":{"line":7,"column":134},"end":{"line":7,"column":142}},"4":{"start":{"line":7,"column":144},"end":{"line":7,"column":199}},"5":{"start":{"line":7,"column":200},"end":{"line":7,"column":231}},"6":{"start":{"line":7,"column":232},"end":{"line":7,"column":286}},"7":{"start":{"line":7,"column":259},"end":{"line":7,"column":286}},"8":{"start":{"line":7,"column":287},"end":{"line":7,"column":345}},"9":{"start":{"line":7,"column":350},"end":{"line":7,"column":559}},"10":{"start":{"line":7,"column":407},"end":{"line":7,"column":475}},"11":{"start":{"line":7,"column":423},"end":{"line":7,"column":475}},"12":{"start":{"line":7,"column":476},"end":{"line":7,"column":536}},"13":{"start":{"line":7,"column":493},"end":{"line":7,"column":536}},"14":{"start":{"line":7,"column":537},"end":{"line":7,"column":556}},"15":{"start":{"line":9,"column":13},"end":{"line":9,"column":29}},"16":{"start":{"line":11,"column":14},"end":{"line":11,"column":44}},"17":{"start":{"line":13,"column":39},"end":{"line":13,"column":93}},"18":{"start":{"line":15,"column":50},"end":{"line":15,"column":151}},"19":{"start":{"line":15,"column":92},"end":{"line":15,"column":149}},"20":{"start":{"line":17,"column":50},"end":{"line":17,"column":151}},"21":{"start":{"line":17,"column":63},"end":{"line":17,"column":149}},"22":{"start":{"line":17,"column":152},"end":{"line":17,"column":238}},"23":{"start":{"line":19,"column":43},"end":{"line":19,"column":208}},"24":{"start":{"line":19,"column":106},"end":{"line":19,"column":206}},"25":{"start":{"line":19,"column":209},"end":{"line":19,"column":373}},"26":{"start":{"line":19,"column":374},"end":{"line":19,"column":492}},"27":{"start":{"line":19,"column":390},"end":{"line":19,"column":492}},"28":{"start":{"line":21,"column":13},"end":{"line":90,"column":19}},"29":{"start":{"line":22,"column":2},"end":{"line":22,"column":32}},"30":{"start":{"line":37,"column":2},"end":{"line":87,"column":6}},"31":{"start":{"line":40,"column":25},"end":{"line":40,"column":48}},"32":{"start":{"line":41,"column":6},"end":{"line":43,"column":7}},"33":{"start":{"line":42,"column":8},"end":{"line":42,"column":30}},"34":{"start":{"line":48,"column":19},"end":{"line":48,"column":23}},"35":{"start":{"line":50,"column":23},"end":{"line":50,"column":43}},"36":{"start":{"line":51,"column":6},"end":{"line":71,"column":7}},"37":{"start":{"line":52,"column":8},"end":{"line":65,"column":9}},"38":{"start":{"line":53,"column":10},"end":{"line":53,"column":48}},"39":{"start":{"line":54,"column":31},"end":{"line":54,"column":51}},"40":{"start":{"line":55,"column":34},"end":{"line":55,"column":36}},"41":{"start":{"line":56,"column":27},"end":{"line":63,"column":11}},"42":{"start":{"line":57,"column":12},"end":{"line":60,"column":13}},"43":{"start":{"line":58,"column":14},"end":{"line":58,"column":37}},"44":{"start":{"line":59,"column":14},"end":{"line":59,"column":52}},"45":{"start":{"line":61,"column":12},"end":{"line":61,"column":81}},"46":{"start":{"line":62,"column":12},"end":{"line":62,"column":70}},"47":{"start":{"line":64,"column":10},"end":{"line":64,"column":67}},"48":{"start":{"line":67,"column":8},"end":{"line":70,"column":9}},"49":{"start":{"line":68,"column":10},"end":{"line":68,"column":52}},"50":{"start":{"line":69,"column":10},"end":{"line":69,"column":49}},"51":{"start":{"line":76,"column":19},"end":{"line":76,"column":23}},"52":{"start":{"line":78,"column":30},"end":{"line":78,"column":58}},"53":{"start":{"line":79,"column":25},"end":{"line":79,"column":48}},"54":{"start":{"line":80,"column":6},"end":{"line":84,"column":7}},"55":{"start":{"line":81,"column":8},"end":{"line":83,"column":15}},"56":{"start":{"line":82,"column":12},"end":{"line":82,"column":36}},"57":{"start":{"line":85,"column":6},"end":{"line":85,"column":18}},"58":{"start":{"line":89,"column":2},"end":{"line":89,"column":16}},"59":{"start":{"line":92,"column":0},"end":{"line":92,"column":25}}},"fnMap":{"0":{"name":"(anonymous_0)","decl":{"start":{"line":7,"column":19},"end":{"line":7,"column":20}},"loc":{"start":{"line":7,"column":31},"end":{"line":7,"column":561}},"line":7},"1":{"name":"defineProperties","decl":{"start":{"line":7,"column":42},"end":{"line":7,"column":58}},"loc":{"start":{"line":7,"column":74},"end":{"line":7,"column":349}},"line":7},"2":{"name":"(anonymous_2)","decl":{"start":{"line":7,"column":357},"end":{"line":7,"column":358}},"loc":{"start":{"line":7,"column":405},"end":{"line":7,"column":558}},"line":7},"3":{"name":"_interopRequireDefault","decl":{"start":{"line":13,"column":9},"end":{"line":13,"column":31}},"loc":{"start":{"line":13,"column":37},"end":{"line":13,"column":95}},"line":13},"4":{"name":"_classCallCheck","decl":{"start":{"line":15,"column":9},"end":{"line":15,"column":24}},"loc":{"start":{"line":15,"column":48},"end":{"line":15,"column":153}},"line":15},"5":{"name":"_possibleConstructorReturn","decl":{"start":{"line":17,"column":9},"end":{"line":17,"column":35}},"loc":{"start":{"line":17,"column":48},"end":{"line":17,"column":240}},"line":17},"6":{"name":"_inherits","decl":{"start":{"line":19,"column":9},"end":{"line":19,"column":18}},"loc":{"start":{"line":19,"column":41},"end":{"line":19,"column":494}},"line":19},"7":{"name":"(anonymous_7)","decl":{"start":{"line":21,"column":13},"end":{"line":21,"column":14}},"loc":{"start":{"line":21,"column":35},"end":{"line":90,"column":1}},"line":21},"8":{"name":"componentDidUpdate","decl":{"start":{"line":39,"column":20},"end":{"line":39,"column":38}},"loc":{"start":{"line":39,"column":41},"end":{"line":44,"column":5}},"line":39},"9":{"name":"componentWillReceiveProps","decl":{"start":{"line":47,"column":20},"end":{"line":47,"column":45}},"loc":{"start":{"line":47,"column":57},"end":{"line":72,"column":5}},"line":47},"10":{"name":"intervalFn","decl":{"start":{"line":56,"column":36},"end":{"line":56,"column":46}},"loc":{"start":{"line":56,"column":49},"end":{"line":63,"column":11}},"line":56},"11":{"name":"render","decl":{"start":{"line":75,"column":20},"end":{"line":75,"column":26}},"loc":{"start":{"line":75,"column":29},"end":{"line":86,"column":5}},"line":75},"12":{"name":"ref","decl":{"start":{"line":81,"column":153},"end":{"line":81,"column":156}},"loc":{"start":{"line":81,"column":164},"end":{"line":83,"column":11}},"line":81}},"branchMap":{"0":{"loc":{"start":{"line":7,"column":168},"end":{"line":7,"column":198}},"type":"binary-expr","locations":[{"start":{"line":7,"column":168},"end":{"line":7,"column":189}},{"start":{"line":7,"column":193},"end":{"line":7,"column":198}}],"line":7},"1":{"loc":{"start":{"line":7,"column":232},"end":{"line":7,"column":286}},"type":"if","locations":[{"start":{"line":7,"column":232},"end":{"line":7,"column":286}},{"start":{"line":7,"column":232},"end":{"line":7,"column":286}}],"line":7},"2":{"loc":{"start":{"line":7,"column":407},"end":{"line":7,"column":475}},"type":"if","locations":[{"start":{"line":7,"column":407},"end":{"line":7,"column":475}},{"start":{"line":7,"column":407},"end":{"line":7,"column":475}}],"line":7},"3":{"loc":{"start":{"line":7,"column":476},"end":{"line":7,"column":536}},"type":"if","locations":[{"start":{"line":7,"column":476},"end":{"line":7,"column":536}},{"start":{"line":7,"column":476},"end":{"line":7,"column":536}}],"line":7},"4":{"loc":{"start":{"line":13,"column":46},"end":{"line":13,"column":92}},"type":"cond-expr","locations":[{"start":{"line":13,"column":70},"end":{"line":13,"column":73}},{"start":{"line":13,"column":76},"end":{"line":13,"column":92}}],"line":13},"5":{"loc":{"start":{"line":13,"column":46},"end":{"line":13,"column":67}},"type":"binary-expr","locations":[{"start":{"line":13,"column":46},"end":{"line":13,"column":49}},{"start":{"line":13,"column":53},"end":{"line":13,"column":67}}],"line":13},"6":{"loc":{"start":{"line":15,"column":50},"end":{"line":15,"column":151}},"type":"if","locations":[{"start":{"line":15,"column":50},"end":{"line":15,"column":151}},{"start":{"line":15,"column":50},"end":{"line":15,"column":151}}],"line":15},"7":{"loc":{"start":{"line":17,"column":50},"end":{"line":17,"column":151}},"type":"if","locations":[{"start":{"line":17,"column":50},"end":{"line":17,"column":151}},{"start":{"line":17,"column":50},"end":{"line":17,"column":151}}],"line":17},"8":{"loc":{"start":{"line":17,"column":159},"end":{"line":17,"column":237}},"type":"cond-expr","locations":[{"start":{"line":17,"column":226},"end":{"line":17,"column":230}},{"start":{"line":17,"column":233},"end":{"line":17,"column":237}}],"line":17},"9":{"loc":{"start":{"line":17,"column":159},"end":{"line":17,"column":223}},"type":"binary-expr","locations":[{"start":{"line":17,"column":159},"end":{"line":17,"column":163}},{"start":{"line":17,"column":168},"end":{"line":17,"column":192}},{"start":{"line":17,"column":196},"end":{"line":17,"column":222}}],"line":17},"10":{"loc":{"start":{"line":19,"column":43},"end":{"line":19,"column":208}},"type":"if","locations":[{"start":{"line":19,"column":43},"end":{"line":19,"column":208}},{"start":{"line":19,"column":43},"end":{"line":19,"column":208}}],"line":19},"11":{"loc":{"start":{"line":19,"column":47},"end":{"line":19,"column":102}},"type":"binary-expr","locations":[{"start":{"line":19,"column":47},"end":{"line":19,"column":79}},{"start":{"line":19,"column":83},"end":{"line":19,"column":102}}],"line":19},"12":{"loc":{"start":{"line":19,"column":244},"end":{"line":19,"column":278}},"type":"binary-expr","locations":[{"start":{"line":19,"column":244},"end":{"line":19,"column":254}},{"start":{"line":19,"column":258},"end":{"line":19,"column":278}}],"line":19},"13":{"loc":{"start":{"line":19,"column":374},"end":{"line":19,"column":492}},"type":"if","locations":[{"start":{"line":19,"column":374},"end":{"line":19,"column":492}},{"start":{"line":19,"column":374},"end":{"line":19,"column":492}}],"line":19},"14":{"loc":{"start":{"line":19,"column":390},"end":{"line":19,"column":491}},"type":"cond-expr","locations":[{"start":{"line":19,"column":414},"end":{"line":19,"column":457}},{"start":{"line":19,"column":460},"end":{"line":19,"column":491}}],"line":19},"15":{"loc":{"start":{"line":41,"column":6},"end":{"line":43,"column":7}},"type":"if","locations":[{"start":{"line":41,"column":6},"end":{"line":43,"column":7}},{"start":{"line":41,"column":6},"end":{"line":43,"column":7}}],"line":41},"16":{"loc":{"start":{"line":51,"column":6},"end":{"line":71,"column":7}},"type":"if","locations":[{"start":{"line":51,"column":6},"end":{"line":71,"column":7}},{"start":{"line":51,"column":6},"end":{"line":71,"column":7}}],"line":51},"17":{"loc":{"start":{"line":52,"column":8},"end":{"line":65,"column":9}},"type":"if","locations":[{"start":{"line":52,"column":8},"end":{"line":65,"column":9}},{"start":{"line":52,"column":8},"end":{"line":65,"column":9}}],"line":52},"18":{"loc":{"start":{"line":57,"column":12},"end":{"line":60,"column":13}},"type":"if","locations":[{"start":{"line":57,"column":12},"end":{"line":60,"column":13}},{"start":{"line":57,"column":12},"end":{"line":60,"column":13}}],"line":57},"19":{"loc":{"start":{"line":67,"column":8},"end":{"line":70,"column":9}},"type":"if","locations":[{"start":{"line":67,"column":8},"end":{"line":70,"column":9}},{"start":{"line":67,"column":8},"end":{"line":70,"column":9}}],"line":67},"20":{"loc":{"start":{"line":80,"column":6},"end":{"line":84,"column":7}},"type":"if","locations":[{"start":{"line":80,"column":6},"end":{"line":84,"column":7}},{"start":{"line":80,"column":6},"end":{"line":84,"column":7}}],"line":80}},"s":{"0":1,"1":1,"2":1,"3":3,"4":3,"5":3,"6":3,"7":3,"8":3,"9":1,"10":1,"11":1,"12":1,"13":0,"14":1,"15":1,"16":1,"17":1,"18":0,"19":0,"20":0,"21":0,"22":0,"23":1,"24":0,"25":1,"26":1,"27":1,"28":1,"29":1,"30":1,"31":0,"32":0,"33":0,"34":0,"35":0,"36":0,"37":0,"38":0,"39":0,"40":0,"41":0,"42":0,"43":0,"44":0,"45":0,"46":0,"47":0,"48":0,"49":0,"50":0,"51":0,"52":0,"53":0,"54":0,"55":0,"56":0,"57":0,"58":1,"59":1},"f":{"0":1,"1":1,"2":1,"3":1,"4":0,"5":0,"6":1,"7":1,"8":0,"9":0,"10":0,"11":0,"12":0},"b":{"0":[3,3],"1":[3,0],"2":[1,0],"3":[0,1],"4":[0,1],"5":[1,1],"6":[0,0],"7":[0,0],"8":[0,0],"9":[0,0,0],"10":[0,1],"11":[1,0],"12":[1,1],"13":[1,0],"14":[1,0],"15":[0,0],"16":[0,0],"17":[0,0],"18":[0,0],"19":[0,0],"20":[0,0]},"_coverageSchema":"332fd63041d2c1bcb487cc26dd0d5f7d97098a6c","hash":"94c361b3bd403b01bc502154a11447355cacbf1f","contentHash":"f6df8b7bc6fbf5c75dfa445f7dea6768_11.4.1"},"/home/austin/github/job-sort/react-backend/client/src/components/UserInput.js":{"path":"/home/austin/github/job-sort/react-backend/client/src/components/UserInput.js","statementMap":{"0":{"start":{"line":3,"column":0},"end":{"line":5,"column":3}},"1":{"start":{"line":7,"column":19},"end":{"line":7,"column":563}},"2":{"start":{"line":7,"column":76},"end":{"line":7,"column":347}},"3":{"start":{"line":7,"column":134},"end":{"line":7,"column":142}},"4":{"start":{"line":7,"column":144},"end":{"line":7,"column":199}},"5":{"start":{"line":7,"column":200},"end":{"line":7,"column":231}},"6":{"start":{"line":7,"column":232},"end":{"line":7,"column":286}},"7":{"start":{"line":7,"column":259},"end":{"line":7,"column":286}},"8":{"start":{"line":7,"column":287},"end":{"line":7,"column":345}},"9":{"start":{"line":7,"column":350},"end":{"line":7,"column":559}},"10":{"start":{"line":7,"column":407},"end":{"line":7,"column":475}},"11":{"start":{"line":7,"column":423},"end":{"line":7,"column":475}},"12":{"start":{"line":7,"column":476},"end":{"line":7,"column":536}},"13":{"start":{"line":7,"column":493},"end":{"line":7,"column":536}},"14":{"start":{"line":7,"column":537},"end":{"line":7,"column":556}},"15":{"start":{"line":9,"column":13},"end":{"line":9,"column":29}},"16":{"start":{"line":11,"column":14},"end":{"line":11,"column":44}},"17":{"start":{"line":13,"column":24},"end":{"line":13,"column":56}},"18":{"start":{"line":15,"column":25},"end":{"line":15,"column":66}},"19":{"start":{"line":17,"column":18},"end":{"line":17,"column":44}},"20":{"start":{"line":19,"column":19},"end":{"line":19,"column":54}},"21":{"start":{"line":21,"column":25},"end":{"line":21,"column":58}},"22":{"start":{"line":23,"column":26},"end":{"line":23,"column":68}},"23":{"start":{"line":25,"column":39},"end":{"line":25,"column":93}},"24":{"start":{"line":27,"column":50},"end":{"line":27,"column":151}},"25":{"start":{"line":27,"column":92},"end":{"line":27,"column":149}},"26":{"start":{"line":29,"column":50},"end":{"line":29,"column":151}},"27":{"start":{"line":29,"column":63},"end":{"line":29,"column":149}},"28":{"start":{"line":29,"column":152},"end":{"line":29,"column":238}},"29":{"start":{"line":31,"column":43},"end":{"line":31,"column":208}},"30":{"start":{"line":31,"column":106},"end":{"line":31,"column":206}},"31":{"start":{"line":31,"column":209},"end":{"line":31,"column":373}},"32":{"start":{"line":31,"column":374},"end":{"line":31,"column":492}},"33":{"start":{"line":31,"column":390},"end":{"line":31,"column":492}},"34":{"start":{"line":33,"column":16},"end":{"line":197,"column":19}},"35":{"start":{"line":34,"column":2},"end":{"line":34,"column":35}},"36":{"start":{"line":60,"column":2},"end":{"line":194,"column":6}},"37":{"start":{"line":63,"column":6},"end":{"line":63,"column":60}},"38":{"start":{"line":68,"column":6},"end":{"line":68,"column":44}},"39":{"start":{"line":73,"column":6},"end":{"line":73,"column":52}},"40":{"start":{"line":78,"column":6},"end":{"line":78,"column":42}},"41":{"start":{"line":83,"column":29},"end":{"line":83,"column":64}},"42":{"start":{"line":84,"column":6},"end":{"line":86,"column":7}},"43":{"start":{"line":85,"column":8},"end":{"line":85,"column":83}},"44":{"start":{"line":87,"column":6},"end":{"line":87,"column":29}},"45":{"start":{"line":89,"column":26},"end":{"line":95,"column":7}},"46":{"start":{"line":96,"column":6},"end":{"line":96,"column":41}},"47":{"start":{"line":101,"column":19},"end":{"line":101,"column":23}},"48":{"start":{"line":103,"column":29},"end":{"line":103,"column":56}},"49":{"start":{"line":104,"column":32},"end":{"line":104,"column":34}},"50":{"start":{"line":105,"column":31},"end":{"line":105,"column":33}},"51":{"start":{"line":106,"column":6},"end":{"line":136,"column":7}},"52":{"start":{"line":107,"column":8},"end":{"line":120,"column":11}},"53":{"start":{"line":121,"column":8},"end":{"line":135,"column":11}},"54":{"start":{"line":138,"column":6},"end":{"line":148,"column":7}},"55":{"start":{"line":139,"column":8},"end":{"line":147,"column":11}},"56":{"start":{"line":150,"column":6},"end":{"line":192,"column":8}},"57":{"start":{"line":155,"column":12},"end":{"line":155,"column":57}},"58":{"start":{"line":158,"column":12},"end":{"line":158,"column":65}},"59":{"start":{"line":163,"column":12},"end":{"line":163,"column":56}},"60":{"start":{"line":169,"column":12},"end":{"line":169,"column":67}},"61":{"start":{"line":196,"column":2},"end":{"line":196,"column":19}},"62":{"start":{"line":199,"column":0},"end":{"line":199,"column":28}}},"fnMap":{"0":{"name":"(anonymous_0)","decl":{"start":{"line":7,"column":19},"end":{"line":7,"column":20}},"loc":{"start":{"line":7,"column":31},"end":{"line":7,"column":561}},"line":7},"1":{"name":"defineProperties","decl":{"start":{"line":7,"column":42},"end":{"line":7,"column":58}},"loc":{"start":{"line":7,"column":74},"end":{"line":7,"column":349}},"line":7},"2":{"name":"(anonymous_2)","decl":{"start":{"line":7,"column":357},"end":{"line":7,"column":358}},"loc":{"start":{"line":7,"column":405},"end":{"line":7,"column":558}},"line":7},"3":{"name":"_interopRequireDefault","decl":{"start":{"line":25,"column":9},"end":{"line":25,"column":31}},"loc":{"start":{"line":25,"column":37},"end":{"line":25,"column":95}},"line":25},"4":{"name":"_classCallCheck","decl":{"start":{"line":27,"column":9},"end":{"line":27,"column":24}},"loc":{"start":{"line":27,"column":48},"end":{"line":27,"column":153}},"line":27},"5":{"name":"_possibleConstructorReturn","decl":{"start":{"line":29,"column":9},"end":{"line":29,"column":35}},"loc":{"start":{"line":29,"column":48},"end":{"line":29,"column":240}},"line":29},"6":{"name":"_inherits","decl":{"start":{"line":31,"column":9},"end":{"line":31,"column":18}},"loc":{"start":{"line":31,"column":41},"end":{"line":31,"column":494}},"line":31},"7":{"name":"(anonymous_7)","decl":{"start":{"line":33,"column":16},"end":{"line":33,"column":17}},"loc":{"start":{"line":33,"column":38},"end":{"line":197,"column":1}},"line":33},"8":{"name":"handleTechnologyChange","decl":{"start":{"line":62,"column":20},"end":{"line":62,"column":42}},"loc":{"start":{"line":62,"column":61},"end":{"line":64,"column":5}},"line":62},"9":{"name":"handleJobTitleChange","decl":{"start":{"line":67,"column":20},"end":{"line":67,"column":40}},"loc":{"start":{"line":67,"column":51},"end":{"line":69,"column":5}},"line":67},"10":{"name":"handleUserLocationChange","decl":{"start":{"line":72,"column":20},"end":{"line":72,"column":44}},"loc":{"start":{"line":72,"column":59},"end":{"line":74,"column":5}},"line":72},"11":{"name":"handleCheckboxChange","decl":{"start":{"line":77,"column":20},"end":{"line":77,"column":40}},"loc":{"start":{"line":77,"column":50},"end":{"line":79,"column":5}},"line":77},"12":{"name":"handleWeightsSubmit","decl":{"start":{"line":82,"column":20},"end":{"line":82,"column":39}},"loc":{"start":{"line":82,"column":47},"end":{"line":97,"column":5}},"line":82},"13":{"name":"render","decl":{"start":{"line":100,"column":20},"end":{"line":100,"column":26}},"loc":{"start":{"line":100,"column":29},"end":{"line":193,"column":5}},"line":100},"14":{"name":"onJobTitleChange","decl":{"start":{"line":154,"column":37},"end":{"line":154,"column":53}},"loc":{"start":{"line":154,"column":64},"end":{"line":156,"column":11}},"line":154},"15":{"name":"onUserLocationChange","decl":{"start":{"line":157,"column":41},"end":{"line":157,"column":61}},"loc":{"start":{"line":157,"column":76},"end":{"line":159,"column":11}},"line":157},"16":{"name":"onChange","decl":{"start":{"line":162,"column":29},"end":{"line":162,"column":37}},"loc":{"start":{"line":162,"column":47},"end":{"line":164,"column":11}},"line":162},"17":{"name":"onChange","decl":{"start":{"line":168,"column":29},"end":{"line":168,"column":37}},"loc":{"start":{"line":168,"column":56},"end":{"line":170,"column":11}},"line":168}},"branchMap":{"0":{"loc":{"start":{"line":7,"column":168},"end":{"line":7,"column":198}},"type":"binary-expr","locations":[{"start":{"line":7,"column":168},"end":{"line":7,"column":189}},{"start":{"line":7,"column":193},"end":{"line":7,"column":198}}],"line":7},"1":{"loc":{"start":{"line":7,"column":232},"end":{"line":7,"column":286}},"type":"if","locations":[{"start":{"line":7,"column":232},"end":{"line":7,"column":286}},{"start":{"line":7,"column":232},"end":{"line":7,"column":286}}],"line":7},"2":{"loc":{"start":{"line":7,"column":407},"end":{"line":7,"column":475}},"type":"if","locations":[{"start":{"line":7,"column":407},"end":{"line":7,"column":475}},{"start":{"line":7,"column":407},"end":{"line":7,"column":475}}],"line":7},"3":{"loc":{"start":{"line":7,"column":476},"end":{"line":7,"column":536}},"type":"if","locations":[{"start":{"line":7,"column":476},"end":{"line":7,"column":536}},{"start":{"line":7,"column":476},"end":{"line":7,"column":536}}],"line":7},"4":{"loc":{"start":{"line":25,"column":46},"end":{"line":25,"column":92}},"type":"cond-expr","locations":[{"start":{"line":25,"column":70},"end":{"line":25,"column":73}},{"start":{"line":25,"column":76},"end":{"line":25,"column":92}}],"line":25},"5":{"loc":{"start":{"line":25,"column":46},"end":{"line":25,"column":67}},"type":"binary-expr","locations":[{"start":{"line":25,"column":46},"end":{"line":25,"column":49}},{"start":{"line":25,"column":53},"end":{"line":25,"column":67}}],"line":25},"6":{"loc":{"start":{"line":27,"column":50},"end":{"line":27,"column":151}},"type":"if","locations":[{"start":{"line":27,"column":50},"end":{"line":27,"column":151}},{"start":{"line":27,"column":50},"end":{"line":27,"column":151}}],"line":27},"7":{"loc":{"start":{"line":29,"column":50},"end":{"line":29,"column":151}},"type":"if","locations":[{"start":{"line":29,"column":50},"end":{"line":29,"column":151}},{"start":{"line":29,"column":50},"end":{"line":29,"column":151}}],"line":29},"8":{"loc":{"start":{"line":29,"column":159},"end":{"line":29,"column":237}},"type":"cond-expr","locations":[{"start":{"line":29,"column":226},"end":{"line":29,"column":230}},{"start":{"line":29,"column":233},"end":{"line":29,"column":237}}],"line":29},"9":{"loc":{"start":{"line":29,"column":159},"end":{"line":29,"column":223}},"type":"binary-expr","locations":[{"start":{"line":29,"column":159},"end":{"line":29,"column":163}},{"start":{"line":29,"column":168},"end":{"line":29,"column":192}},{"start":{"line":29,"column":196},"end":{"line":29,"column":222}}],"line":29},"10":{"loc":{"start":{"line":31,"column":43},"end":{"line":31,"column":208}},"type":"if","locations":[{"start":{"line":31,"column":43},"end":{"line":31,"column":208}},{"start":{"line":31,"column":43},"end":{"line":31,"column":208}}],"line":31},"11":{"loc":{"start":{"line":31,"column":47},"end":{"line":31,"column":102}},"type":"binary-expr","locations":[{"start":{"line":31,"column":47},"end":{"line":31,"column":79}},{"start":{"line":31,"column":83},"end":{"line":31,"column":102}}],"line":31},"12":{"loc":{"start":{"line":31,"column":244},"end":{"line":31,"column":278}},"type":"binary-expr","locations":[{"start":{"line":31,"column":244},"end":{"line":31,"column":254}},{"start":{"line":31,"column":258},"end":{"line":31,"column":278}}],"line":31},"13":{"loc":{"start":{"line":31,"column":374},"end":{"line":31,"column":492}},"type":"if","locations":[{"start":{"line":31,"column":374},"end":{"line":31,"column":492}},{"start":{"line":31,"column":374},"end":{"line":31,"column":492}}],"line":31},"14":{"loc":{"start":{"line":31,"column":390},"end":{"line":31,"column":491}},"type":"cond-expr","locations":[{"start":{"line":31,"column":414},"end":{"line":31,"column":457}},{"start":{"line":31,"column":460},"end":{"line":31,"column":491}}],"line":31},"15":{"loc":{"start":{"line":138,"column":6},"end":{"line":148,"column":7}},"type":"if","locations":[{"start":{"line":138,"column":6},"end":{"line":148,"column":7}},{"start":{"line":138,"column":6},"end":{"line":148,"column":7}}],"line":138}},"s":{"0":1,"1":1,"2":1,"3":6,"4":6,"5":6,"6":6,"7":6,"8":6,"9":1,"10":1,"11":1,"12":1,"13":0,"14":1,"15":1,"16":1,"17":1,"18":1,"19":1,"20":1,"21":1,"22":1,"23":4,"24":0,"25":0,"26":0,"27":0,"28":0,"29":1,"30":0,"31":1,"32":1,"33":1,"34":1,"35":1,"36":1,"37":0,"38":0,"39":0,"40":0,"41":0,"42":0,"43":0,"44":0,"45":0,"46":0,"47":0,"48":0,"49":0,"50":0,"51":0,"52":0,"53":0,"54":0,"55":0,"56":0,"57":0,"58":0,"59":0,"60":0,"61":1,"62":1},"f":{"0":1,"1":1,"2":1,"3":4,"4":0,"5":0,"6":1,"7":1,"8":0,"9":0,"10":0,"11":0,"12":0,"13":0,"14":0,"15":0,"16":0,"17":0},"b":{"0":[6,6],"1":[6,0],"2":[1,0],"3":[0,1],"4":[3,1],"5":[4,4],"6":[0,0],"7":[0,0],"8":[0,0],"9":[0,0,0],"10":[0,1],"11":[1,0],"12":[1,1],"13":[1,0],"14":[1,0],"15":[0,0]},"_coverageSchema":"332fd63041d2c1bcb487cc26dd0d5f7d97098a6c","hash":"903c3a62606dbbd9c8f98ca30cfeef0be7a9c363","contentHash":"aff3ddd867d80ad2b649095e59e1557c_11.4.1"},"/home/austin/github/job-sort/react-backend/client/src/components/JobTitleLocation.js":{"path":"/home/austin/github/job-sort/react-backend/client/src/components/JobTitleLocation.js","statementMap":{"0":{"start":{"line":3,"column":0},"end":{"line":5,"column":3}},"1":{"start":{"line":7,"column":19},"end":{"line":7,"column":563}},"2":{"start":{"line":7,"column":76},"end":{"line":7,"column":347}},"3":{"start":{"line":7,"column":134},"end":{"line":7,"column":142}},"4":{"start":{"line":7,"column":144},"end":{"line":7,"column":199}},"5":{"start":{"line":7,"column":200},"end":{"line":7,"column":231}},"6":{"start":{"line":7,"column":232},"end":{"line":7,"column":286}},"7":{"start":{"line":7,"column":259},"end":{"line":7,"column":286}},"8":{"start":{"line":7,"column":287},"end":{"line":7,"column":345}},"9":{"start":{"line":7,"column":350},"end":{"line":7,"column":559}},"10":{"start":{"line":7,"column":407},"end":{"line":7,"column":475}},"11":{"start":{"line":7,"column":423},"end":{"line":7,"column":475}},"12":{"start":{"line":7,"column":476},"end":{"line":7,"column":536}},"13":{"start":{"line":7,"column":493},"end":{"line":7,"column":536}},"14":{"start":{"line":7,"column":537},"end":{"line":7,"column":556}},"15":{"start":{"line":9,"column":13},"end":{"line":9,"column":29}},"16":{"start":{"line":11,"column":14},"end":{"line":11,"column":44}},"17":{"start":{"line":13,"column":16},"end":{"line":13,"column":40}},"18":{"start":{"line":15,"column":17},"end":{"line":15,"column":50}},"19":{"start":{"line":17,"column":20},"end":{"line":17,"column":48}},"20":{"start":{"line":19,"column":21},"end":{"line":19,"column":58}},"21":{"start":{"line":21,"column":39},"end":{"line":21,"column":93}},"22":{"start":{"line":23,"column":50},"end":{"line":23,"column":151}},"23":{"start":{"line":23,"column":92},"end":{"line":23,"column":149}},"24":{"start":{"line":25,"column":50},"end":{"line":25,"column":151}},"25":{"start":{"line":25,"column":63},"end":{"line":25,"column":149}},"26":{"start":{"line":25,"column":152},"end":{"line":25,"column":238}},"27":{"start":{"line":27,"column":43},"end":{"line":27,"column":208}},"28":{"start":{"line":27,"column":106},"end":{"line":27,"column":206}},"29":{"start":{"line":27,"column":209},"end":{"line":27,"column":373}},"30":{"start":{"line":27,"column":374},"end":{"line":27,"column":492}},"31":{"start":{"line":27,"column":390},"end":{"line":27,"column":492}},"32":{"start":{"line":29,"column":23},"end":{"line":85,"column":19}},"33":{"start":{"line":30,"column":2},"end":{"line":30,"column":42}},"34":{"start":{"line":43,"column":2},"end":{"line":82,"column":6}},"35":{"start":{"line":46,"column":6},"end":{"line":46,"column":52}},"36":{"start":{"line":51,"column":6},"end":{"line":51,"column":44}},"37":{"start":{"line":56,"column":19},"end":{"line":56,"column":23}},"38":{"start":{"line":58,"column":6},"end":{"line":80,"column":8}},"39":{"start":{"line":73,"column":16},"end":{"line":73,"column":61}},"40":{"start":{"line":76,"column":16},"end":{"line":76,"column":69}},"41":{"start":{"line":84,"column":2},"end":{"line":84,"column":26}},"42":{"start":{"line":87,"column":0},"end":{"line":87,"column":35}}},"fnMap":{"0":{"name":"(anonymous_0)","decl":{"start":{"line":7,"column":19},"end":{"line":7,"column":20}},"loc":{"start":{"line":7,"column":31},"end":{"line":7,"column":561}},"line":7},"1":{"name":"defineProperties","decl":{"start":{"line":7,"column":42},"end":{"line":7,"column":58}},"loc":{"start":{"line":7,"column":74},"end":{"line":7,"column":349}},"line":7},"2":{"name":"(anonymous_2)","decl":{"start":{"line":7,"column":357},"end":{"line":7,"column":358}},"loc":{"start":{"line":7,"column":405},"end":{"line":7,"column":558}},"line":7},"3":{"name":"_interopRequireDefault","decl":{"start":{"line":21,"column":9},"end":{"line":21,"column":31}},"loc":{"start":{"line":21,"column":37},"end":{"line":21,"column":95}},"line":21},"4":{"name":"_classCallCheck","decl":{"start":{"line":23,"column":9},"end":{"line":23,"column":24}},"loc":{"start":{"line":23,"column":48},"end":{"line":23,"column":153}},"line":23},"5":{"name":"_possibleConstructorReturn","decl":{"start":{"line":25,"column":9},"end":{"line":25,"column":35}},"loc":{"start":{"line":25,"column":48},"end":{"line":25,"column":240}},"line":25},"6":{"name":"_inherits","decl":{"start":{"line":27,"column":9},"end":{"line":27,"column":18}},"loc":{"start":{"line":27,"column":41},"end":{"line":27,"column":494}},"line":27},"7":{"name":"(anonymous_7)","decl":{"start":{"line":29,"column":23},"end":{"line":29,"column":24}},"loc":{"start":{"line":29,"column":45},"end":{"line":85,"column":1}},"line":29},"8":{"name":"handleUserLocationChange","decl":{"start":{"line":45,"column":20},"end":{"line":45,"column":44}},"loc":{"start":{"line":45,"column":59},"end":{"line":47,"column":5}},"line":45},"9":{"name":"handleJobTitleChange","decl":{"start":{"line":50,"column":20},"end":{"line":50,"column":40}},"loc":{"start":{"line":50,"column":51},"end":{"line":52,"column":5}},"line":50},"10":{"name":"render","decl":{"start":{"line":55,"column":20},"end":{"line":55,"column":26}},"loc":{"start":{"line":55,"column":29},"end":{"line":81,"column":5}},"line":55},"11":{"name":"onChange","decl":{"start":{"line":72,"column":83},"end":{"line":72,"column":91}},"loc":{"start":{"line":72,"column":102},"end":{"line":74,"column":15}},"line":72},"12":{"name":"onChange","decl":{"start":{"line":75,"column":87},"end":{"line":75,"column":95}},"loc":{"start":{"line":75,"column":110},"end":{"line":77,"column":15}},"line":75}},"branchMap":{"0":{"loc":{"start":{"line":7,"column":168},"end":{"line":7,"column":198}},"type":"binary-expr","locations":[{"start":{"line":7,"column":168},"end":{"line":7,"column":189}},{"start":{"line":7,"column":193},"end":{"line":7,"column":198}}],"line":7},"1":{"loc":{"start":{"line":7,"column":232},"end":{"line":7,"column":286}},"type":"if","locations":[{"start":{"line":7,"column":232},"end":{"line":7,"column":286}},{"start":{"line":7,"column":232},"end":{"line":7,"column":286}}],"line":7},"2":{"loc":{"start":{"line":7,"column":407},"end":{"line":7,"column":475}},"type":"if","locations":[{"start":{"line":7,"column":407},"end":{"line":7,"column":475}},{"start":{"line":7,"column":407},"end":{"line":7,"column":475}}],"line":7},"3":{"loc":{"start":{"line":7,"column":476},"end":{"line":7,"column":536}},"type":"if","locations":[{"start":{"line":7,"column":476},"end":{"line":7,"column":536}},{"start":{"line":7,"column":476},"end":{"line":7,"column":536}}],"
[...]
:{"start":{"line":47,"column":8},"end":{"line":47,"column":32}},"35":{"start":{"line":48,"column":13},"end":{"line":52,"column":7}},"36":{"start":{"line":49,"column":8},"end":{"line":49,"column":28}},"37":{"start":{"line":50,"column":13},"end":{"line":52,"column":7}},"38":{"start":{"line":51,"column":8},"end":{"line":51,"column":35}},"39":{"start":{"line":53,"column":6},"end":{"line":53,"column":47}},"40":{"start":{"line":54,"column":6},"end":{"line":54,"column":42}},"41":{"start":{"line":55,"column":6},"end":{"line":55,"column":35}},"42":{"start":{"line":60,"column":20},"end":{"line":60,"column":38}},"43":{"start":{"line":61,"column":6},"end":{"line":115,"column":8}},"44":{"start":{"line":119,"column":2},"end":{"line":119,"column":20}},"45":{"start":{"line":122,"column":0},"end":{"line":122,"column":29}}},"fnMap":{"0":{"name":"(anonymous_0)","decl":{"start":{"line":7,"column":19},"end":{"line":7,"column":20}},"loc":{"start":{"line":7,"column":31},"end":{"line":7,"column":561}},"line":7},"1":{"name":"defineProperties","decl":{"start":{"line":7,"column":42},"end":{"line":7,"column":58}},"loc":{"start":{"line":7,"column":74},"end":{"line":7,"column":349}},"line":7},"2":{"name":"(anonymous_2)","decl":{"start":{"line":7,"column":357},"end":{"line":7,"column":358}},"loc":{"start":{"line":7,"column":405},"end":{"line":7,"column":558}},"line":7},"3":{"name":"_interopRequireDefault","decl":{"start":{"line":13,"column":9},"end":{"line":13,"column":31}},"loc":{"start":{"line":13,"column":37},"end":{"line":13,"column":95}},"line":13},"4":{"name":"_classCallCheck","decl":{"start":{"line":15,"column":9},"end":{"line":15,"column":24}},"loc":{"start":{"line":15,"column":48},"end":{"line":15,"column":153}},"line":15},"5":{"name":"_possibleConstructorReturn","decl":{"start":{"line":17,"column":9},"end":{"line":17,"column":35}},"loc":{"start":{"line":17,"column":48},"end":{"line":17,"column":240}},"line":17},"6":{"name":"_inherits","decl":{"start":{"line":19,"column":9},"end":{"line":19,"column":18}},"loc":{"start":{"line":19,"column":41},"end":{"line":19,"column":494}},"line":19},"7":{"name":"(anonymous_7)","decl":{"start":{"line":21,"column":17},"end":{"line":21,"column":18}},"loc":{"start":{"line":21,"column":39},"end":{"line":120,"column":1}},"line":21},"8":{"name":"handleCheckboxChange","decl":{"start":{"line":43,"column":20},"end":{"line":43,"column":40}},"loc":{"start":{"line":43,"column":48},"end":{"line":56,"column":5}},"line":43},"9":{"name":"render","decl":{"start":{"line":59,"column":20},"end":{"line":59,"column":26}},"loc":{"start":{"line":59,"column":29},"end":{"line":116,"column":5}},"line":59}},"branchMap":{"0":{"loc":{"start":{"line":7,"column":168},"end":{"line":7,"column":198}},"type":"binary-expr","locations":[{"start":{"line":7,"column":168},"end":{"line":7,"column":189}},{"start":{"line":7,"column":193},"end":{"line":7,"column":198}}],"line":7},"1":{"loc":{"start":{"line":7,"column":232},"end":{"line":7,"column":286}},"type":"if","locations":[{"start":{"line":7,"column":232},"end":{"line":7,"column":286}},{"start":{"line":7,"column":232},"end":{"line":7,"column":286}}],"line":7},"2":{"loc":{"start":{"line":7,"column":407},"end":{"line":7,"column":475}},"type":"if","locations":[{"start":{"line":7,"column":407},"end":{"line":7,"column":475}},{"start":{"line":7,"column":407},"end":{"line":7,"column":475}}],"line":7},"3":{"loc":{"start":{"line":7,"column":476},"end":{"line":7,"column":536}},"type":"if","locations":[{"start":{"line":7,"column":476},"end":{"line":7,"column":536}},{"start":{"line":7,"column":476},"end":{"line":7,"column":536}}],"line":7},"4":{"loc":{"start":{"line":13,"column":46},"end":{"line":13,"column":92}},"type":"cond-expr","locations":[{"start":{"line":13,"column":70},"end":{"line":13,"column":73}},{"start":{"line":13,"column":76},"end":{"line":13,"column":92}}],"line":13},"5":{"loc":{"start":{"line":13,"column":46},"end":{"line":13,"column":67}},"type":"binary-expr","locations":[{"start":{"line":13,"column":46},"end":{"line":13,"column":49}},{"start":{"line":13,"column":53},"end":{"line":13,"column":67}}],"line":13},"6":{"loc":{"start":{"line":15,"column":50},"end":{"line":15,"column":151}},"type":"if","locations":[{"start":{"line":15,"column":50},"end":{"line":15,"column":151}},{"start":{"line":15,"column":50},"end":{"line":15,"column":151}}],"line":15},"7":{"loc":{"start":{"line":17,"column":50},"end":{"line":17,"column":151}},"type":"if","locations":[{"start":{"line":17,"column":50},"end":{"line":17,"column":151}},{"start":{"line":17,"column":50},"end":{"line":17,"column":151}}],"line":17},"8":{"loc":{"start":{"line":17,"column":159},"end":{"line":17,"column":237}},"type":"cond-expr","locations":[{"start":{"line":17,"column":226},"end":{"line":17,"column":230}},{"start":{"line":17,"column":233},"end":{"line":17,"column":237}}],"line":17},"9":{"loc":{"start":{"line":17,"column":159},"end":{"line":17,"column":223}},"type":"binary-expr","locations":[{"start":{"line":17,"column":159},"end":{"line":17,"column":163}},{"start":{"line":17,"column":168},"end":{"line":17,"column":192}},{"start":{"line":17,"column":196},"end":{"line":17,"column":222}}],"line":17},"10":{"loc":{"start":{"line":19,"column":43},"end":{"line":19,"column":208}},"type":"if","locations":[{"start":{"line":19,"column":43},"end":{"line":19,"column":208}},{"start":{"line":19,"column":43},"end":{"line":19,"column":208}}],"line":19},"11":{"loc":{"start":{"line":19,"column":47},"end":{"line":19,"column":102}},"type":"binary-expr","locations":[{"start":{"line":19,"column":47},"end":{"line":19,"column":79}},{"start":{"line":19,"column":83},"end":{"line":19,"column":102}}],"line":19},"12":{"loc":{"start":{"line":19,"column":244},"end":{"line":19,"column":278}},"type":"binary-expr","locations":[{"start":{"line":19,"column":244},"end":{"line":19,"column":254}},{"start":{"line":19,"column":258},"end":{"line":19,"column":278}}],"line":19},"13":{"loc":{"start":{"line":19,"column":374},"end":{"line":19,"column":492}},"type":"if","locations":[{"start":{"line":19,"column":374},"end":{"line":19,"column":492}},{"start":{"line":19,"column":374},"end":{"line":19,"column":492}}],"line":19},"14":{"loc":{"start":{"line":19,"column":390},"end":{"line":19,"column":491}},"type":"cond-expr","locations":[{"start":{"line":19,"column":414},"end":{"line":19,"column":457}},{"start":{"line":19,"column":460},"end":{"line":19,"column":491}}],"line":19},"15":{"loc":{"start":{"line":46,"column":6},"end":{"line":52,"column":7}},"type":"if","locations":[{"start":{"line":46,"column":6},"end":{"line":52,"column":7}},{"start":{"line":46,"column":6},"end":{"line":52,"column":7}}],"line":46},"16":{"loc":{"start":{"line":48,"column":13},"end":{"line":52,"column":7}},"type":"if","locations":[{"start":{"line":48,"column":13},"end":{"line":52,"column":7}},{"start":{"line":48,"column":13},"end":{"line":52,"column":7}}],"line":48},"17":{"loc":{"start":{"line":50,"column":13},"end":{"line":52,"column":7}},"type":"if","locations":[{"start":{"line":50,"column":13},"end":{"line":52,"column":7}},{"start":{"line":50,"column":13},"end":{"line":52,"column":7}}],"line":50}},"s":{"0":1,"1":1,"2":1,"3":2,"4":2,"5":2,"6":2,"7":2,"8":2,"9":1,"10":1,"11":1,"12":1,"13":0,"14":1,"15":1,"16":1,"17":1,"18":1,"19":0,"20":1,"21":0,"22":1,"23":1,"24":0,"25":1,"26":1,"27":1,"28":1,"29":1,"30":1,"31":12,"32":12,"33":12,"34":4,"35":8,"36":4,"37":4,"38":4,"39":12,"40":12,"41":12,"42":13,"43":13,"44":1,"45":1},"f":{"0":1,"1":1,"2":1,"3":1,"4":1,"5":1,"6":1,"7":1,"8":12,"9":13},"b":{"0":[2,2],"1":[2,0],"2":[1,0],"3":[0,1],"4":[0,1],"5":[1,1],"6":[0,1],"7":[0,1],"8":[0,1],"9":[1,0,0],"10":[0,1],"11":[1,0],"12":[1,1],"13":[1,0],"14":[1,0],"15":[4,8],"16":[4,4],"17":[4,0]},"_coverageSchema":"332fd63041d2c1bcb487cc26dd0d5f7d97098a6c","hash":"23e90514bf108535ac140a687f9ccfc8edcd23c5","contentHash":"0c5c047acc68b3d026e95d19881d921a_11.4.1"},"/home/austin/github/job-sort/react-backend/client/src/components/InputTechnologies.js":{"path":"/home/austin/github/job-sort/react-backend/client/src/components/InputTechnologies.js","statementMap":{"0":{"start":{"line":3,"column":0},"end":{"line":5,"column":3}},"1":{"start":{"line":7,"column":19},"end":{"line":7,"column":563}},"2":{"start":{"line":7,"column":76},"end":{"line":7,"column":347}},"3":{"start":{"line":7,"column":134},"end":{"line":7,"column":142}},"4":{"start":{"line":7,"column":144},"end":{"line":7,"column":199}},"5":{"start":{"line":7,"column":200},"end":{"line":7,"column":231}},"6":{"start":{"line":7,"column":232},"end":{"line":7,"column":286}},"7":{"start":{"line":7,"column":259},"end":{"line":7,"column":286}},"8":{"start":{"line":7,"column":287},"end":{"line":7,"column":345}},"9":{"start":{"line":7,"column":350},"end":{"line":7,"column":559}},"10":{"start":{"line":7,"column":407},"end":{"line":7,"column":475}},"11":{"start":{"line":7,"column":423},"end":{"line":7,"column":475}},"12":{"start":{"line":7,"column":476},"end":{"line":7,"column":536}},"13":{"start":{"line":7,"column":493},"end":{"line":7,"column":536}},"14":{"start":{"line":7,"column":537},"end":{"line":7,"column":556}},"15":{"start":{"line":9,"column":13},"end":{"line":9,"column":29}},"16":{"start":{"line":11,"column":14},"end":{"line":11,"column":44}},"17":{"start":{"line":13,"column":39},"end":{"line":13,"column":93}},"18":{"start":{"line":15,"column":50},"end":{"line":15,"column":151}},"19":{"start":{"line":15,"column":92},"end":{"line":15,"column":149}},"20":{"start":{"line":17,"column":50},"end":{"line":17,"column":151}},"21":{"start":{"line":17,"column":63},"end":{"line":17,"column":149}},"22":{"start":{"line":17,"column":152},"end":{"line":17,"column":238}},"23":{"start":{"line":19,"column":43},"end":{"line":19,"column":208}},"24":{"start":{"line":19,"column":106},"end":{"line":19,"column":206}},"25":{"start":{"line":19,"column":209},"end":{"line":19,"column":373}},"26":{"start":{"line":19,"column":374},"end":{"line":19,"column":492}},"27":{"start":{"line":19,"column":390},"end":{"line":19,"column":492}},"28":{"start":{"line":21,"column":24},"end":{"line":133,"column":19}},"29":{"start":{"line":22,"column":2},"end":{"line":22,"column":43}},"30":{"start":{"line":41,"column":2},"end":{"line":130,"column":6}},"31":{"start":{"line":44,"column":6},"end":{"line":44,"column":67}},"32":{"start":{"line":49,"column":36},"end":{"line":49,"column":82}},"33":{"start":{"line":50,"column":29},"end":{"line":50,"column":64}},"34":{"start":{"line":51,"column":21},"end":{"line":51,"column":48}},"35":{"start":{"line":52,"column":6},"end":{"line":57,"column":7}},"36":{"start":{"line":53,"column":8},"end":{"line":53,"column":60}},"37":{"start":{"line":55,"column":8},"end":{"line":55,"column":43}},"38":{"start":{"line":56,"column":8},"end":{"line":56,"column":69}},"39":{"start":{"line":58,"column":6},"end":{"line":58,"column":29}},"40":{"start":{"line":59,"column":6},"end":{"line":59,"column":60}},"41":{"start":{"line":60,"column":6},"end":{"line":60,"column":44}},"42":{"start":{"line":65,"column":20},"end":{"line":65,"column":45}},"43":{"start":{"line":66,"column":29},"end":{"line":66,"column":64}},"44":{"start":{"line":67,"column":6},"end":{"line":67,"column":42}},"45":{"start":{"line":68,"column":6},"end":{"line":68,"column":60}},"46":{"start":{"line":69,"column":6},"end":{"line":69,"column":44}},"47":{"start":{"line":74,"column":19},"end":{"line":74,"column":23}},"48":{"start":{"line":76,"column":29},"end":{"line":76,"column":64}},"49":{"start":{"line":77,"column":32},"end":{"line":77,"column":34}},"50":{"start":{"line":78,"column":6},"end":{"line":93,"column":7}},"51":{"start":{"line":79,"column":8},"end":{"line":92,"column":11}},"52":{"start":{"line":95,"column":21},"end":{"line":95,"column":48}},"53":{"start":{"line":96,"column":24},"end":{"line":96,"column":26}},"54":{"start":{"line":97,"column":6},"end":{"line":99,"column":7}},"55":{"start":{"line":98,"column":8},"end":{"line":98,"column":91}},"56":{"start":{"line":100,"column":6},"end":{"line":104,"column":9}},"57":{"start":{"line":106,"column":6},"end":{"line":128,"column":8}},"58":{"start":{"line":120,"column":16},"end":{"line":120,"column":47}},"59":{"start":{"line":132,"column":2},"end":{"line":132,"column":27}},"60":{"start":{"line":135,"column":0},"end":{"line":135,"column":36}}},"fnMap":{"0":{"name":"(anonymous_0)","decl":{"start":{"line":7,"column":19},"end":{"line":7,"column":20}},"loc":{"start":{"line":7,"column":31},"end":{"line":7,"column":561}},"line":7},"1":{"name":"defineProperties","decl":{"start":{"line":7,"column":42},"end":{"line":7,"column":58}},"loc":{"start":{"line":7,"column":74},"end":{"line":7,"column":349}},"line":7},"2":{"name":"(anonymous_2)","decl":{"start":{"line":7,"column":357},"end":{"line":7,"column":358}},"loc":{"start":{"line":7,"column":405},"end":{"line":7,"column":558}},"line":7},"3":{"name":"_interopRequireDefault","decl":{"start":{"line":13,"column":9},"end":{"line":13,"column":31}},"loc":{"start":{"line":13,"column":37},"end":{"line":13,"column":95}},"line":13},"4":{"name":"_classCallCheck","decl":{"start":{"line":15,"column":9},"end":{"line":15,"column":24}},"loc":{"start":{"line":15,"column":48},"end":{"line":15,"column":153}},"line":15},"5":{"name":"_possibleConstructorReturn","decl":{"start":{"line":17,"column":9},"end":{"line":17,"column":35}},"loc":{"start":{"line":17,"column":48},"end":{"line":17,"column":240}},"line":17},"6":{"name":"_inherits","decl":{"start":{"line":19,"column":9},"end":{"line":19,"column":18}},"loc":{"start":{"line":19,"column":41},"end":{"line":19,"column":494}},"line":19},"7":{"name":"(anonymous_7)","decl":{"start":{"line":21,"column":24},"end":{"line":21,"column":25}},"loc":{"start":{"line":21,"column":46},"end":{"line":133,"column":1}},"line":21},"8":{"name":"handleUserInputTechnologyChange","decl":{"start":{"line":43,"column":20},"end":{"line":43,"column":51}},"loc":{"start":{"line":43,"column":59},"end":{"line":45,"column":5}},"line":43},"9":{"name":"addTechnology","decl":{"start":{"line":48,"column":20},"end":{"line":48,"column":33}},"loc":{"start":{"line":48,"column":41},"end":{"line":61,"column":5}},"line":48},"10":{"name":"(anonymous_10)","decl":{"start":{"line":52,"column":33},"end":{"line":52,"column":34}},"loc":{"start":{"line":52,"column":52},"end":{"line":54,"column":7}},"line":52},"11":{"name":"removeTechnology","decl":{"start":{"line":64,"column":20},"end":{"line":64,"column":36}},"loc":{"start":{"line":64,"column":44},"end":{"line":70,"column":5}},"line":64},"12":{"name":"render","decl":{"start":{"line":73,"column":20},"end":{"line":73,"column":26}},"loc":{"start":{"line":73,"column":29},"end":{"line":129,"column":5}},"line":73},"13":{"name":"onSubmit","decl":{"start":{"line":119,"column":33},"end":{"line":119,"column":41}},"loc":{"start":{"line":119,"column":45},"end":{"line":121,"column":15}},"line":119}},"branchMap":{"0":{"loc":{"start":{"line":7,"column":168},"end":{"line":7,"column":198}},"type":"binary-expr","locations":[{"start":{"line":7,"column":168},"end":{"line":7,"column":189}},{"start":{"line":7,"column":193},"end":{"line":7,"column":198}}],"line":7},"1":{"loc":{"start":{"line":7,"column":232},"end":{"line":7,"column":286}},"type":"if","locations":[{"start":{"line":7,"column":232},"end":{"line":7,"column":286}},{"start":{"line":7,"column":232},"end":{"line":7,"column":286}}],"line":7},"2":{"loc":{"start":{"line":7,"column":407},"end":{"line":7,"column":475}},"type":"if","locations":[{"start":{"line":7,"column":407},"end":{"line":7,"column":475}},{"start":{"line":7,"column":407},"end":{"line":7,"column":475}}],"line":7},"3":{"loc":{"start":{"line":7,"column":476},"end":{"line":7,"column":536}},"type":"if","locations":[{"start":{"line":7,"column":476},"end":{"line":7,"column":536}},{"start":{"line":7,"column":476},"end":{"line":7,"column":536}}],"line":7},"4":{"loc":{"start":{"line":13,"column":46},"end":{"line":13,"column":92}},"type":"cond-expr","locations":[{"start":{"line":13,"column":70},"end":{"line":13,"column":73}},{"start":{"line":13,"column":76},"end":{"line":13,"column":92}}],"line":13},"5":{"loc":{"start":{"line":13,"column":46},"end":{"line":13,"column":67}},"type":"binary-expr","locations":[{"start":{"line":13,"column":46},"end":{"line":13,"column":49}},{"start":{"line":13,"column":53},"end":{"line":13,"column":67}}],"line":13},"6":{"loc":{"start":{"line":15,"column":50},"end":{"line":15,"column":151}},"type":"if","locations":[{"start":{"line":15,"column":50},"end":{"line":15,"column":151}},{"start":{"line":15,"column":50},"end":{"line":15,"column":151}}],"line":15},"7":{"loc":{"start":{"line":17,"column":50},"end":{"line":17,"column":151}},"type":"if","locations":[{"start":{"line":17,"column":50},"end":{"line":17,"column":151}},{"start":{"line":17,"column":50},"end":{"line":17,"column":151}}],"line":17},"8":{"loc":{"start":{"line":17,"column":159},"end":{"line":17,"column":237}},"type":"cond-expr","locations":[{"start":{"line":17,"column":226},"end":{"line":17,"column":230}},{"start":{"line":17,"column":233},"end":{"line":17,"column":237}}],"line":17},"9":{"loc":{"start":{"line":17,"column":159},"end":{"line":17,"column":223}},"type":"binary-expr","locations":[{"start":{"line":17,"column":159},"end":{"line":17,"column":163}},{"start":{"line":17,"column":168},"end":{"line":17,"column":192}},{"start":{"line":17,"column":196},"end":{"line":17,"column":222}}],"line":17},"10":{"loc":{"start":{"line":19,"column":43},"end":{"line":19,"column":208}},"type":"if","locations":[{"start":{"line":19,"column":43},"end":{"line":19,"column":208}},{"start":{"line":19,"column":43},"end":{"line":19,"column":208}}],"line":19},"11":{"loc":{"start":{"line":19,"column":47},"end":{"line":19,"column":102}},"type":"binary-expr","locations":[{"start":{"line":19,"column":47},"end":{"line":19,"column":79}},{"start":{"line":19,"column":83},"end":{"line":19,"column":102}}],"line":19},"12":{"loc":{"start":{"line":19,"column":244},"end":{"line":19,"column":278}},"type":"binary-expr","locations":[{"start":{"line":19,"column":244},"end":{"line":19,"column":254}},{"start":{"line":19,"column":258},"end":{"line":19,"column":278}}],"line":19},"13":{"loc":{"start":{"line":19,"column":374},"end":{"line":19,"column":492}},"type":"if","locations":[{"start":{"line":19,"column":374},"end":{"line":19,"column":492}},{"start":{"line":19,"column":374},"end":{"line":19,"column":492}}],"line":19},"14":{"loc":{"start":{"line":19,"column":390},"end":{"line":19,"column":491}},"type":"cond-expr","locations":[{"start":{"line":19,"column":414},"end":{"line":19,"column":457}},{"start":{"line":19,"column":460},"end":{"line":19,"column":491}}],"line":19},"15":{"loc":{"start":{"line":52,"column":6},"end":{"line":57,"column":7}},"type":"if","locations":[{"start":{"line":52,"column":6},"end":{"line":57,"column":7}},{"start":{"line":52,"column":6},"end":{"line":57,"column":7}}],"line":52},"16":{"loc":{"start":{"line":52,"column":10},"end":{"line":54,"column":54}},"type":"binary-expr","locations":[{"start":{"line":52,"column":10},"end":{"line":54,"column":8}},{"start":{"line":54,"column":12},"end":{"line":54,"column":54}}],"line":52}},"s":{"0":1,"1":1,"2":1,"3":4,"4":4,"5":4,"6":4,"7":4,"8":4,"9":1,"10":1,"11":1,"12":1,"13":0,"14":1,"15":1,"16":1,"17":1,"18":6,"19":0,"20":6,"21":0,"22":6,"23":1,"24":0,"25":1,"26":1,"27":1,"28":1,"29":1,"30":1,"31":6,"32":5,"33":5,"34":5,"35":5,"36":0,"37":4,"38":4,"39":5,"40":5,"41":5,"42":2,"43":2,"44":2,"45":2,"46":2,"47":19,"48":19,"49":19,"50":19,"51":4,"52":19,"53":19,"54":19,"55":95,"56":19,"57":19,"58":5,"59":1,"60":1},"f":{"0":1,"1":1,"2":1,"3":1,"4":6,"5":6,"6":1,"7":1,"8":6,"9":5,"10":0,"11":2,"12":19,"13":5},"b":{"0":[4,4],"1":[4,0],"2":[1,0],"3":[0,1],"4":[0,1],"5":[1,1],"6":[0,6],"7":[0,6],"8":[0,6],"9":[6,0,0],"10":[0,1],"11":[1,0],"12":[1,1],"13":[1,0],"14":[1,0],"15":[4,1],"16":[5,5]},"_coverageSchema":"332fd63041d2c1bcb487cc26dd0d5f7d97098a6c","hash":"814865e255fec61e4a56a3d23d28998e60b738dd","contentHash":"43fa7de90e6ce92e5f04d1ba3759892e_11.4.1"}}