{"/home/austin/github/job-sort/react-backend/client/testSetup.js":{"path":"/home/austin/github/job-sort/react-backend/client/testSetup.js","statementMap":{"0":{"start":{"line":3,"column":13},"end":{"line":3,"column":29}},"1":{"start":{"line":5,"column":14},"end":{"line":5,"column":44}},"2":{"start":{"line":7,"column":14},"end":{"line":7,"column":31}},"3":{"start":{"line":9,"column":15},"end":{"line":9,"column":46}},"4":{"start":{"line":11,"column":26},"end":{"line":11,"column":60}},"5":{"start":{"line":13,"column":27},"end":{"line":13,"column":70}},"6":{"start":{"line":15,"column":39},"end":{"line":15,"column":93}},"7":{"start":{"line":17,"column":0},"end":{"line":17,"column":76}},"8":{"start":{"line":19,"column":0},"end":{"line":19,"column":70}},"9":{"start":{"line":20,"column":0},"end":{"line":20,"column":37}},"10":{"start":{"line":21,"column":0},"end":{"line":21,"column":36}},"11":{"start":{"line":24,"column":2},"end":{"line":24,"column":12}},"12":{"start":{"line":28,"column":0},"end":{"line":28,"column":34}},"13":{"start":{"line":29,"column":0},"end":{"line":29,"column":34}}},"fnMap":{"0":{"name":"_interopRequireDefault","decl":{"start":{"line":15,"column":9},"end":{"line":15,"column":31}},"loc":{"start":{"line":15,"column":37},"end":{"line":15,"column":95}},"line":15},"1":{"name":"noop","decl":{"start":{"line":23,"column":9},"end":{"line":23,"column":13}},"loc":{"start":{"line":23,"column":16},"end":{"line":25,"column":1}},"line":23}},"branchMap":{"0":{"loc":{"start":{"line":15,"column":46},"end":{"line":15,"column":92}},"type":"cond-expr","locations":[{"start":{"line":15,"column":70},"end":{"line":15,"column":73}},{"start":{"line":15,"column":76},"end":{"line":15,"column":92}}],"line":15},"1":{"loc":{"start":{"line":15,"column":46},"end":{"line":15,"column":67}},"type":"binary-expr","locations":[{"start":{"line":15,"column":46},"end":{"line":15,"column":49}},{"start":{"line":15,"column":53},"end":{"line":15,"column":67}}],"line":15}},"s":{"0":1,"1":1,"2":1,"3":1,"4":1,"5":1,"6":3,"7":1,"8":1,"9":1,"10":1,"11":1,"12":1,"13":1},"f":{"0":3,"1":1},"b":{"0":[0,3],"1":[3,3]},"_coverageSchema":"332fd63041d2c1bcb487cc26dd0d5f7d97098a6c","hash":"2e5fdf913cb3d7dafee8600628f0425125529d5a","contentHash":"194dd435bc8299d4e1a118ebfbfc2187_11.4.1"},"/home/austin/github/job-sort/react-backend/client/src/App.js":{"path":"/home/austin/github/job-sort/react-backend/client/src/App.js","statementMap":{"0":{"start":{"line":3,"column":0},"end":{"line":5,"column":3}},"1":{"start":{"line":7,"column":19},"end":{"line":7,"column":563}},"2":{"start":{"line":7,"column":76},"end":{"line":7,"column":347}},"3":{"start":{"line":7,"column":134},"end":{"line":7,"column":142}},"4":{"start":{"line":7,"column":144},"end":{"line":7,"column":199}},"5":{"start":{"line":7,"column":200},"end":{"line":7,"column":231}},"6":{"start":{"line":7,"column":232},"end":{"line":7,"column":286}},"7":{"start":{"line":7,"column":259},"end":{"line":7,"column":286}},"8":{"start":{"line":7,"column":287},"end":{"line":7,"column":345}},"9":{"start":{"line":7,"column":350},"end":{"line":7,"column":559}},"10":{"start":{"line":7,"column":407},"end":{"line":7,"column":475}},"11":{"start":{"line":7,"column":423},"end":{"line":7,"column":475}},"12":{"start":{"line":7,"column":476},"end":{"line":7,"column":536}},"13":{"start":{"line":7,"column":493},"end":{"line":7,"column":536}},"14":{"start":{"line":7,"column":537},"end":{"line":7,"column":556}},"15":{"start":{"line":9,"column":13},"end":{"line":9,"column":29}},"16":{"start":{"line":11,"column":14},"end":{"line":11,"column":44}},"17":{"start":{"line":13,"column":0},"end":{"line":13,"column":21}},"18":{"start":{"line":15,"column":21},"end":{"line":15,"column":61}},"19":{"start":{"line":17,"column":22},"end":{"line":17,"column":60}},"20":{"start":{"line":19,"column":14},"end":{"line":19,"column":47}},"21":{"start":{"line":21,"column":15},"end":{"line":21,"column":46}},"22":{"start":{"line":23,"column":17},"end":{"line":23,"column":53}},"23":{"start":{"line":25,"column":18},"end":{"line":25,"column":52}},"24":{"start":{"line":27,"column":39},"end":{"line":27,"column":93}},"25":{"start":{"line":29,"column":50},"end":{"line":29,"column":151}},"26":{"start":{"line":29,"column":92},"end":{"line":29,"column":149}},"27":{"start":{"line":31,"column":50},"end":{"line":31,"column":151}},"28":{"start":{"line":31,"column":63},"end":{"line":31,"column":149}},"29":{"start":{"line":31,"column":152},"end":{"line":31,"column":238}},"30":{"start":{"line":33,"column":43},"end":{"line":33,"column":208}},"31":{"start":{"line":33,"column":106},"end":{"line":33,"column":206}},"32":{"start":{"line":33,"column":209},"end":{"line":33,"column":373}},"33":{"start":{"line":33,"column":374},"end":{"line":33,"column":492}},"34":{"start":{"line":33,"column":390},"end":{"line":33,"column":492}},"35":{"start":{"line":35,"column":12},"end":{"line":35,"column":28}},"36":{"start":{"line":38,"column":2},"end":{"line":47,"column":3}},"37":{"start":{"line":39,"column":4},"end":{"line":39,"column":47}},"38":{"start":{"line":40,"column":4},"end":{"line":40,"column":75}},"39":{"start":{"line":41,"column":4},"end":{"line":41,"column":63}},"40":{"start":{"line":42,"column":4},"end":{"line":42,"column":69}},"41":{"start":{"line":44,"column":4},"end":{"line":44,"column":58}},"42":{"start":{"line":45,"column":4},"end":{"line":45,"column":76}},"43":{"start":{"line":46,"column":4},"end":{"line":46,"column":89}},"44":{"start":{"line":50,"column":10},"end":{"line":222,"column":19}},"45":{"start":{"line":51,"column":2},"end":{"line":51,"column":29}},"46":{"start":{"line":82,"column":2},"end":{"line":219,"column":6}},"47":{"start":{"line":85,"column":19},"end":{"line":85,"column":23}},"48":{"start":{"line":87,"column":6},"end":{"line":87,"column":41}},"49":{"start":{"line":88,"column":6},"end":{"line":88,"column":79}},"50":{"start":{"line":89,"column":32},"end":{"line":89,"column":38}},"51":{"start":{"line":90,"column":6},"end":{"line":108,"column":10}},"52":{"start":{"line":91,"column":8},"end":{"line":99,"column":11}},"53":{"start":{"line":95,"column":10},"end":{"line":95,"column":28}},"54":{"start":{"line":97,"column":10},"end":{"line":97,"column":49}},"55":{"start":{"line":98,"column":10},"end":{"line":98,"column":21}},"56":{"start":{"line":101,"column":8},"end":{"line":105,"column":9}},"57":{"start":{"line":102,"column":10},"end":{"line":102,"column":74}},"58":{"start":{"line":104,"column":10},"end":{"line":104,"column":54}},"59":{"start":{"line":106,"column":8},"end":{"line":106,"column":91}},"60":{"start":{"line":107,"column":8},"end":{"line":107,"column":19}},"61":{"start":{"line":113,"column":6},"end":{"line":119,"column":9}},"62":{"start":{"line":124,"column":6},"end":{"line":130,"column":9}},"63":{"start":{"line":135,"column":6},"end":{"line":141,"column":9}},"64":{"start":{"line":146,"column":23},"end":{"line":146,"column":61}},"65":{"start":{"line":147,"column":6},"end":{"line":147,"column":68}},"66":{"start":{"line":152,"column":25},"end":{"line":152,"column":28}},"67":{"start":{"line":153,"column":6},"end":{"line":159,"column":9}},"68":{"start":{"line":154,"column":8},"end":{"line":154,"column":85}},"69":{"start":{"line":155,"column":8},"end":{"line":157,"column":9}},"70":{"start":{"line":156,"column":10},"end":{"line":156,"column":51}},"71":{"start":{"line":158,"column":8},"end":{"line":158,"column":20}},"72":{"start":{"line":160,"column":6},"end":{"line":160,"column":46}},"73":{"start":{"line":161,"column":6},"end":{"line":161,"column":321}},"74":{"start":{"line":166,"column":19},"end":{"line":166,"column":23}},"75":{"start":{"line":168,"column":6},"end":{"line":217,"column":8}},"76":{"start":{"line":189,"column":16},"end":{"line":189,"column":60}},"77":{"start":{"line":221,"column":2},"end":{"line":221,"column":13}},"78":{"start":{"line":224,"column":0},"end":{"line":224,"column":22}}},"fnMap":{"0":{"name":"(anonymous_0)","decl":{"start":{"line":7,"column":19},"end":{"line":7,"column":20}},"loc":{"start":{"line":7,"column":31},"end":{"line":7,"column":561}},"line":7},"1":{"name":"defineProperties","decl":{"start":{"line":7,"column":42},"end":{"line":7,"column":58}},"loc":{"start":{"line":7,"column":74},"end":{"line":7,"column":349}},"line":7},"2":{"name":"(anonymous_2)","decl":{"start":{"line":7,"column":357},"end":{"line":7,"column":358}},"loc":{"start":{"line":7,"column":405},"end":{"line":7,"column":558}},"line":7},"3":{"name":"_interopRequireDefault","decl":{"start":{"line":27,"column":9},"end":{"line":27,"column":31}},"loc":{"start":{"line":27,"column":37},"end":{"line":27,"column":95}},"line":27},"4":{"name":"_classCallCheck","decl":{"start":{"line":29,"column":9},"end":{"line":29,"column":24}},"loc":{"start":{"line":29,"column":48},"end":{"line":29,"column":153}},"line":29},"5":{"name":"_possibleConstructorReturn","decl":{"start":{"line":31,"column":9},"end":{"line":31,"column":35}},"loc":{"start":{"line":31,"column":48},"end":{"line":31,"column":240}},"line":31},"6":{"name":"_inherits","decl":{"start":{"line":33,"column":9},"end":{"line":33,"column":18}},"loc":{"start":{"line":33,"column":41},"end":{"line":33,"column":494}},"line":33},"7":{"name":"mobileStylingFn","decl":{"start":{"line":37,"column":9},"end":{"line":37,"column":24}},"loc":{"start":{"line":37,"column":27},"end":{"line":48,"column":1}},"line":37},"8":{"name":"(anonymous_8)","decl":{"start":{"line":50,"column":10},"end":{"line":50,"column":11}},"loc":{"start":{"line":50,"column":32},"end":{"line":222,"column":1}},"line":50},"9":{"name":"getJobListings","decl":{"start":{"line":84,"column":20},"end":{"line":84,"column":34}},"loc":{"start":{"line":84,"column":50},"end":{"line":109,"column":5}},"line":84},"10":{"name":"(anonymous_10)","decl":{"start":{"line":90,"column":20},"end":{"line":90,"column":21}},"loc":{"start":{"line":90,"column":40},"end":{"line":100,"column":7}},"line":90},"11":{"name":"(anonymous_11)","decl":{"start":{"line":94,"column":16},"end":{"line":94,"column":17}},"loc":{"start":{"line":94,"column":31},"end":{"line":96,"column":9}},"line":94},"12":{"name":"(anonymous_12)","decl":{"start":{"line":96,"column":16},"end":{"line":96,"column":17}},"loc":{"start":{"line":96,"column":36},"end":{"line":99,"column":9}},"line":96},"13":{"name":"(anonymous_13)","decl":{"start":{"line":100,"column":9},"end":{"line":100,"column":10}},"loc":{"start":{"line":100,"column":29},"end":{"line":108,"column":7}},"line":100},"14":{"name":"unhideAll","decl":{"start":{"line":112,"column":20},"end":{"line":112,"column":29}},"loc":{"start":{"line":112,"column":32},"end":{"line":120,"column":5}},"line":112},"15":{"name":"showFullDescriptions","decl":{"start":{"line":123,"column":20},"end":{"line":123,"column":40}},"loc":{"start":{"line":123,"column":43},"end":{"line":131,"column":5}},"line":123},"16":{"name":"showShortDescriptions","decl":{"start":{"line":134,"column":20},"end":{"line":134,"column":41}},"loc":{"start":{"line":134,"column":44},"end":{"line":142,"column":5}},"line":134},"17":{"name":"activateLoader","decl":{"start":{"line":145,"column":20},"end":{"line":145,"column":34}},"loc":{"start":{"line":145,"column":50},"end":{"line":148,"column":5}},"line":145},"18":{"name":"generateLoaderText","decl":{"start":{"line":151,"column":20},"end":{"line":151,"column":38}},"loc":{"start":{"line":151,"column":54},"end":{"line":162,"column":5}},"line":151},"19":{"name":"(anonymous_19)","decl":{"start":{"line":153,"column":41},"end":{"line":153,"column":42}},"loc":{"start":{"line":153,"column":63},"end":{"line":159,"column":7}},"line":153},"20":{"name":"render","decl":{"start":{"line":165,"column":20},"end":{"line":165,"column":26}},"loc":{"start":{"line":165,"column":29},"end":{"line":218,"column":5}},"line":165},"21":{"name":"onSubmit","decl":{"start":{"line":188,"column":33},"end":{"line":188,"column":41}},"loc":{"start":{"line":188,"column":57},"end":{"line":190,"column":15}},"line":188}},"branchMap":{"0":{"loc":{"start":{"line":7,"column":168},"end":{"line":7,"column":198}},"type":"binary-expr","locations":[{"start":{"line":7,"column":168},"end":{"line":7,"column":189}},{"start":{"line":7,"column":193},"end":{"line":7,"column":198}}],"line":7},"1":{"loc":{"start":{"line":7,"column":232},"end":{"line":7,"column":286}},"type":"if","locations":[{"start":{"line":7,"column":232},"end":{"line":7,"column":286}},{"start":{"line":7,"column":232},"end":{"line":7,"column":286}}],"line":7},"2":{"loc":{"start":{"line":7,"column":407},"end":{"line":7,"column":475}},"type":"if","locations":[{"start":{"line":7,"column":407},"end":{"line":7,"column":475}},{"start":{"line":7,"column":407},"end":{"line":7,"column":475}}],"line":7},"3":{"loc":{"start":{"line":7,"column":476},"end":{"line":7,"column":536}},"type":"if","locations":[{"start":{"line":7,"column":476},"end":{"line":7,"column":536}},{"start":{"line":7,"column":476},"end":{"line":7,"column":536}}],"line":7},"4":{"loc":{"start":{"line":27,"column":46},"end":{"line":27,"column":92}},"type":"cond-expr","locations":[{"start":{"line":27,"column":70},"end":{"line":27,"column":73}},{"start":{"line":27,"column":76},"end":{"line":27,"column":92}}],"line":27},"5":{"loc":{"start":{"line":27,"column":46},"end":{"line":27,"column":67}},"type":"binary-expr","locations":[{"start":{"line":27,"column":46},"end":{"line":27,"column":49}},{"start":{"line":27,"column":53},"end":{"line":27,"column":67}}],"line":27},"6":{"loc":{"start":{"line":29,"column":50},"end":{"line":29,"column":151}},"type":"if","locations":[{"start":{"line":29,"column":50},"end":{"line":29,"column":151}},{"start":{"line":29,"column":50},"end":{"line":29,"column":151}}],"line":29},"7":{"loc":{"start":{"line":31,"column":50},"end":{"line":31,"column":151}},"type":"if","locations":[{"start":{"line":31,"column":50},"end":{"line":31,"column":151}},{"start":{"line":31,"column":50},"end":{"line":31,"column":151}}],"line":31},"8":{"loc":{"start":{"line":31,"column":159},"end":{"line":31,"column":237}},"type":"cond-expr","locations":[{"start":{"line":31,"column":226},"end":{"line":31,"column":230}},{"start":{"line":31,"column":233},"end":{"line":31,"column":237}}],"line":31},"9":{"loc":{"start":{"line":31,"column":159},"end":{"line":31,"column":223}},"type":"binary-expr","locations":[{"start":{"line":31,"column":159},"end":{"line":31,"column":163}},{"start":{"line":31,"column":168},"end":{"line":31,"column":192}},{"start":{"line":31,"column":196},"end":{"line":31,"column":222}}],"line":31},"10":{"loc":{"start":{"line":33,"column":43},"end":{"line":33,"column":208}},"type":"if","locations":[{"start":{"line":33,"column":43},"end":{"line":33,"column":208}},{"start":{"line":33,"column":43},"end":{"line":33,"column":208}}],"line":33},"11":{"loc":{"start":{"line":33,"column":47},"end":{"line":33,"column":102}},"type":"binary-expr","locations":[{"start":{"line":33,"column":47},"end":{"line":33,"column":79}},{"start":{"line":33,"column":83},"end":{"line":33,"column":102}}],"line":33},"12":{"loc":{"start":{"line":33,"column":244},"end":{"line":33,"column":278}},"type":"binary-expr","locations":[{"start":{"line":33,"column":244},"end":{"line":33,"column":254}},{"start":{"line":33,"column":258},"end":{"line":33,"column":278}}],"line":33},"13":{"loc":{"start":{"line":33,"column":374},"end":{"line":33,"column":492}},"type":"if","locations":[{"start":{"line":33,"column":374},"end":{"line":33,"column":492}},{"start":{"line":33,"column":374},"end":{"line":33,"column":492}}],"line":33},"14":{"loc":{"start":{"line":33,"column":390},"end":{"line":33,"column":491}},"type":"cond-expr","locations":[{"start":{"line":33,"column":414},"end":{"line":33,"column":457}},{"start":{"line":33,"column":460},"end":{"line":33,"column":491}}],"line":33},"15":{"loc":{"start":{"line":38,"column":2},"end":{"line":47,"column":3}},"type":"if","locations":[{"start":{"line":38,"column":2},"end":{"line":47,"column":3}},{"start":{"line":38,"column":2},"end":{"line":47,"column":3}}],"line":38},"16":{"loc":{"start":{"line":101,"column":8},"end":{"line":105,"column":9}},"type":"if","locations":[{"start":{"line":101,"column":8},"end":{"line":105,"column":9}},{"start":{"line":101,"column":8},"end":{"line":105,"column":9}}],"line":101},"17":{"loc":{"start":{"line":155,"column":8},"end":{"line":157,"column":9}},"type":"if","locations":[{"start":{"line":155,"column":8},"end":{"line":157,"column":9}},{"start":{"line":155,"column":8},"end":{"line":157,"column":9}}],"line":155}},"s":{"0":1,"1":1,"2":1,"3":7,"4":7,"5":7,"6":7,"7":7,"8":7,"9":1,"10":1,"11":1,"12":1,"13":0,"14":1,"15":1,"16":1,"17":1,"18":1,"19":1,"20":1,"21":1,"22":1,"23":1,"24":4,"25":1,"26":0,"27":1,"28":0,"29":1,"30":1,"31":0,"32":1,"33":1,"34":1,"35":1,"36":1,"37":0,"38":0,"39":0,"40":0,"41":0,"42":0,"43":0,"44":1,"45":1,"46":1,"47":0,"48":0,"49":0,"50":0,"51":0,"52":0,"53":0,"54":0,"55":0,"56":0,"57":0,"58":0,"59":0,"60":0,"61":0,"62":0,"63":0,"64":0,"65":0,"66":0,"67":0,"68":0,"69":0,"70":0,"71":0,"72":0,"73":0,"74":1,"75":1,"76":0,"77":1,"78":1},"f":{"0":1,"1":1,"2":1,"3":4,"4":1,"5":1,"6":1,"7":1,"8":1,"9":0,"10":0,"11":0,"12":0,"13":0,"14":0,"15":0,"16":0,"17":0,"18":0,"19":0,"20":1,"21":0},"b":{"0":[7,7],"1":[7,0],"2":[1,0],"3":[0,1],"4":[3,1],"5":[4,4],"6":[0,1],"7":[0,1],"8":[0,1],"9":[1,0,0],"10":[0,1],"11":[1,0],"12":[1,1],"13":[1,0],"14":[1,0],"15":[0,0],"16":[0,0],"17":[0,0]},"_coverageSchema":"332fd63041d2c1bcb487cc26dd0d5f7d97098a6c","hash":"eea77912f667fca57912eec98ade8bf41e28efc5","contentHash":"fca7262c57b2f79f8137ab498485aca4_11.4.1"},"/home/austin/github/job-sort/react-backend/client/src/components/SearchResults.js":{"path":"/home/austin/github/job-sort/react-backend/client/src/components/SearchResults.js","statementMap":{"0":{"start":{"line":3,"column":0},"end":{"line":5,"column":3}},"1":{"start":{"line":7,"column":19},"end":{"line":7,"column":563}},"2":{"start":{"line":7,"column":76},"end":{"line":7,"column":347}},"3":{"start":{"line":7,"column":134},"end":{"line":7,"column":142}},"4":{"start":{"line":7,"column":144},"end":{"line":7,"column":199}},"5":{"start":{"line":7,"column":200},"end":{"line":7,"column":231}},"6":{"start":{"line":7,"column":232},"end":{"line":7,"column":286}},"7":{"start":{"line":7,"column":259},"end":{"line":7,"column":286}},"8":{"start":{"line":7,"column":287},"end":{"line":7,"column":345}},"9":{"start":{"line":7,"column":350},"end":{"line":7,"column":559}},"10":{"start":{"line":7,"column":407},"end":{"line":7,"column":475}},"11":{"start":{"line":7,"column":423},"end":{"line":7,"column":475}},"12":{"start":{"line":7,"column":476},"end":{"line":7,"column":536}},"13":{"start":{"line":7,"column":493},"end":{"line":7,"column":536}},"14":{"start":{"line":7,"column":537},"end":{"line":7,"column":556}},"15":{"start":{"line":9,"column":13},"end":{"line":9,"column":29}},"16":{"start":{"line":11,"column":14},"end":{"line":11,"column":44}},"17":{"start":{"line":13,"column":18},"end":{"line":13,"column":44}},"18":{"start":{"line":15,"column":19},"end":{"line":15,"column":54}},"19":{"start":{"line":17,"column":39},"end":{"line":17,"column":93}},"20":{"start":{"line":19,"column":50},"end":{"line":19,"column":151}},"21":{"start":{"line":19,"column":92},"end":{"line":19,"column":149}},"22":{"start":{"line":21,"column":50},"end":{"line":21,"column":151}},"23":{"start":{"line":21,"column":63},"end":{"line":21,"column":149}},"24":{"start":{"line":21,"column":152},"end":{"line":21,"column":238}},"25":{"start":{"line":23,"column":43},"end":{"line":23,"column":208}},"26":{"start":{"line":23,"column":106},"end":{"line":23,"column":206}},"27":{"start":{"line":23,"column":209},"end":{"line":23,"column":373}},"28":{"start":{"line":23,"column":374},"end":{"line":23,"column":492}},"29":{"start":{"line":23,"column":390},"end":{"line":23,"column":492}},"30":{"start":{"line":25,"column":20},"end":{"line":57,"column":19}},"31":{"start":{"line":26,"column":2},"end":{"line":26,"column":39}},"32":{"start":{"line":29,"column":4},"end":{"line":29,"column":41}},"33":{"start":{"line":31,"column":4},"end":{"line":31,"column":134}},"34":{"start":{"line":34,"column":2},"end":{"line":54,"column":6}},"35":{"start":{"line":37,"column":19},"end":{"line":37,"column":23}},"36":{"start":{"line":39,"column":6},"end":{"line":45,"column":7}},"37":{"start":{"line":40,"column":8},"end":{"line":44,"column":10}},"38":{"start":{"line":46,"column":6},"end":{"line":52,"column":8}},"39":{"start":{"line":50,"column":10},"end":{"line":50,"column":150}},"40":{"start":{"line":56,"column":2},"end":{"line":56,"column":23}},"41":{"start":{"line":59,"column":0},"end":{"line":59,"column":32}}},"fnMap":{"0":{"name":"(anonymous_0)","decl":{"start":{"line":7,"column":19},"end":{"line":7,"column":20}},"loc":{"start":{"line":7,"column":31},"end":{"line":7,"column":561}},"line":7},"1":{"name":"defineProperties","decl":{"start":{"line":7,"column":42},"end":{"line":7,"column":58}},"loc":{"start":{"line":7,"column":74},"end":{"line":7,"column":349}},"line":7},"2":{"name":"(anonymous_2)","decl":{"start":{"line":7,"column":357},"end":{"line":7,"column":358}},"loc":{"start":{"line":7,"column":405},"end":{"line":7,"column":558}},"line":7},"3":{"name":"_interopRequireDefault","decl":{"start":{"line":17,"column":9},"end":{"line":17,"column":31}},"loc":{"start":{"line":17,"column":37},"end":{"line":17,"column":95}},"line":17},"4":{"name":"_classCallCheck","decl":{"start":{"line":19,"column":9},"end":{"line":19,"column":24}},"loc":{"start":{"line":19,"column":48},"end":{"line":19,"column":153}},"line":19},"5":{"name":"_possibleConstructorReturn","decl":{"start":{"line":21,"column":9},"end":{"line":21,"column":35}},"loc":{"start":{"line":21,"column":48},"end":{"line":21,"column":240}},"line":21},"6":{"name":"_inherits","decl":{"start":{"line":23,"column":9},"end":{"line":23,"column":18}},"loc":{"start":{"line":23,"column":41},"end":{"line":23,"column":494}},"line":23},"7":{"name":"(anonymous_7)","decl":{"start":{"line":25,"column":20},"end":{"line":25,"column":21}},"loc":{"start":{"line":25,"column":42},"end":{"line":57,"column":1}},"line":25},"8":{"name":"SearchResults","decl":{"start":{"line":28,"column":11},"end":{"line":28,"column":24}},"loc":{"start":{"line":28,"column":27},"end":{"line":32,"column":3}},"line":28},"9":{"name":"render","decl":{"start":{"line":36,"column":20},"end":{"line":36,"column":26}},"loc":{"start":{"line":36,"column":29},"end":{"line":53,"column":5}},"line":36},"10":{"name":"(anonymous_10)","decl":{"start":{"line":49,"column":35},"end":{"line":49,"column":36}},"loc":{"start":{"line":49,"column":61},"end":{"line":51,"column":9}},"line":49}},"branchMap":{"0":{"loc":{"start":{"line":7,"column":168},"end":{"line":7,"column":198}},"type":"binary-expr","locations":[{"start":{"line":7,"column":168},"end":{"line":7,"column":189}},{"start":{"line":7,"column":193},"end":{"line":7,"column":198}}],"line":7},"1":{"loc":{"start":{"line":7,"column":232},"end":{"line":7,"column":286}},"type":"if","locations":[{"start":{"line":7,"column":232},"end":{"line":7,"column":286}},{"start":{"line":7,"column":232},"end":{"line":7,"column":286}}],"line":7},"2":{"loc":{"start":{"line":7,"column":407},"end":{"line":7,"column":475}},"type":"if","locations":[{"start":{"line":7,"column":407},"end":{"line":7,"column":475}},{"start":{"line":7,"column":407},"end":{"line":7,"column":475}}],"line":7},"3":{"loc":{"start":{"line":7,"column":476},"end":{"line":7,"column":536}},"type":"if","locations":[{"start":{"line":7,"column":476},"end":{"line":7,"column":536}},{"start":{"line":7,"column":476},"end":{"line":7,"column":536}}],"line":7},"4":{"loc":{"start":{"line":17,"column":46},"end":{"line":17,"column":92}},"type":"cond-expr","locations":[{"start":{"line":17,"column":70},"end":{"line":17,"column":73}},{"start":{"line":17,"column":76},"end":{"line":17,"column":92}}],"line":17},"5":{"loc":{"start":{"line":17,"column":46},"end":{"line":17,"column":67}},"type":"binary-expr","locations":[{"start":{"line":17,"column":46},"end":{"line":17,"column":49}},{"start":{"line":17,"column":53},"end":{"line":17,"column":67}}],"line":17},"6":{"loc":{"start":{"line":19,"column":50},"end":{"line":19,"column":151}},"type":"if","locations":[{"start":{"line":19,"column":50},"end":{"line":19,"column":151}},{"start":{"line":19,"column":50},"end":{"line":19,"column":151}}],"line":19},"7":{"loc":{"start":{"line":21,"column":50},"end":{"line":21,"column":151}},"type":"if","locations":[{"start":{"line":21,"column":50},"end":{"line":21,"column":151}},{"start":{"line":21,"column":50},"end":{"line":21,"column":151}}],"line":21},"8":{"loc":{"start":{"line":21,"column":159},"end":{"line":21,"column":237}},"type":"cond-expr","locations":[{"start":{"line":21,"column":226},"end":{"line":21,"column":230}},{"start":{"line":21,"column":233},"end":{"line":21,"column":237}}],"line":21},"9":{"loc":{"start":{"line":21,"column":159},"end":{"line":21,"column":223}},"type":"binary-expr","locations":[{"start":{"line":21,"column":159},"end":{"line":21,"column":163}},{"start":{"line":21,"column":168},"end":{"line":21,"column":192}},{"start":{"line":21,"column":196},"end":{"line":21,"column":222}}],"line":21},"10":{"loc":{"start":{"line":23,"column":43},"end":{"line":23,"column":208}},"type":"if","locations":[{"start":{"line":23,"column":43},"end":{"line":23,"column":208}},{"start":{"line":23,"column":43},"end":{"line":23,"column":208}}],"line":23},"11":{"loc":{"start":{"line":23,"column":47},"end":{"line":23,"column":102}},"type":"binary-expr","locations":[{"start":{"line":23,"column":47},"end":{"line":23,"column":79}},{"start":{"line":23,"column":83},"end":{"line":23,"column":102}}],"line":23},"12":{"loc":{"start":{"line":23,"column":244},"end":{"line":23,"column":278}},"type":"binary-expr","locations":[{"start":{"line":23,"column":244},"end":{"line":23,"column":254}},{"start":{"line":23,"column":258},"end":{"line":23,"column":278}}],"line":23},"13":{"loc":{"start":{"line":23,"column":374},"end":{"line":23,"column":492}},"type":"if","locations":[{"start":{"line":23,"column":374},"end":{"line":23,"column":492}},{"start":{"line":23,"column":374},"end":{"line":23,"column":492}}],"line":23},"14":{"loc":{"start":{"line":23,"column":390},"end":{"line":23,"column":491}},"type":"cond-expr","locations":[{"start":{"line":23,"column":414},"end":{"line":23,"column":457}},{"start":{"line":23,"column":460},"end":{"line":23,"column":491}}],"line":23},"15":{"loc":{"start":{"line":31,"column":45},"end":{"line":31,"column":108}},"type":"binary-expr","locations":[{"start":{"line":31,"column":45},"end":{"line":31,"column":68}},{"start":{"line":31,"column":72},"end":{"line":31,"column":108}}],"line":31},"16":{"loc":{"start":{"line":39,"column":6},"end":{"line":45,"column":7}},"type":"if","locations":[{"start":{"line":39,"column":6},"end":{"line":45,"column":7}},{"start":{"line":39,"column":6},"end":{"line":45,"column":7}}],"line":39}},"s":{"0":1,"1":1,"2":1,"3":1,"4":1,"5":1,"6":1,"7":1,"8":1,"9":1,"10":1,"11":1,"12":1,"13":0,"14":1,"15":1,"16":1,"17":1,"18":1,"19":2,"20":2,"21":0,"22":2,"23":0,"24":2,"25":1,"26":0,"27":1,"28":1,"29":1,"30":1,"31":1,"32":2,"33":2,"34":1,"35":2,"36":2,"37":1,"38":1,"39":2,"40":1,"41":1},"f":{"0":1,"1":1,"2":1,"3":2,"4":2,"5":2,"6":1,"7":1,"8":2,"9":2,"10":2},"b":{"0":[1,1],"1":[1,0],"2":[1,0],"3":[0,1],"4":[1,1],"5":[2,2],"6":[0,2],"7":[0,2],"8":[0,2],"9":[2,0,0],"10":[0,1],"11":[1,0],"12":[1,1],"13":[1,0],"14":[1,0],"15":[2,0],"16":[1,1]},"_coverageSchema":"332fd63041d2c1bcb487cc26dd0d5f7d97098a6c","hash":"0f63edd716970f21196915df937246e595a6f441","contentHash":"1c06f0ab5ba77034a1a835efd3ce685d_11.4.1"},"/home/austin/github/job-sort/react-backend/client/src/components/JobListing.js":{"path":"/home/austin/github/job-sort/react-backend/client/src/components/JobListing.js","statementMap":{"0":{"start":{"line":3,"column":0},"end":{"line":5,"column":3}},"1":{"start":{"line":7,"column":19},"end":{"line":7,"column":563}},"2":{"start":{"line":7,"column":76},"end":{"line":7,"column":347}},"3":{"start":{"line":7,"column":134},"end":{"line":7,"column":142}},"4":{"start":{"line":7,"column":144},"end":{"line":7,"column":199}},"5":{"start":{"line":7,"column":200},"end":{"line":7,"column":231}},"6":{"start":{"line":7,"column":232},"end":{"line":7,"column":286}},"7":{"start":{"line":7,"column":259},"end":{"line":7,"column":286}},"8":{"start":{"line":7,"column":287},"end":{"line":7,"column":345}},"9":{"start":{"line":7,"column":350},"end":{"line":7,"column":559}},"10":{"start":{"line":7,"column":407},"end":{"line":7,"column":475}},"11":{"start":{"line":7,"column":423},"end":{"line":7,"column":475}},"12":{"start":{"line":7,"column":476},"end":{"line":7,"column":536}},"13":{"start":{"line":7,"column":493},"end":{"line":7,"column":536}},"14":{"start":{"line":7,"column":537},"end":{"line":7,"column":556}},"15":{"start":{"line":9,"column":13},"end":{"line":9,"column":29}},"16":{"start":{"line":11,"column":14},"end":{"line":11,"column":44}},"17":{"start":{"line":13,"column":39},"end":{"line":13,"column":93}},"18":{"start":{"line":15,"column":50},"end":{"line":15,"column":151}},"19":{"start":{"line":15,"column":92},"end":{"line":15,"column":149}},"20":{"start":{"line":17,"column":50},"end":{"line":17,"column":151}},"21":{"start":{"line":17,"column":63},"end":{"line":17,"column":149}},"22":{"start":{"line":17,"column":152},"end":{"line":17,"column":238}},"23":{"start":{"line":19,"column":43},"end":{"line":19,"column":208}},"24":{"start":{"line":19,"column":106},"end":{"line":19,"column":206}},"25":{"start":{"line":19,"column":209},"end":{"line":19,"column":373}},"26":{"start":{"line":19,"column":374},"end":{"line":19,"column":492}},"27":{"start":{"line":19,"column":390},"end":{"line":19,"column":492}},"28":{"start":{"line":21,"column":17},"end":{"line":188,"column":19}},"29":{"start":{"line":22,"column":2},"end":{"line":22,"column":36}},"30":{"start":{"line":39,"column":2},"end":{"line":185,"column":6}},"31":{"start":{"line":42,"column":35},"end":{"line":42,"column":68}},"32":{"start":{"line":43,"column":6},"end":{"line":48,"column":7}},"33":{"start":{"line":44,"column":8},"end":{"line":44,"column":70}},"34":{"start":{"line":45,"column":8},"end":{"line":45,"column":89}},"35":{"start":{"line":47,"column":8},"end":{"line":47,"column":90}},"36":{"start":{"line":49,"column":6},"end":{"line":49,"column":73}},"37":{"start":{"line":50,"column":6},"end":{"line":50,"column":29}},"38":{"start":{"line":55,"column":19},"end":{"line":55,"column":36}},"39":{"start":{"line":56,"column":6},"end":{"line":56,"column":41}},"40":{"start":{"line":57,"column":6},"end":{"line":57,"column":75}},"41":{"start":{"line":58,"column":6},"end":{"line":58,"column":29}},"42":{"start":{"line":63,"column":27},"end":{"line":63,"column":51}},"43":{"start":{"line":64,"column":19},"end":{"line":64,"column":36}},"44":{"start":{"line":65,"column":35},"end":{"line":65,"column":68}},"45":{"start":{"line":66,"column":6},"end":{"line":83,"column":7}},"46":{"start":{"line":67,"column":8},"end":{"line":69,"column":9}},"47":{"start":{"line":68,"column":10},"end":{"line":68,"column":43}},"48":{"start":{"line":70,"column":8},"end":{"line":70,"column":69}},"49":{"start":{"line":71,"column":13},"end":{"line":83,"column":7}},"50":{"start":{"line":72,"column":8},"end":{"line":74,"column":9}},"51":{"start":{"line":73,"column":10},"end":{"line":73,"column":59}},"52":{"start":{"line":75,"column":8},"end":{"line":75,"column":89}},"53":{"start":{"line":76,"column":8},"end":{"line":76,"column":82}},"54":{"start":{"line":77,"column":13},"end":{"line":83,"column":7}},"55":{"start":{"line":78,"column":8},"end":{"line":80,"column":9}},"56":{"start":{"line":79,"column":10},"end":{"line":79,"column":58}},"57":{"start":{"line":81,"column":8},"end":{"line":81,"column":81}},"58":{"start":{"line":82,"column":8},"end":{"line":82,"column":90}},"59":{"start":{"line":88,"column":35},"end":{"line":88,"column":68}},"60":{"start":{"line":89,"column":20},"end":{"line":89,"column":38}},"61":{"start":{"line":90,"column":19},"end":{"line":90,"column":36}},"62":{"start":{"line":91,"column":18},"end":{"line":91,"column":34}},"63":{"start":{"line":92,"column":17},"end":{"line":92,"column":23}},"64":{"start":{"line":93,"column":6},"end":{"line":100,"column":7}},"65":{"start":{"line":95,"column":8},"end":{"line":95,"column":116}},"66":{"start":{"line":97,"column":8},"end":{"line":97,"column":53}},"67":{"start":{"line":98,"column":8},"end":{"line":98,"column":52}},"68":{"start":{"line":99,"column":8},"end":{"line":99,"column":34}},"69":{"start":{"line":101,"column":19},"end":{"line":101,"column":25}},"70":{"start":{"line":102,"column":6},"end":{"line":120,"column":7}},"71":{"start":{"line":103,"column":8},"end":{"line":107,"column":10}},"72":{"start":{"line":108,"column":13},"end":{"line":120,"column":7}},"73":{"start":{"line":109,"column":8},"end":{"line":113,"column":10}},"74":{"start":{"line":114,"column":13},"end":{"line":120,"column":7}},"75":{"start":{"line":115,"column":8},"end":{"line":119,"column":10}},"76":{"start":{"line":121,"column":6},"end":{"line":123,"column":7}},"77":{"start":{"line":122,"column":8},"end":{"line":122,"column":20}},"78":{"start":{"line":124,"column":6},"end":{"line":183,"column":8}},"79":{"start":{"line":187,"column":2},"end":{"line":187,"column":20}},"80":{"start":{"line":190,"column":0},"end":{"line":190,"column":29}}},"fnMap":{"0":{"name":"(anonymous_0)","decl":{"start":{"line":7,"column":19},"end":{"line":7,"column":20}},"loc":{"start":{"line":7,"column":31},"end":{"line":7,"column":561}},"line":7},"1":{"name":"defineProperties","decl":{"start":{"line":7,"column":42},"end":{"line":7,"column":58}},"loc":{"start":{"line":7,"column":74},"end":{"line":7,"column":349}},"line":7},"2":{"name":"(anonymous_2)","decl":{"start":{"line":7,"column":357},"end":{"line":7,"column":358}},"loc":{"start":{"line":7,"column":405},"end":{"line":7,"column":558}},"line":7},"3":{"name":"_interopRequireDefault","decl":{"start":{"line":13,"column":9},"end":{"line":13,"column":31}},"loc":{"start":{"line":13,"column":37},"end":{"line":13,"column":95}},"line":13},"4":{"name":"_classCallCheck","decl":{"start":{"line":15,"column":9},"end":{"line":15,"column":24}},"loc":{"start":{"line":15,"column":48},"end":{"line":15,"column":153}},"line":15},"5":{"name":"_possibleConstructorReturn","decl":{"start":{"line":17,"column":9},"end":{"line":17,"column":35}},"loc":{"start":{"line":17,"column":48},"end":{"line":17,"column":240}},"line":17},"6":{"name":"_inherits","decl":{"start":{"line":19,"column":9},"end":{"line":19,"column":18}},"loc":{"start":{"line":19,"column":41},"end":{"line":19,"column":494}},"line":19},"7":{"name":"(anonymous_7)","decl":{"start":{"line":21,"column":17},"end":{"line":21,"column":18}},"loc":{"start":{"line":21,"column":39},"end":{"line":188,"column":1}},"line":21},"8":{"name":"handleDescriptionLengthToggle","decl":{"start":{"line":41,"column":20},"end":{"line":41,"column":49}},"loc":{"start":{"line":41,"column":57},"end":{"line":51,"column":5}},"line":41},"9":{"name":"handleHideClick","decl":{"start":{"line":54,"column":20},"end":{"line":54,"column":35}},"loc":{"start":{"line":54,"column":43},"end":{"line":59,"column":5}},"line":54},"10":{"name":"componentWillReceiveProps","decl":{"start":{"line":62,"column":20},"end":{"line":62,"column":45}},"loc":{"start":{"line":62,"column":57},"end":{"line":84,"column":5}},"line":62},"11":{"name":"render","decl":{"start":{"line":87,"column":20},"end":{"line":87,"column":26}},"loc":{"start":{"line":87,"column":29},"end":{"line":184,"column":5}},"line":87}},"branchMap":{"0":{"loc":{"start":{"line":7,"column":168},"end":{"line":7,"column":198}},"type":"binary-expr","locations":[{"start":{"line":7,"column":168},"end":{"line":7,"column":189}},{"start":{"line":7,"column":193},"end":{"line":7,"column":198}}],"line":7},"1":{"loc":{"start":{"line":7,"column":232},"end":{"line":7,"column":286}},"type":"if","locations":[{"start":{"line":7,"column":232},"end":{"line":7,"column":286}},{"start":{"line":7,"column":232},"end":{"line":7,"column":286}}],"line":7},"2":{"loc":{"start":{"line":7,"column":407},"end":{"line":7,"column":475}},"type":"if","locations":[{"start":{"line":7,"column":407},"end":{"line":7,"column":475}},{"start":{"line":7,"column":407},"end":{"line":7,"column":475}}],"line":7},"3":{"loc":{"start":{"line":7,"column":476},"end":{"line":7,"column":536}},"type":"if","locations":[{"start":{"line":7,"column":476},"end":{"line":7,"column":536}},{"start":{"line":7,"column":476},"end":{"line":7,"column":536}}],"line":7},"4":{"loc":{"start":{"line":13,"column":46},"end":{"line":13,"column":92}},"type":"cond-expr","locations":[{"start":{"line":13,"column":70},"end":{"line":13,"column":73}},{"start":{"line":13,"column":76},"end":{"line":13,"column":92}}],"line":13},"5":{"loc":{"start":{"line":13,"column":46},"end":{"line":13,"column":67}},"type":"binary-expr","locations":[{"start":{"line":13,"column":46},"end":{"line":13,"column":49}},{"start":{"line":13,"column":53},"end":{"line":13,"column":67}}],"line":13},"6":{"loc":{"start":{"line":15,"column":50},"end":{"line":15,"column":151}},"type":"if","locations":[{"start":{"line":15,"column":50},"end":{"line":15,"column":151}},{"start":{"line":15,"column":50},"end":{"line":15,"column":151}}],"line":15},"7":{"loc":{"start":{"line":17,"column":50},"end":{"line":17,"column":151}},"type":"if","locations":[{"start":{"line":17,"column":50},"end":{"line":17,"column":151}},{"start":{"line":17,"column":50},"end":{"line":17,"column":151}}],"line":17},"8":{"loc":{"start":{"line":17,"column":159},"end":{"line":17,"column":237}},"type":"cond-expr","locations":[{"start":{"line":17,"column":226},"end":{"line":17,"column":230}},{"start":{"line":17,"column":233},"end":{"line":17,"column":237}}],"line":17},"9":{"loc":{"start":{"line":17,"column":159},"end":{"line":17,"column":223}},"type":"binary-expr","locations":[{"start":{"line":17,"column":159},"end":{"line":17,"column":163}},{"start":{"line":17,"column":168},"end":{"line":17,"column":192}},{"start":{"line":17,"column":196},"end":{"line":17,"column":222}}],"line":17},"10":{"loc":{"start":{"line":19,"column":43},"end":{"line":19,"column":208}},"type":"if","locations":[{"start":{"line":19,"column":43},"end":{"line":19,"column":208}},{"start":{"line":19,"column":43},"end":{"line":19,"column":208}}],"line":19},"11":{"loc":{"start":{"line":19,"column":47},"end":{"line":19,"column":102}},"type":"binary-expr","locations":[{"start":{"line":19,"column":47},"end":{"line":19,"column":79}},{"start":{"line":19,"column":83},"end":{"line":19,"column":102}}],"line":19},"12":{"loc":{"start":{"line":19,"column":244},"end":{"line":19,"column":278}},"type":"binary-expr","locations":[{"start":{"line":19,"column":244},"end":{"line":19,"column":254}},{"start":{"line":19,"column":258},"end":{"line":19,"column":278}}],"line":19},"13":{"loc":{"start":{"line":19,"column":374},"end":{"line":19,"column":492}},"type":"if","locations":[{"start":{"line":19,"column":374},"end":{"line":19,"column":492}},{"start":{"line":19,"column":374},"end":{"line":19,"column":492}}],"line":19},"14":{"loc":{"start":{"line":19,"column":390},"end":{"line":19,"column":491}},"type":"cond-expr","locations":[{"start":{"line":19,"column":414},"end":{"line":19,"column":457}},{"start":{"line":19,"column":460},"end":{"line":19,"column":491}}],"line":19},"15":{"loc":{"start":{"line":43,"column":6},"end":{"line":48,"column":7}},"type":"if","locations":[{"start":{"line":43,"column":6},"end":{"line":48,"column":7}},{"start":{"line":43,"column":6},"end":{"line":48,"column":7}}],"line":43},"16":{"loc":{"start":{"line":66,"column":6},"end":{"line":83,"column":7}},"type":"if","locations":[{"start":{"line":66,"column":6},"end":{"line":83,"column":7}},{"start":{"line":66,"column":6},"end":{"line":83,"column":7}}],"line":66},"17":{"loc":{"start":{"line":67,"column":8},"end":{"line":69,"column":9}},"type":"if","locations":[{"start":{"line":67,"column":8},"end":{"line":69,"column":9}},{"start":{"line":67,"column":8},"end":{"line":69,"column":9}}],"line":67},"18":{"loc":{"start":{"line":71,"column":13},"end":{"line":83,"column":7}},"type":"if","locations":[{"start":{"line":71,"column":13},"end":{"line":83,"column":7}},{"start":{"line":71,"column":13},"end":{"line":83,"column":7}}],"line":71},"19":{"loc":{"start":{"line":72,"column":8},"end":{"line":74,"column":9}},"type":"if","locations":[{"start":{"line":72,"column":8},"end":{"line":74,"column":9}},{"start":{"line":72,"column":8},"end":{"line":74,"column":9}}],"line":72},"20":{"loc":{"start":{"line":77,"column":13},"end":{"line":83,"column":7}},"type":"if","locations":[{"start":{"line":77,"column":13},"end":{"line":83,"column":7}},{"start":{"line":77,"column":13},"end":{"line":83,"column":7}}],"line":77},"21":{"loc":{"start":{"line":78,"column":8},"end":{"line":80,"column":9}},"type":"if","locations":[{"start":{"line":78,"column":8},"end":{"line":80,"column":9}},{"start":{"line":78,"column":8},"end":{"line":80,"column":9}}],"line":78},"22":{"loc":{"start":{"line":93,"column":6},"end":{"line":100,"column":7}},"type":"if","locations":[{"start":{"line":93,"column":6},"end":{"line":100,"column":7}},{"start":{"line":93,"column":6},"end":{"line":100,"column":7}}],"line":93},"23":{"loc":{"start":{"line":102,"column":6},"end":{"line":120,"column":7}},"type":"if","locations":[{"start":{"line":102,"column":6},"end":{"line":120,"column":7}},{"start":{"line":102,"column":6},"end":{"line":120,"column":7}}],"line":102},"24":{"loc":{"start":{"line":108,"column":13},"end":{"line":120,"column":7}},"type":"if","locations":[{"start":{"line":108,"column":13},"end":{"line":120,"column":7}},{"start":{"line":108,"column":13},"end":{"line":120,"column":7}}],"line":108},"25":{"loc":{"start":{"line":114,"column":13},"end":{"line":120,"column":7}},"type":"if","locations":[{"start":{"line":114,"column":13},"end":{"line":120,"column":7}},{"start":{"line":114,"column":13},"end":{"line":120,"column":7}}],"line":114},"26":{"loc":{"start":{"line":121,"column":6},"end":{"line":123,"column":7}},"type":"if","locations":[{"start":{"line":121,"column":6},"end":{"line":123,"column":7}},{"start":{"line":121,"column":6},"end":{"line":123,"column":7}}],"line":121},"27":{"loc":{"start":{"line":133,"column":8},"end":{"line":145,"column":9}},"type":"cond-expr","locations":[{"start":{"line":133,"column":22},"end":{"line":141,"column":9}},{"start":{"line":141,"column":12},"end":{"line":145,"column":9}}],"line":133},"28":{"loc":{"start":{"line":180,"column":12},"end":{"line":180,"column":52}},"type":"cond-expr","locations":[{"start":{"line":180,"column":37},"end":{"line":180,"column":43}},{"start":{"line":180,"column":46},"end":{"line":180,"column":52}}],"line":180}},"s":{"0":1,"1":1,"2":1,"3":4,"4":4,"5":4,"6":4,"7":4,"8":4,"9":1,"10":1,"11":1,"12":1,"13":0,"14":1,"15":1,"16":1,"17":1,"18":0,"19":0,"20":0,"21":0,"22":0,"23":1,"24":0,"25":1,"26":1,"27":1,"28":1,"29":1,"30":1,"31":0,"32":0,"33":0,"34":0,"35":0,"36":0,"37":0,"38":0,"39":0,"40":0,"41":0,"42":0,"43":0,"44":0,"45":0,"46":0,"47":0,"48":0,"49":0,"50":0,"51":0,"52":0,"53":0,"54":0,"55":0,"56":0,"57":0,"58":0,"59":0,"60":0,"61":0,"62":0,"63":0,"64":0,"65":0,"66":0,"67":0,"68":0,"69":0,"70":0,"71":0,"72":0,"73":0,"74":0,"75":0,"76":0,"77":0,"78":0,"79":1,"80":1},"f":{"0":1,"1":1,"2":1,"3":1,"4":0,"5":0,"6":1,"7":1,"8":0,"9":0,"10":0,"11":0},"b":{"0":[4,4],"1":[4,0],"2":[1,0],"3":[0,1],"4":[0,1],"5":[1,1],"6":[0,0],"7":[0,0],"8":[0,0],"9":[0,0,0],"10":[0,1],"11":[1,0],"12":[1,1],"13":[1,0],"14":[1,0],"15":[0,0],"16":[0,0],"17":[0,0],"18":[0,0],"19":[0,0],"20":[0,0],"21":[0,0],"22":[0,0],"23":[0,0],"24":[0,0],"25":[0,0],"26":[0,0],"27":[0,0],"28":[0,0]},"_coverageSchema":"332fd63041d2c1bcb487cc26dd0d5f7d97098a6c","hash":"7f0bac644eafe8244034eb2af27f365c098f401e","contentHash":"9913b63bd292cb6452bd2305f3450b32_11.4.1"},"/home/austin/github/job-sort/react-backend/client/src/components/Loader.js":{"path":"/home/austin/github/job-sort/react-backend/client/src/components/Loader.js","statementMap":{"0":{"start":{"line":3,"column":0},"end":{"line":5,"column":3}},"1":{"start":{"line":7,"column":19},"end":{"line":7,"column":563}},"2":{"start":{"line":7,"column":76},"end":{"line":7,"column":347}},"3":{"start":{"line":7,"column":134},"end":{"line":7,"column":142}},"4":{"start":{"line":7,"column":144},"end":{"line":7,"column":199}},"5":{"start":{"line":7,"column":200},"end":{"line":7,"column":231}},"6":{"start":{"line":7,"column":232},"end":{"line":7,"column":286}},"7":{"start":{"line":7,"column":259},"end":{"line":7,"column":286}},"8":{"start":{"line":7,"column":287},"end":{"line":7,"column":345}},"9":{"start":{"line":7,"column":350},"end":{"line":7,"column":559}},"10":{"start":{"line":7,"column":407},"end":{"line":7,"column":475}},"11":{"start":{"line":7,"column":423},"end":{"line":7,"column":475}},"12":{"start":{"line":7,"column":476},"end":{"line":7,"column":536}},"13":{"start":{"line":7,"column":493},"end":{"line":7,"column":536}},"14":{"start":{"line":7,"column":537},"end":{"line":7,"column":556}},"15":{"start":{"line":9,"column":13},"end":{"line":9,"column":29}},"16":{"start":{"line":11,"column":14},"end":{"line":11,"column":44}},"17":{"start":{"line":13,"column":39},"end":{"line":13,"column":93}},"18":{"start":{"line":15,"column":50},"end":{"line":15,"column":151}},"19":{"start":{"line":15,"column":92},"end":{"line":15,"column":149}},"20":{"start":{"line":17,"column":50},"end":{"line":17,"column":151}},"21":{"start":{"line":17,"column":63},"end":{"line":17,"column":149}},"22":{"start":{"line":17,"column":152},"end":{"line":17,"column":238}},"23":{"start":{"line":19,"column":43},"end":{"line":19,"column":208}},"24":{"start":{"line":19,"column":106},"end":{"line":19,"column":206}},"25":{"start":{"line":19,"column":209},"end":{"line":19,"column":373}},"26":{"start":{"line":19,"column":374},"end":{"line":19,"column":492}},"27":{"start":{"line":19,"column":390},"end":{"line":19,"column":492}},"28":{"start":{"line":21,"column":13},"end":{"line":86,"column":19}},"29":{"start":{"line":22,"column":2},"end":{"line":22,"column":32}},"30":{"start":{"line":37,"column":2},"end":{"line":83,"column":6}},"31":{"start":{"line":40,"column":25},"end":{"line":40,"column":48}},"32":{"start":{"line":41,"column":6},"end":{"line":43,"column":7}},"33":{"start":{"line":42,"column":8},"end":{"line":42,"column":35}},"34":{"start":{"line":48,"column":19},"end":{"line":48,"column":23}},"35":{"start":{"line":50,"column":23},"end":{"line":50,"column":43}},"36":{"start":{"line":51,"column":6},"end":{"line":71,"column":7}},"37":{"start":{"line":52,"column":8},"end":{"line":65,"column":9}},"38":{"start":{"line":53,"column":10},"end":{"line":53,"column":48}},"39":{"start":{"line":54,"column":31},"end":{"line":54,"column":51}},"40":{"start":{"line":55,"column":34},"end":{"line":55,"column":36}},"41":{"start":{"line":56,"column":27},"end":{"line":63,"column":11}},"42":{"start":{"line":57,"column":12},"end":{"line":60,"column":13}},"43":{"start":{"line":58,"column":14},"end":{"line":58,"column":37}},"44":{"start":{"line":59,"column":14},"end":{"line":59,"column":52}},"45":{"start":{"line":61,"column":12},"end":{"line":61,"column":81}},"46":{"start":{"line":62,"column":12},"end":{"line":62,"column":70}},"47":{"start":{"line":64,"column":10},"end":{"line":64,"column":67}},"48":{"start":{"line":67,"column":8},"end":{"line":70,"column":9}},"49":{"start":{"line":68,"column":10},"end":{"line":68,"column":52}},"50":{"start":{"line":69,"column":10},"end":{"line":69,"column":49}},"51":{"start":{"line":76,"column":30},"end":{"line":76,"column":58}},"52":{"start":{"line":77,"column":25},"end":{"line":77,"column":48}},"53":{"start":{"line":78,"column":6},"end":{"line":80,"column":7}},"54":{"start":{"line":79,"column":8},"end":{"line":79,"column":158}},"55":{"start":{"line":81,"column":6},"end":{"line":81,"column":18}},"56":{"start":{"line":85,"column":2},"end":{"line":85,"column":16}},"57":{"start":{"line":88,"column":0},"end":{"line":88,"column":25}}},"fnMap":{"0":{"name":"(anonymous_0)","decl":{"start":{"line":7,"column":19},"end":{"line":7,"column":20}},"loc":{"start":{"line":7,"column":31},"end":{"line":7,"column":561}},"line":7},"1":{"name":"defineProperties","decl":{"start":{"line":7,"column":42},"end":{"line":7,"column":58}},"loc":{"start":{"line":7,"column":74},"end":{"line":7,"column":349}},"line":7},"2":{"name":"(anonymous_2)","decl":{"start":{"line":7,"column":357},"end":{"line":7,"column":358}},"loc":{"start":{"line":7,"column":405},"end":{"line":7,"column":558}},"line":7},"3":{"name":"_interopRequireDefault","decl":{"start":{"line":13,"column":9},"end":{"line":13,"column":31}},"loc":{"start":{"line":13,"column":37},"end":{"line":13,"column":95}},"line":13},"4":{"name":"_classCallCheck","decl":{"start":{"line":15,"column":9},"end":{"line":15,"column":24}},"loc":{"start":{"line":15,"column":48},"end":{"line":15,"column":153}},"line":15},"5":{"name":"_possibleConstructorReturn","decl":{"start":{"line":17,"column":9},"end":{"line":17,"column":35}},"loc":{"start":{"line":17,"column":48},"end":{"line":17,"column":240}},"line":17},"6":{"name":"_inherits","decl":{"start":{"line":19,"column":9},"end":{"line":19,"column":18}},"loc":{"start":{"line":19,"column":41},"end":{"line":19,"column":494}},"line":19},"7":{"name":"(anonymous_7)","decl":{"start":{"line":21,"column":13},"end":{"line":21,"column":14}},"loc":{"start":{"line":21,"column":35},"end":{"line":86,"column":1}},"line":21},"8":{"name":"componentDidUpdate","decl":{"start":{"line":39,"column":20},"end":{"line":39,"column":38}},"loc":{"start":{"line":39,"column":41},"end":{"line":44,"column":5}},"line":39},"9":{"name":"componentWillReceiveProps","decl":{"start":{"line":47,"column":20},"end":{"line":47,"column":45}},"loc":{"start":{"line":47,"column":57},"end":{"line":72,"column":5}},"line":47},"10":{"name":"intervalFn","decl":{"start":{"line":56,"column":36},"end":{"line":56,"column":46}},"loc":{"start":{"line":56,"column":49},"end":{"line":63,"column":11}},"line":56},"11":{"name":"render","decl":{"start":{"line":75,"column":20},"end":{"line":75,"column":26}},"loc":{"start":{"line":75,"column":29},"end":{"line":82,"column":5}},"line":75}},"branchMap":{"0":{"loc":{"start":{"line":7,"column":168},"end":{"line":7,"column":198}},"type":"binary-expr","locations":[{"start":{"line":7,"column":168},"end":{"line":7,"column":189}},{"start":{"line":7,"column":193},"end":{"line":7,"column":198}}],"line":7},"1":{"loc":{"start":{"line":7,"column":232},"end":{"line":7,"column":286}},"type":"if","locations":[{"start":{"line":7,"column":232},"end":{"line":7,"column":286}},{"start":{"line":7,"column":232},"end":{"line":7,"column":286}}],"line":7},"2":{"loc":{"start":{"line":7,"column":407},"end":{"line":7,"column":475}},"type":"if","locations":[{"start":{"line":7,"column":407},"end":{"line":7,"column":475}},{"start":{"line":7,"column":407},"end":{"line":7,"column":475}}],"line":7},"3":{"loc":{"start":{"line":7,"column":476},"end":{"line":7,"column":536}},"type":"if","locations":[{"start":{"line":7,"column":476},"end":{"line":7,"column":536}},{"start":{"line":7,"column":476},"end":{"line":7,"column":536}}],"line":7},"4":{"loc":{"start":{"line":13,"column":46},"end":{"line":13,"column":92}},"type":"cond-expr","locations":[{"start":{"line":13,"column":70},"end":{"line":13,"column":73}},{"start":{"line":13,"column":76},"end":{"line":13,"column":92}}],"line":13},"5":{"loc":{"start":{"line":13,"column":46},"end":{"line":13,"column":67}},"type":"binary-expr","locations":[{"start":{"line":13,"column":46},"end":{"line":13,"column":49}},{"start":{"line":13,"column":53},"end":{"line":13,"column":67}}],"line":13},"6":{"loc":{"start":{"line":15,"column":50},"end":{"line":15,"column":151}},"type":"if","locations":[{"start":{"line":15,"column":50},"end":{"line":15,"column":151}},{"start":{"line":15,"column":50},"end":{"line":15,"column":151}}],"line":15},"7":{"loc":{"start":{"line":17,"column":50},"end":{"line":17,"column":151}},"type":"if","locations":[{"start":{"line":17,"column":50},"end":{"line":17,"column":151}},{"start":{"line":17,"column":50},"end":{"line":17,"column":151}}],"line":17},"8":{"loc":{"start":{"line":17,"column":159},"end":{"line":17,"column":237}},"type":"cond-expr","locations":[{"start":{"line":17,"column":226},"end":{"line":17,"column":230}},{"start":{"line":17,"column":233},"end":{"line":17,"column":237}}],"line":17},"9":{"loc":{"start":{"line":17,"column":159},"end":{"line":17,"column":223}},"type":"binary-expr","locations":[{"start":{"line":17,"column":159},"end":{"line":17,"column":163}},{"start":{"line":17,"column":168},"end":{"line":17,"column":192}},{"start":{"line":17,"column":196},"end":{"line":17,"column":222}}],"line":17},"10":{"loc":{"start":{"line":19,"column":43},"end":{"line":19,"column":208}},"type":"if","locations":[{"start":{"line":19,"column":43},"end":{"line":19,"column":208}},{"start":{"line":19,"column":43},"end":{"line":19,"column":208}}],"line":19},"11":{"loc":{"start":{"line":19,"column":47},"end":{"line":19,"column":102}},"type":"binary-expr","locations":[{"start":{"line":19,"column":47},"end":{"line":19,"column":79}},{"start":{"line":19,"column":83},"end":{"line":19,"column":102}}],"line":19},"12":{"loc":{"start":{"line":19,"column":244},"end":{"line":19,"column":278}},"type":"binary-expr","locations":[{"start":{"line":19,"column":244},"end":{"line":19,"column":254}},{"start":{"line":19,"column":258},"end":{"line":19,"column":278}}],"line":19},"13":{"loc":{"start":{"line":19,"column":374},"end":{"line":19,"column":492}},"type":"if","locations":[{"start":{"line":19,"column":374},"end":{"line":19,"column":492}},{"start":{"line":19,"column":374},"end":{"line":19,"column":492}}],"line":19},"14":{"loc":{"start":{"line":19,"column":390},"end":{"line":19,"column":491}},"type":"cond-expr","locations":[{"start":{"line":19,"column":414},"end":{"line":19,"column":457}},{"start":{"line":19,"column":460},"end":{"line":19,"column":491}}],"line":19},"15":{"loc":{"start":{"line":41,"column":6},"end":{"line":43,"column":7}},"type":"if","locations":[{"start":{"line":41,"column":6},"end":{"line":43,"column":7}},{"start":{"line":41,"column":6},"end":{"line":43,"column":7}}],"line":41},"16":{"loc":{"start":{"line":51,"column":6},"end":{"line":71,"column":7}},"type":"if","locations":[{"start":{"line":51,"column":6},"end":{"line":71,"column":7}},{"start":{"line":51,"column":6},"end":{"line":71,"column":7}}],"line":51},"17":{"loc":{"start":{"line":52,"column":8},"end":{"line":65,"column":9}},"type":"if","locations":[{"start":{"line":52,"column":8},"end":{"line":65,"column":9}},{"start":{"line":52,"column":8},"end":{"line":65,"column":9}}],"line":52},"18":{"loc":{"start":{"line":57,"column":12},"end":{"line":60,"column":13}},"type":"if","locations":[{"start":{"line":57,"column":12},"end":{"line":60,"column":13}},{"start":{"line":57,"column":12},"end":{"line":60,"column":13}}],"line":57},"19":{"loc":{"start":{"line":67,"column":8},"end":{"line":70,"column":9}},"type":"if","locations":[{"start":{"line":67,"column":8},"end":{"line":70,"column":9}},{"start":{"line":67,"column":8},"end":{"line":70,"column":9}}],"line":67},"20":{"loc":{"start":{"line":78,"column":6},"end":{"line":80,"column":7}},"type":"if","locations":[{"start":{"line":78,"column":6},"end":{"line":80,"column":7}},{"start":{"line":78,"column":6},"end":{"line":80,"column":7}}],"line":78}},"s":{"0":1,"1":1,"2":1,"3":3,"4":3,"5":3,"6":3,"7":3,"8":3,"9":1,"10":1,"11":1,"12":1,"13":0,"14":1,"15":1,"16":1,"17":1,"18":1,"19":0,"20":1,"21":0,"22":1,"23":1,"24":0,"25":1,"26":1,"27":1,"28":1,"29":1,"30":1,"31":79,"32":79,"33":75,"34":8,"35":8,"36":8,"37":4,"38":3,"39":3,"40":3,"41":3,"42":71,"43":3,"44":3,"45":71,"46":71,"47":3,"48":4,"49":3,"50":3,"51":80,"52":80,"53":80,"54":75,"55":5,"56":1,"57":1},"f":{"0":1,"1":1,"2":1,"3":1,"4":1,"5":1,"6":1,"7":1,"8":79,"9":8,"10":71,"11":80},"b":{"0":[3,3],"1":[3,0],"2":[1,0],"3":[0,1],"4":[0,1],"5":[1,1],"6":[0,1],"7":[0,1],"8":[0,1],"9":[1,0,0],"10":[0,1],"11":[1,0],"12":[1,1],"13":[1,0],"14":[1,0],"15":[75,4],"16":[4,4],"17":[3,1],"18":[3,68],"19":[3,1],"20":[75,5]},"_coverageSchema":"332fd63041d2c1bcb487cc26dd0d5f7d97098a6c","hash":"6483e6aed91172161bd886b47b0eab1059a4f34a","contentHash":"bec1f266c208836d75002b21e852afd1_11.4.1"},"/home/austin/github/job-sort/react-backend/client/src/components/UserInput.js":{"path":"/home/austin/github/job-sort/react-backend/client/src/components/UserInput.js","statementMap":{"0":{"start":{"line":3,"column":0},"end":{"line":5,"column":3}},"1":{"start":{"line":7,"column":19},"end":{"line":7,"column":563}},"2":{"start":{"line":7,"column":76},"end":{"line":7,"column":347}},"3":{"start":{"line":7,"column":134},"end":{"line":7,"column":142}},"4":{"start":{"line":7,"column":144},"end":{"line":7,"column":199}},"5":{"start":{"line":7,"column":200},"end":{"line":7,"column":231}},"6":{"start":{"line":7,"column":232},"end":{"line":7,"column":286}},"7":{"start":{"line":7,"column":259},"end":{"line":7,"column":286}},"8":{"start":{"line":7,"column":287},"end":{"line":7,"column":345}},"9":{"start":{"line":7,"column":350},"end":{"line":7,"column":559}},"10":{"start":{"line":7,"column":407},"end":{"line":7,"column":475}},"11":{"start":{"line":7,"column":423},"end":{"line":7,"column":475}},"12":{"start":{"line":7,"column":476},"end":{"line":7,"column":536}},"13":{"start":{"line":7,"column":493},"end":{"line":7,"column":536}},"14":{"start":{"line":7,"column":537},"end":{"line":7,"column":556}},"15":{"start":{"line":9,"column":13},"end":{"line":9,"column":29}},"16":{"start":{"line":11,"column":14},"end":{"line":11,"column":44}},"17":{"start":{"line":13,"column":24},"end":{"line":13,"column":56}},"18":{"start":{"line":15,"column":25},"end":{"line":15,"column":66}},"19":{"start":{"line":17,"column":18},"end":{"line":17,"column":44}},"20":{"start":{"line":19,"column":19},"end":{"line":19,"column":54}},"21":{"start":{"line":21,"column":25},"end":{"line":21,"column":58}},"22":{"start":{"line":23,"column":26},"end":{"line":23,"column":68}},"23":{"start":{"line":25,"column":39},"end":{"line":25,"column":93}},"24":{"start":{"line":27,"column":50},"end":{"line":27,"column":151}},"25":{"start":{"line":27,"column":92},"end":{"line":27,"column":149}},"26":{"start":{"line":29,"column":50},"end":{"line":29,"column":151}},"27":{"start":{"line":29,"column":63},"end":{"line":29,"column":149}},"28":{"start":{"line":29,"column":152},"end":{"line":29,"column":238}},"29":{"start":{"line":31,"column":43},"end":{"line":31,"column":208}},"30":{"start":{"line":31,"column":106},"end":{"line":31,"column":206}},"31":{"start":{"line":31,"column":209},"end":{"line":31,"column":373}},"32":{"start":{"line":31,"column":374},"end":{"line":31,"column":492}},"33":{"start":{"line":31,"column":390},"end":{"line":31,"column":492}},"34":{"start":{"line":33,"column":16},"end":{"line":199,"column":19}},"35":{"start":{"line":34,"column":2},"end":{"line":34,"column":35}},"36":{"start":{"line":60,"column":2},"end":{"line":196,"column":6}},"37":{"start":{"line":63,"column":6},"end":{"line":63,"column":60}},"38":{"start":{"line":68,"column":6},"end":{"line":68,"column":44}},"39":{"start":{"line":73,"column":6},"end":{"line":73,"column":52}},"40":{"start":{"line":78,"column":6},"end":{"line":78,"column":42}},"41":{"start":{"line":83,"column":29},"end":{"line":83,"column":64}},"42":{"start":{"line":84,"column":6},"end":{"line":86,"column":7}},"43":{"start":{"line":85,"column":8},"end":{"line":85,"column":83}},"44":{"start":{"line":87,"column":6},"end":{"line":87,"column":29}},"45":{"start":{"line":89,"column":26},"end":{"line":95,"column":7}},"46":{"start":{"line":96,"column":6},"end":{"line":96,"column":41}},"47":{"start":{"line":101,"column":19},"end":{"line":101,"column":23}},"48":{"start":{"line":103,"column":29},"end":{"line":103,"column":56}},"49":{"start":{"line":104,"column":32},"end":{"line":104,"column":34}},"50":{"start":{"line":105,"column":31},"end":{"line":105,"column":33}},"51":{"start":{"line":106,"column":6},"end":{"line":136,"column":7}},"52":{"start":{"line":107,"column":8},"end":{"line":120,"column":11}},"53":{"start":{"line":121,"column":8},"end":{"line":135,"column":11}},"54":{"start":{"line":138,"column":6},"end":{"line":148,"column":7}},"55":{"start":{"line":139,"column":8},"end":{"line":147,"column":11}},"56":{"start":{"line":150,"column":6},"end":{"line":194,"column":8}},"57":{"start":{"line":155,"column":12},"end":{"line":155,"column":57}},"58":{"start":{"line":158,"column":12},"end":{"line":158,"column":65}},"59":{"start":{"line":163,"column":12},"end":{"line":163,"column":56}},"60":{"start":{"line":169,"column":12},"end":{"line":169,"column":67}},"61":{"start":{"line":175,"column":14},"end":{"line":175,"column":51}},"62":{"start":{"line":198,"column":2},"end":{"line":198,"column":19}},"63":{"start":{"line":201,"column":0},"end":{"line":201,"column":28}}},"fnMap":{"0":{"name":"(anonymous_0)","decl":{"start":{"line":7,"column":19},"end":{"line":7,"column":20}},"loc":{"start":{"line":7,"column":31},"end":{"line":7,"column":561}},"line":7},"1":{"name":"defineProperties","decl":{"start":{"line":7,"column":42},"end":{"line":7,"column":58}},"loc":{"start":{"line":7,"column":74},"end":{"line":7,"column":349}},"line":7},"2":{"name":"(anonymous_2)","decl":{"start":{"line":7,"column":357},"end":{"line":7,"column":358}},"loc":{"start":{"line":7,"column":405},"end":{"line":7,"column":558}},"line":7},"3":{"name":"_interopRequireDefault","decl":{"start":{"line":25,"column":9},"end":{"line":25,"column":31}},"loc":{"start":{"line":25,"column":37},"end":{"line":25,"column":95}},"line":25},"4":{"name":"_classCallCheck","decl":{"start":{"line":27,"column":9},"end":{"line":27,"column":24}},"loc":{"start":{"line":27,"column":48},"end":{"line":27,"column":153}},"line":27},"5":{"name":"_possibleConstructorReturn","decl":{"start":{"line":29,"column":9},"end":{"line":29,"column":35}},"loc":{"start":{"line":29,"column":48},"end":{"line":29,"column":240}},"line":29},"6":{"name":"_inherits","decl":{"start":{"line":31,"column":9},"end":{"line":31,"column":18}},"loc":{"start":{"line":31,"column":41},"end":{"line":31,"column":494}},"line":31},"7":{"name":"(anonymous_7)","decl":{"start":{"line":33,"column":16},"end":{"line":33,"column":17}},"loc":{"start":{"line":33,"column":38},"end":{"line":199,"column":1}},"line":33},"8":{"name":"handleTechnologyChange","decl":{"start":{"line":62,"column":20},"end":{"line":62,"column":42}},"loc":{"start":{"line":62,"column":61},"end":{"line":64,"column":5}},"line":62},"9":{"name":"handleJobTitleChange","decl":{"start":{"line":67,"column":20},"end":{"line":67,"column":40}},"loc":{"start":{"line":67,"column":51},"end":{"line":69,"column":5}},"line":67},"10":{"name":"handleUserLocationChange","decl":{"start":{"line":72,"column":20},"end":{"line":72,"column":44}},"loc":{"start":{"line":72,"column":59},"end":{"line":74,"column":5}},"line":72},"11":{"name":"handleCheckboxChange","decl":{"start":{"line":77,"column":20},"end":{"line":77,"column":40}},"loc":{"start":{"line":77,"column":50},"end":{"line":79,"column":5}},"line":77},"12":{"name":"handleWeightsSubmit","decl":{"start":{"line":82,"column":20},"end":{"line":82,"column":39}},"loc":{"start":{"line":82,"column":47},"end":{"line":97,"column":5}},"line":82},"13":{"name":"render","decl":{"start":{"line":100,"column":20},"end":{"line":100,"column":26}},"loc":{"start":{"line":100,"column":29},"end":{"line":195,"column":5}},"line":100},"14":{"name":"onJobTitleChange","decl":{"start":{"line":154,"column":37},"end":{"line":154,"column":53}},"loc":{"start":{"line":154,"column":64},"end":{"line":156,"column":11}},"line":154},"15":{"name":"onUserLocationChange","decl":{"start":{"line":157,"column":41},"end":{"line":157,"column":61}},"loc":{"start":{"line":157,"column":76},"end":{"line":159,"column":11}},"line":157},"16":{"name":"onChange","decl":{"start":{"line":162,"column":29},"end":{"line":162,"column":37}},"loc":{"start":{"line":162,"column":47},"end":{"line":164,"column":11}},"line":162},"17":{"name":"onChange","decl":{"start":{"line":168,"column":29},"end":{"line":168,"column":37}},"loc":{"start":{"line":168,"column":56},"end":{"line":170,"column":11}},"line":168},"18":{"name":"onSubmit","decl":{"start":{"line":174,"column":50},"end":{"line":174,"column":58}},"loc":{"start":{"line":174,"column":62},"end":{"line":176,"column":13}},"line":174}},"branchMap":{"0":{"loc":{"start":{"line":7,"column":168},"end":{"line":7,"column":198}},"type":"binary-expr","locations":[{"start":{"line":7,"column":168},"end":{"line":7,"column":189}},{"start":{"line":7,"column":193},"end":{"line":7,"column":198}}],"line":7},"1":{"loc":{"start":{"line":7,"column":232},"end":{"line":7,"column":286}},"type":"if","locations":[{"start":{"line":7,"column":232},"end":{"line":7,"column":286}},{"start":{"line":7,"column":232},"end":{"line":7,"column":286}}],"line":7},"2":{"loc":{"start":{"line":7,"column":407},"end":{"line":7,"column":475}},"type":"if","locations":[{"start":{"line":7,"column":407},"end":{"line":7,"column":475}},{"start":{"line":7,"column":407},"end":{"line":7,"column":475}}],"line":7},"3":{"loc":{"start":{"line":7,"column":476},"end":{"line":7,"column":536}},"type":"if","locations":[{"start":{"line":7,"column":476},"end":{"line":7,"column":536}},{"start":{"line":7,"column":476},"end":{"line":7,"column":536}}],"line":7},"4":{"loc":{"start":{"line":25,"column":46},"end":{"line":25,"column":92}},"type":"cond-expr","locations":[{"start":{"line":25,"column":70},"end":{"line":25,"column":73}},{"start":{"line":25,"column":76},"end":{"line":25,"column":92}}],"line":25},"5":{"loc":{"start":{"line":25,"column":46},"end":{"line":25,"column":67}},"type":"binary-expr","locations":[{"start":{"line":25,"column":46},"end":{"line":25,"column":49}},{"start":{"line":25,"column":53},"end":{"line":25,"column":67}}],"line":25},"6":{"loc":{"start":{"line":27,"column":50},"end":{"line":27,"column":151}},"type":"if","locations":[{"start":{"line":27,"column":50},"end":{"line":27,"column":151}},{"start":{"line":27,"column":50},"end":{"line":27,"column":151}}],"line":27},"7":{"loc":{"start":{"line":29,"column":50},"end":{"line":29,"column":151}},"type":"if","locations":[{"start":{"line":29,"column":50},"end":{"line":29,"column":151}},{"start":{"line":29,"column":50},"end":{"line":29,"column":151}}],"line":29},"8":{"loc":{"start":{"line":29,"column":159},"end":{"line":29,"column":237}},"type":"cond-expr","locations":[{"start":{"line":29,"column":226},"end":{"line":29,"column":230}},{"start":{"line":29,"column":233},"end":{"line":29,"column":237}}],"line":29},"9":{"loc":{"start":{"line":29,"column":159},"end":{"line":29,"column":223}},"type":"binary-expr","locations":[{"start":{"line":29,"column":159},"end":{"line":29,"column":163}},{"start":{"line":29,"column":168},"end":{"line":29,"column":192}},{"start":{"line":29,"column":196},"end":{"line":29,"column":222}}],"line":29},"10":{"loc":{"start":{"line":31,"column":43},"end":{"line":31,"column":208}},"type":"if","locations":[{"start":{"line":31,"column":43},"end":{"line":31,"column":208}},{"start":{"line":31,"column":43},"end":{"line":31,"column":208}}],"line":31},"11":{"loc":{"start":{"line":31,"column":47},"end":{"line":31,"column":102}},"type":"binary-expr","locations":[{"start":{"line":31,"column":47},"end":{"line":31,"column":79}},{"start":{"line":31,"column":83},"end":{"line":31,"column":102}}],"line":31},"12":{"loc":{"start":{"line":31,"column":244},"end":{"line":31,"column":278}},"type":"binary-expr","locations":[{"start":{"line":31,"column":244},"end":{"line":31,"column":254}},{"start":{"line":31,"column":258},"end":{"line":31,"column":278}}],"line":31},"13":{"loc":{"start":{"line":31,"column":374},"end":{"line":31,"column":492}},"type":"if","locations":[{"start":{"line":31,"column":374},"end":{"line":31,"column":492}},{"start":{"line":31,"column":374},"end":{"line":31,"column":492}}],"line":31},"14":{"loc":{"start":{"line":31,"column":390},"end":{"line":31,"column":491}},"type":"cond-expr","locations":[{"start":{"line":31,"column":414},"end":{"line":31,"column":457}},{"start":{"line":31,"column":460},"end":{"line":31,"column":491}}],"line":31},"15":{"loc":{"start":{"line":138,"column":6},"end":{"line":148,"column":7}},"type":"if","locations":[{"start":{"line":138,"column":6},"end":{"line":148,"column":7}},{"start":{"line":138,"column":6},"end":{"line":148,"column":7}}],"line":138}},"s":{"0":1,"1":1,"2":1,"3":6,"4":6,"5":6,"6":6,"7":6,"8":6,"9":1,"10":1,"11":1,"12":1,"13":0,"14":1,"15":1,"16":1,"17":1,"18":1,"19":1,"20":1,"21":1,"22":1,"23":4,"24":2,"25":0,"26":2,"27":0,"28":2,"29":1,"30":0,"31":1,"32":1,"33":1,"34":1,"35":1,"36":1,"37":1,"38":1,"39":1,"40":1,"41":1,"42":1,"43":1,"44":1,"45":1,"46":1,"47":7,"48":7,"49":7,"50":7,"51":7,"52":5,"53":5,"54":7,"55":5,"56":7,"57":1,"58":1,"59":1,"60":1,"61":1,"62":1,"63":1},"f":{"0":1,"1":1,"2":1,"3":4,"4":2,"5":2,"6":1,"7":1,"8":1,"9":1,"10":1,"11":1,"12":1,"13":7,"14":1,"15":1,"16":1,"17":1,"18":1},"b":{"0":[6,6],"1":[6,0],"2":[1,0],"3":[0,1],"4":[3,1],"5":[4,4],"6":[0,2],"7":[0,2],"8":[0,2],"9":[2,0,0],"10":[0,1],"11":[1,0],"12":[1,1],"13":[1,0],"14":[1,0],"15":[5,2]},"_coverageSchema":"332fd63041d2c1bcb487cc26dd0d5f7d97098a6c","hash":"5f4ac7d596ba206a8a021281834cc7d24b992201","contentHash":"1f9b4118b196e036886260504b08e87b_11.4.1"},"/home/austin/github/job-sort/react-backend/client/src/components/JobTitleLocation.js":{"path":"/home/austin/github/job-sort/react-backend/client/src/components/JobTitleLocation.js","statementMap":{"0":{"start":{"line":3,"column":0},"end":{"line":5,"column":3}},"1":{"start":{"line":7,"column":19},"end":{"line":7,"column":563}},"2":{"start":{"line":7,"column":76},"end":{"line":7,"column":347}},"3":{"start":{"line":7,"column":134},"end":{"line":7,"column":142}},"4":{"start":{"line":7,"column":144},"end":{"line":7,"column":199}},"5":{"start":{"line":7,"column":200},"end":{"line":7,"column":231}},"6":{"start":{"line":7,"column":232},"end":{"line":7,"column":286}},"7":{"start":{"line":7,"column":259},"end":{"line":7,"column":286}},"8":{"start":{"line":7,"column":287},"end":{"line":7,"column":345}},"9":{"start":{"line":7,"column":350},"end":{"line":7,"column":559}},"10":{"start":{"line":7,"column":407},"end":{"line":7,"column":475}},"11":{"start":{"line":7,"column":423},"end":{"line":7,"column":475}},"12":{"start":{"line":7,"column":476},"end":{"line":7,"column":536}},"13":{"start":{"line":7,"column":493},"end":{"line":7,"column":536}},"14":{"start":{"line":7,"column":537},"end":{"line":7,"column":556}},"15":{"start":{"line":9,"column":13},"end":{"line":9,"column":29}},"16":{"start":{"line":11,"column":14},"end":{"line":11,"column":44}},"17":{"start":{"line":13,"column":16},"end":{"line":13,"column":40}},"18":{"start":{"line":15,"column":17},"end":{"line":15,"column":50}},"19":{"start":{"line":17,"column":20},"end":{"line":17,"column":48}},"20":{"start":{"line":19,"column":21},"end":{"line":19,"column":58}},"21":{"start":{"line":21,"column":39},"end":{"line":21,"column":93}},"22":{"start":{"line":23,"column":50},"end":{"line":23,"column":151}},"23":{"start":{"line":23,"column":92},"end":{"line":23,"column":149}},"24":{"start":{"line":25,"column":50},"end":{"line":25,"column":151}},"25":{"start":{"line":25,"column":63},"end":{"line":25,"column":149}},"26":{"start":{"line":25,"column":152},"end":{"line":25,"column":238}},"27":{"start":{"line":27,"column":43},"end":{"line":27,"column":208}},"28":{"start":{"line":27,"column":106},"end":{"line":27,"column":206}},"29":{"start":{"line":27,"column":209},"end":{"line":27,"column":373}},"30":{"start":{"line":27,"column":374},"end":{"line":27,"column":492}},"31":{"start":{"line":27,"column":390},"end":{"line":27,"column":492}},"32":{"start":{"line":29,"column":23},"end":{"line":85,"column":19}},"33":{"start":{"line":30,"column":2},"end":{"line":30,"column":42}},"34":{"start":{"line":43,"column":2},"end":{"line":82,"column":6}},"35":{"start":{"line":46,"column":6},"end":{"line":46,"column":52}},"36":{"start":{"line":51,"column":6},"end":{"line":51,"column":44}},"37":{"start":{"line":56,"column":19},"end":{"line":56,"column":23}},"38":{"start":{"line":58,"column":6},"end":{"line":80,"column":8}},"39":{"start":{"line":73,"column":16},"end":{"line":73,"column":61}},"40":{"start":{"line":76,"column":16},"end":{"line":76,"column":69}},"41":{"start":{"line":84,"column":2},"end":{"line":84,"column":26}},"42":{"start":{"line":87,"column":0},"end":{"line":87,"column":35}}},"fnMap":{"0":{"name":"(anonymous_0)","decl":{"start":{"line":7,"column":19},"end":{"line":7,"column":20}},"loc":{"start":{"line":7,"column":31},"end":{"line":7,"column":561}},"line":7},"1":{"name":"defineProperties","decl":{"start":{"line":7,"column":42},"end":{"line":7,"column":58}},"loc":{"start":{"line":7,"column":74},"end":{"line":7,"column":349}},"line":7},"2":{"name":"(anonymous_2)","decl":{"start":{"line":7,"column":357},"end":{"line":7,"column":358}},"loc":{"start":{"line":7,"column":405},"end":{"line":7,"column":558}},"line":7},"3":{"name":"_interopRequireDefault","decl":{"start":{"line":21,"column":9},"end":{"line":21,"column":31}},"loc":{"start":{"line":21,"column":37},"end":{"line":21,"column":95}},"line":21},"4":{"name":"_classCallCheck","decl":{"start":{"line":23,"column":9},"end":{"line":23,"column":24}},"loc":{"start":{"line":23,"column":48},"end":{"line":23,"column":153}},"line":23},"5":{"name":"_possibleConstructorReturn","decl":{"start":{"line":25,"column":9},"end":{"line":25,"column":35}},"loc":{"start":{"line":25,"column":48},"end":{"line":25,"column":240}},"line":25},"6":{"name":"_inherits","decl":{"start":{"line":27,"column":9},"end":{"line":27,"column":18}},"loc":{"start":{"line":27,"column":41},"end":{"line":27,"column":494}},"line":27},"7":{"name":"(anonymous_7)","decl":{"start":{"line":29,"column":23},"end":{"line":29,"column":24}},"loc":{"start":{"line":29,"column":45},"end":{"line":85,"column":1}},"line":29},"8":{"name":"handleUserLocationChange","decl":{"start":{"line":45,"column":20},"end":{"line":45,"column":44}},"loc":{"start":{"line":45,"column":59},"end":{"line":47,"column":5}},"line":45},"9":{"name":"handleJobTitleChange","decl":{"start":{"line":50,"column":20},"end":{"line":50,"column":40}},"loc":{"start":{"line":50,"column":51},"end":{"line":52,"column":5}},"line":50},"10":{"name":"render","decl":{"start":{"line":55,"column":20},"end":{"line":55,"column":26}},"loc":{"start":{"line":55,"column":29},"end":{"line":81,"column":5}},"line":55},"11":{"name":"onChange","decl":{"start":{"line":72,"column":83},"end":{"line":72,"column":91}},"loc":{"start":{"line":72,"column":102},"end":{"line":74,"column":15}},"line":72},"12":{"name":"onChange","decl":{"start":{"line":75,"column":87},"end":{"line":75,"column":95}},"loc":{"start":{"line":75,"column":110},"end":{"line":77,"column":15}},"line":75}},"branchMap":{"0":{"loc":{"start":{"line":7,"column":168},"end":{"line":7,"column":198}},"type":"binary-expr","locations":[{"start":{"line":7,"column":168},"end":{"line":7,"column":189}},{"start":{"line":7,"column":193},"end":{"line":7,"column":198}}],"line":7},"1":{"loc":{"start":{"line":7,"column":232},"end":{"line":7,"column":286}},"type":"if","locations":[{"start":{"line":7,"column":232},"end":{"line":7,"column":286}},{"start":{"line":7,"column":232},"end":{"line":7,"column":286}}],"line":7},"2":{"loc":{"start":{"line":7,"column":407},"end":{"line":7,"column":475}},"type":"if","locations":[{"start":{"line":7,"column":407},"end":{"line":7,"column":475}},{"start":{"line":7,"column":407},"end":{"line":7,"column":475}}],"line":7},"3":{"loc":{"start":{"line":7,"column":476},"end":{"line":7,"column":536}},"type":"if","locations":[{"start":{"line":7,"column":476},"end":{"line":7,"column":536}},{"start":{"line":7,"column":476},"end":{"line":7,"column":536}}],"line":7},"4":{"loc":{"start":{"line":21,"column":46},"end":{"line":21,"column":92}},"type":"cond-expr","locations":[{"start":{"line":21,"column":70},"end":{"line":21,"column":73}},{"start":{"line":21,"column":76},"end":{"line":21,"column":92}}],"line":21},"5":{"loc":{"start":{"line":21,"column":46},"end":{"line":21,"column":67}},"type":"binary-expr","locations":[{"start":{"line":21,"column":46},"end":{"line":21,"column":49}},{"start":{"line":21,"column":53},"end":{"line":21,"column":67}}],"line":21},"6":{"loc":{"start":{"line":23,"column":50},"end":{"line":23,"column":151}},"type":"if","locations":[{"start":{"line":23,"column":50},"end":{"line":23,"column":151}},{"start":{"line":23,"column":50},"end":{"line":23,"column":151}}],"line":23},"7":{"loc":{"start":{"line":25,"column":50},"end":{"line":25,"column":151}},"type":"if","locations":[{"start":{"line":25,"column":50},"end":{"line":25,"column":151}},{"start":{"line":25,"column":50},"end":{"line":25,"column":151}}],"line":25},"8":{"loc":{"start":{"line":25,"column":159},"end":{"line":25,"column":237}},"type":"cond-expr","locations":[{"start":{"line":25,"column":226},"end":{"line":25,"column":230}},{"start":{"line":25,"column":233},"end":{"line":25,"column":237}}],"line":25},"9":{"loc":{"start":{"line":25,"column":159},"end":{"line":25,"column":223}},"type":"binary-expr","locations":[{"start":{"line":25,"column":159},"end":{"line":25,"column":163}},{"start":{"line":25,"column":168},"end":{"line":25,"column":192}},{"start":{"line":25,"column":196},"end":{"line":25,"column":222}}],"line":25},"10":{"loc":{"start":{"line":27,"column":43},"end":{"line":27,"column":208}},"type":"if","locations":[{"start":{"line":27,"column":43},"end":{"line":27,"column":208}},{"start":{"line":27,"column":43},"end":{"line":27,"column":208}}],"line":27},"11":{"loc":{"start":{"line":27,"column":47},"end":{"line":27,"column":102}},"type":"binary-expr","locations":[{"start":{"line":27,"column":47},"end":{"line":27,"column":79}},{"start":{"line":27,"column":83},"end":{"line":27,"column":102}}],"line":27},"12":{"loc":{"start":{"line":27,"column":244},"end":{"line":27,"column":278}},"type":"binary-expr","locations":[{"start":{"line":27,"column":244},"end":{"line":27,"column":254}},{"start":{"line":27,"column":258},"end":{"line":27,"column":278}}],"line":27},"13":{"loc":{"start":{"line":27,"column":374},"end":{"line":27,"column":492}},"type":"if","locations":[{"start":{"line":27,"column":374},"end":{"line":27,"column":492}},{"start":{"line":27,"column":374},"end":{"line":27,"column":492}}],"line":27},"14":{"loc":{"start":{"line":27,"column":390},"end":{"line":27,"column":491}},"type":"cond-expr","locations":[{"start":{"line":27,"column":414},"end":{"line":27,"column":457}},{"start":{"line":27,"column":460},"end":{"line":27,"column":491}}],"line":27}},"s":{"0":1,"1":1,"2":1,"3":3,"4":3,"5":3,"6":3,"7":3,"8":3,"9":1,"10":1,"11":1,"12":1,"13":0,"14":1,"15":1,"16":1,"17":1,"18":1,"19":1,"20":1,"21":3,"22":2,"23":0,"24":2,"25":0,"26":2,"27":1,"28":0,"29":1,"30":1,"31":1,"32":1,"33":1,"34":1,"35":4,"36":4,"37":7,"38":7,"39":4,"40":4,"41":1,"42":1},"f":{"0":1,"1":1,"2":1,"3":3,"4":2,"5":2,"6":1,"7":1,"8":4,"9":4,"10":7,"11":4,"12":4},"b":{"0":[3,3],"1":[3,0],"2":[1,0],"3":[0,1],"4":[2,1],"5":[3,3],"6":[0,2],"7":[0,2],"8":[0,2],"9":[2,0,0],"10":[0,1],"11":[1,0],"12":[1,1],"13":[1,0],"14":[1,0]},"_coverageSchema":"332fd63041d2c1bcb487cc26dd0d5f7d97098a6c","hash":"57e15a10d0ae824721d55cc7f2ef1aab52c1232e","contentHash":"1c31369e43cff0748770c7c8dca38b4c_11.4.1"},"/home/austin/github/job-sort/react-backend/client/src/components/JobTitle.js":{"path":"/home/austin/github/job-sort/react-backend/client/src/components/JobTitle.js","statementMap":{"0":{"start":{"line":3,"column":0},"end":{"line":5,"column":3}},"1":{"start":{"line":7,"column":19},"end":{"line":7,"column":563}},"2":{"start":{"line":7,"column":76},"end":{"line":7,"column":347}},"3":{"start":{"line":7,"column":134},"end":{"line":7,"column":142}},"4":{"start":{"line":7,"column":144},"end":{"line":7,"column":199}},"5":{"start":{"line":7,"column":200},"end":{"line":7,"column":231}},"6":{"start":{"line":7,"column":232},"end":{"line":7,"column":286}},"7":{"start":{
[...]
":{"line":48,"column":13},"end":{"line":54,"column":7}},"36":{"start":{"line":49,"column":8},"end":{"line":49,"column":28}},"37":{"start":{"line":50,"column":13},"end":{"line":54,"column":7}},"38":{"start":{"line":51,"column":8},"end":{"line":51,"column":35}},"39":{"start":{"line":53,"column":8},"end":{"line":53,"column":17}},"40":{"start":{"line":55,"column":6},"end":{"line":55,"column":47}},"41":{"start":{"line":56,"column":6},"end":{"line":56,"column":42}},"42":{"start":{"line":57,"column":6},"end":{"line":57,"column":35}},"43":{"start":{"line":62,"column":20},"end":{"line":62,"column":38}},"44":{"start":{"line":63,"column":6},"end":{"line":117,"column":8}},"45":{"start":{"line":121,"column":2},"end":{"line":121,"column":20}},"46":{"start":{"line":124,"column":0},"end":{"line":124,"column":29}}},"fnMap":{"0":{"name":"(anonymous_0)","decl":{"start":{"line":7,"column":19},"end":{"line":7,"column":20}},"loc":{"start":{"line":7,"column":31},"end":{"line":7,"column":561}},"line":7},"1":{"name":"defineProperties","decl":{"start":{"line":7,"column":42},"end":{"line":7,"column":58}},"loc":{"start":{"line":7,"column":74},"end":{"line":7,"column":349}},"line":7},"2":{"name":"(anonymous_2)","decl":{"start":{"line":7,"column":357},"end":{"line":7,"column":358}},"loc":{"start":{"line":7,"column":405},"end":{"line":7,"column":558}},"line":7},"3":{"name":"_interopRequireDefault","decl":{"start":{"line":13,"column":9},"end":{"line":13,"column":31}},"loc":{"start":{"line":13,"column":37},"end":{"line":13,"column":95}},"line":13},"4":{"name":"_classCallCheck","decl":{"start":{"line":15,"column":9},"end":{"line":15,"column":24}},"loc":{"start":{"line":15,"column":48},"end":{"line":15,"column":153}},"line":15},"5":{"name":"_possibleConstructorReturn","decl":{"start":{"line":17,"column":9},"end":{"line":17,"column":35}},"loc":{"start":{"line":17,"column":48},"end":{"line":17,"column":240}},"line":17},"6":{"name":"_inherits","decl":{"start":{"line":19,"column":9},"end":{"line":19,"column":18}},"loc":{"start":{"line":19,"column":41},"end":{"line":19,"column":494}},"line":19},"7":{"name":"(anonymous_7)","decl":{"start":{"line":21,"column":17},"end":{"line":21,"column":18}},"loc":{"start":{"line":21,"column":39},"end":{"line":122,"column":1}},"line":21},"8":{"name":"handleCheckboxChange","decl":{"start":{"line":43,"column":20},"end":{"line":43,"column":40}},"loc":{"start":{"line":43,"column":48},"end":{"line":58,"column":5}},"line":43},"9":{"name":"render","decl":{"start":{"line":61,"column":20},"end":{"line":61,"column":26}},"loc":{"start":{"line":61,"column":29},"end":{"line":118,"column":5}},"line":61}},"branchMap":{"0":{"loc":{"start":{"line":7,"column":168},"end":{"line":7,"column":198}},"type":"binary-expr","locations":[{"start":{"line":7,"column":168},"end":{"line":7,"column":189}},{"start":{"line":7,"column":193},"end":{"line":7,"column":198}}],"line":7},"1":{"loc":{"start":{"line":7,"column":232},"end":{"line":7,"column":286}},"type":"if","locations":[{"start":{"line":7,"column":232},"end":{"line":7,"column":286}},{"start":{"line":7,"column":232},"end":{"line":7,"column":286}}],"line":7},"2":{"loc":{"start":{"line":7,"column":407},"end":{"line":7,"column":475}},"type":"if","locations":[{"start":{"line":7,"column":407},"end":{"line":7,"column":475}},{"start":{"line":7,"column":407},"end":{"line":7,"column":475}}],"line":7},"3":{"loc":{"start":{"line":7,"column":476},"end":{"line":7,"column":536}},"type":"if","locations":[{"start":{"line":7,"column":476},"end":{"line":7,"column":536}},{"start":{"line":7,"column":476},"end":{"line":7,"column":536}}],"line":7},"4":{"loc":{"start":{"line":13,"column":46},"end":{"line":13,"column":92}},"type":"cond-expr","locations":[{"start":{"line":13,"column":70},"end":{"line":13,"column":73}},{"start":{"line":13,"column":76},"end":{"line":13,"column":92}}],"line":13},"5":{"loc":{"start":{"line":13,"column":46},"end":{"line":13,"column":67}},"type":"binary-expr","locations":[{"start":{"line":13,"column":46},"end":{"line":13,"column":49}},{"start":{"line":13,"column":53},"end":{"line":13,"column":67}}],"line":13},"6":{"loc":{"start":{"line":15,"column":50},"end":{"line":15,"column":151}},"type":"if","locations":[{"start":{"line":15,"column":50},"end":{"line":15,"column":151}},{"start":{"line":15,"column":50},"end":{"line":15,"column":151}}],"line":15},"7":{"loc":{"start":{"line":17,"column":50},"end":{"line":17,"column":151}},"type":"if","locations":[{"start":{"line":17,"column":50},"end":{"line":17,"column":151}},{"start":{"line":17,"column":50},"end":{"line":17,"column":151}}],"line":17},"8":{"loc":{"start":{"line":17,"column":159},"end":{"line":17,"column":237}},"type":"cond-expr","locations":[{"start":{"line":17,"column":226},"end":{"line":17,"column":230}},{"start":{"line":17,"column":233},"end":{"line":17,"column":237}}],"line":17},"9":{"loc":{"start":{"line":17,"column":159},"end":{"line":17,"column":223}},"type":"binary-expr","locations":[{"start":{"line":17,"column":159},"end":{"line":17,"column":163}},{"start":{"line":17,"column":168},"end":{"line":17,"column":192}},{"start":{"line":17,"column":196},"end":{"line":17,"column":222}}],"line":17},"10":{"loc":{"start":{"line":19,"column":43},"end":{"line":19,"column":208}},"type":"if","locations":[{"start":{"line":19,"column":43},"end":{"line":19,"column":208}},{"start":{"line":19,"column":43},"end":{"line":19,"column":208}}],"line":19},"11":{"loc":{"start":{"line":19,"column":47},"end":{"line":19,"column":102}},"type":"binary-expr","locations":[{"start":{"line":19,"column":47},"end":{"line":19,"column":79}},{"start":{"line":19,"column":83},"end":{"line":19,"column":102}}],"line":19},"12":{"loc":{"start":{"line":19,"column":244},"end":{"line":19,"column":278}},"type":"binary-expr","locations":[{"start":{"line":19,"column":244},"end":{"line":19,"column":254}},{"start":{"line":19,"column":258},"end":{"line":19,"column":278}}],"line":19},"13":{"loc":{"start":{"line":19,"column":374},"end":{"line":19,"column":492}},"type":"if","locations":[{"start":{"line":19,"column":374},"end":{"line":19,"column":492}},{"start":{"line":19,"column":374},"end":{"line":19,"column":492}}],"line":19},"14":{"loc":{"start":{"line":19,"column":390},"end":{"line":19,"column":491}},"type":"cond-expr","locations":[{"start":{"line":19,"column":414},"end":{"line":19,"column":457}},{"start":{"line":19,"column":460},"end":{"line":19,"column":491}}],"line":19},"15":{"loc":{"start":{"line":46,"column":6},"end":{"line":54,"column":7}},"type":"if","locations":[{"start":{"line":46,"column":6},"end":{"line":54,"column":7}},{"start":{"line":46,"column":6},"end":{"line":54,"column":7}}],"line":46},"16":{"loc":{"start":{"line":48,"column":13},"end":{"line":54,"column":7}},"type":"if","locations":[{"start":{"line":48,"column":13},"end":{"line":54,"column":7}},{"start":{"line":48,"column":13},"end":{"line":54,"column":7}}],"line":48},"17":{"loc":{"start":{"line":50,"column":13},"end":{"line":54,"column":7}},"type":"if","locations":[{"start":{"line":50,"column":13},"end":{"line":54,"column":7}},{"start":{"line":50,"column":13},"end":{"line":54,"column":7}}],"line":50}},"s":{"0":1,"1":1,"2":1,"3":2,"4":2,"5":2,"6":2,"7":2,"8":2,"9":1,"10":1,"11":1,"12":1,"13":0,"14":1,"15":1,"16":1,"17":1,"18":2,"19":0,"20":2,"21":0,"22":2,"23":1,"24":0,"25":1,"26":1,"27":1,"28":1,"29":1,"30":1,"31":14,"32":14,"33":14,"34":5,"35":9,"36":4,"37":5,"38":4,"39":1,"40":13,"41":13,"42":13,"43":19,"44":19,"45":1,"46":1},"f":{"0":1,"1":1,"2":1,"3":1,"4":2,"5":2,"6":1,"7":1,"8":14,"9":19},"b":{"0":[2,2],"1":[2,0],"2":[1,0],"3":[0,1],"4":[0,1],"5":[1,1],"6":[0,2],"7":[0,2],"8":[0,2],"9":[2,0,0],"10":[0,1],"11":[1,0],"12":[1,1],"13":[1,0],"14":[1,0],"15":[5,9],"16":[4,5],"17":[4,1]},"_coverageSchema":"332fd63041d2c1bcb487cc26dd0d5f7d97098a6c","hash":"e537175d299da0b196d1269dcc4d2d306d15d6a1","contentHash":"120da5328a57ebaac0ded1928d624d96_11.4.1"},"/home/austin/github/job-sort/react-backend/client/src/components/InputTechnologies.js":{"path":"/home/austin/github/job-sort/react-backend/client/src/components/InputTechnologies.js","statementMap":{"0":{"start":{"line":3,"column":0},"end":{"line":5,"column":3}},"1":{"start":{"line":7,"column":19},"end":{"line":7,"column":563}},"2":{"start":{"line":7,"column":76},"end":{"line":7,"column":347}},"3":{"start":{"line":7,"column":134},"end":{"line":7,"column":142}},"4":{"start":{"line":7,"column":144},"end":{"line":7,"column":199}},"5":{"start":{"line":7,"column":200},"end":{"line":7,"column":231}},"6":{"start":{"line":7,"column":232},"end":{"line":7,"column":286}},"7":{"start":{"line":7,"column":259},"end":{"line":7,"column":286}},"8":{"start":{"line":7,"column":287},"end":{"line":7,"column":345}},"9":{"start":{"line":7,"column":350},"end":{"line":7,"column":559}},"10":{"start":{"line":7,"column":407},"end":{"line":7,"column":475}},"11":{"start":{"line":7,"column":423},"end":{"line":7,"column":475}},"12":{"start":{"line":7,"column":476},"end":{"line":7,"column":536}},"13":{"start":{"line":7,"column":493},"end":{"line":7,"column":536}},"14":{"start":{"line":7,"column":537},"end":{"line":7,"column":556}},"15":{"start":{"line":9,"column":13},"end":{"line":9,"column":29}},"16":{"start":{"line":11,"column":14},"end":{"line":11,"column":44}},"17":{"start":{"line":13,"column":39},"end":{"line":13,"column":93}},"18":{"start":{"line":15,"column":50},"end":{"line":15,"column":151}},"19":{"start":{"line":15,"column":92},"end":{"line":15,"column":149}},"20":{"start":{"line":17,"column":50},"end":{"line":17,"column":151}},"21":{"start":{"line":17,"column":63},"end":{"line":17,"column":149}},"22":{"start":{"line":17,"column":152},"end":{"line":17,"column":238}},"23":{"start":{"line":19,"column":43},"end":{"line":19,"column":208}},"24":{"start":{"line":19,"column":106},"end":{"line":19,"column":206}},"25":{"start":{"line":19,"column":209},"end":{"line":19,"column":373}},"26":{"start":{"line":19,"column":374},"end":{"line":19,"column":492}},"27":{"start":{"line":19,"column":390},"end":{"line":19,"column":492}},"28":{"start":{"line":21,"column":24},"end":{"line":133,"column":19}},"29":{"start":{"line":22,"column":2},"end":{"line":22,"column":43}},"30":{"start":{"line":41,"column":2},"end":{"line":130,"column":6}},"31":{"start":{"line":44,"column":6},"end":{"line":44,"column":67}},"32":{"start":{"line":49,"column":36},"end":{"line":49,"column":82}},"33":{"start":{"line":50,"column":29},"end":{"line":50,"column":64}},"34":{"start":{"line":51,"column":21},"end":{"line":51,"column":48}},"35":{"start":{"line":52,"column":6},"end":{"line":57,"column":7}},"36":{"start":{"line":53,"column":8},"end":{"line":53,"column":60}},"37":{"start":{"line":55,"column":8},"end":{"line":55,"column":43}},"38":{"start":{"line":56,"column":8},"end":{"line":56,"column":69}},"39":{"start":{"line":58,"column":6},"end":{"line":58,"column":29}},"40":{"start":{"line":59,"column":6},"end":{"line":59,"column":60}},"41":{"start":{"line":60,"column":6},"end":{"line":60,"column":44}},"42":{"start":{"line":65,"column":20},"end":{"line":65,"column":45}},"43":{"start":{"line":66,"column":29},"end":{"line":66,"column":64}},"44":{"start":{"line":67,"column":6},"end":{"line":67,"column":42}},"45":{"start":{"line":68,"column":6},"end":{"line":68,"column":60}},"46":{"start":{"line":69,"column":6},"end":{"line":69,"column":44}},"47":{"start":{"line":74,"column":19},"end":{"line":74,"column":23}},"48":{"start":{"line":76,"column":29},"end":{"line":76,"column":64}},"49":{"start":{"line":77,"column":32},"end":{"line":77,"column":34}},"50":{"start":{"line":78,"column":6},"end":{"line":93,"column":7}},"51":{"start":{"line":79,"column":8},"end":{"line":92,"column":11}},"52":{"start":{"line":95,"column":21},"end":{"line":95,"column":48}},"53":{"start":{"line":96,"column":24},"end":{"line":96,"column":26}},"54":{"start":{"line":97,"column":6},"end":{"line":99,"column":7}},"55":{"start":{"line":98,"column":8},"end":{"line":98,"column":91}},"56":{"start":{"line":100,"column":6},"end":{"line":104,"column":9}},"57":{"start":{"line":106,"column":6},"end":{"line":128,"column":8}},"58":{"start":{"line":120,"column":16},"end":{"line":120,"column":47}},"59":{"start":{"line":132,"column":2},"end":{"line":132,"column":27}},"60":{"start":{"line":135,"column":0},"end":{"line":135,"column":36}}},"fnMap":{"0":{"name":"(anonymous_0)","decl":{"start":{"line":7,"column":19},"end":{"line":7,"column":20}},"loc":{"start":{"line":7,"column":31},"end":{"line":7,"column":561}},"line":7},"1":{"name":"defineProperties","decl":{"start":{"line":7,"column":42},"end":{"line":7,"column":58}},"loc":{"start":{"line":7,"column":74},"end":{"line":7,"column":349}},"line":7},"2":{"name":"(anonymous_2)","decl":{"start":{"line":7,"column":357},"end":{"line":7,"column":358}},"loc":{"start":{"line":7,"column":405},"end":{"line":7,"column":558}},"line":7},"3":{"name":"_interopRequireDefault","decl":{"start":{"line":13,"column":9},"end":{"line":13,"column":31}},"loc":{"start":{"line":13,"column":37},"end":{"line":13,"column":95}},"line":13},"4":{"name":"_classCallCheck","decl":{"start":{"line":15,"column":9},"end":{"line":15,"column":24}},"loc":{"start":{"line":15,"column":48},"end":{"line":15,"column":153}},"line":15},"5":{"name":"_possibleConstructorReturn","decl":{"start":{"line":17,"column":9},"end":{"line":17,"column":35}},"loc":{"start":{"line":17,"column":48},"end":{"line":17,"column":240}},"line":17},"6":{"name":"_inherits","decl":{"start":{"line":19,"column":9},"end":{"line":19,"column":18}},"loc":{"start":{"line":19,"column":41},"end":{"line":19,"column":494}},"line":19},"7":{"name":"(anonymous_7)","decl":{"start":{"line":21,"column":24},"end":{"line":21,"column":25}},"loc":{"start":{"line":21,"column":46},"end":{"line":133,"column":1}},"line":21},"8":{"name":"handleUserInputTechnologyChange","decl":{"start":{"line":43,"column":20},"end":{"line":43,"column":51}},"loc":{"start":{"line":43,"column":59},"end":{"line":45,"column":5}},"line":43},"9":{"name":"addTechnology","decl":{"start":{"line":48,"column":20},"end":{"line":48,"column":33}},"loc":{"start":{"line":48,"column":41},"end":{"line":61,"column":5}},"line":48},"10":{"name":"(anonymous_10)","decl":{"start":{"line":52,"column":33},"end":{"line":52,"column":34}},"loc":{"start":{"line":52,"column":52},"end":{"line":54,"column":7}},"line":52},"11":{"name":"removeTechnology","decl":{"start":{"line":64,"column":20},"end":{"line":64,"column":36}},"loc":{"start":{"line":64,"column":44},"end":{"line":70,"column":5}},"line":64},"12":{"name":"render","decl":{"start":{"line":73,"column":20},"end":{"line":73,"column":26}},"loc":{"start":{"line":73,"column":29},"end":{"line":129,"column":5}},"line":73},"13":{"name":"onSubmit","decl":{"start":{"line":119,"column":58},"end":{"line":119,"column":66}},"loc":{"start":{"line":119,"column":70},"end":{"line":121,"column":15}},"line":119}},"branchMap":{"0":{"loc":{"start":{"line":7,"column":168},"end":{"line":7,"column":198}},"type":"binary-expr","locations":[{"start":{"line":7,"column":168},"end":{"line":7,"column":189}},{"start":{"line":7,"column":193},"end":{"line":7,"column":198}}],"line":7},"1":{"loc":{"start":{"line":7,"column":232},"end":{"line":7,"column":286}},"type":"if","locations":[{"start":{"line":7,"column":232},"end":{"line":7,"column":286}},{"start":{"line":7,"column":232},"end":{"line":7,"column":286}}],"line":7},"2":{"loc":{"start":{"line":7,"column":407},"end":{"line":7,"column":475}},"type":"if","locations":[{"start":{"line":7,"column":407},"end":{"line":7,"column":475}},{"start":{"line":7,"column":407},"end":{"line":7,"column":475}}],"line":7},"3":{"loc":{"start":{"line":7,"column":476},"end":{"line":7,"column":536}},"type":"if","locations":[{"start":{"line":7,"column":476},"end":{"line":7,"column":536}},{"start":{"line":7,"column":476},"end":{"line":7,"column":536}}],"line":7},"4":{"loc":{"start":{"line":13,"column":46},"end":{"line":13,"column":92}},"type":"cond-expr","locations":[{"start":{"line":13,"column":70},"end":{"line":13,"column":73}},{"start":{"line":13,"column":76},"end":{"line":13,"column":92}}],"line":13},"5":{"loc":{"start":{"line":13,"column":46},"end":{"line":13,"column":67}},"type":"binary-expr","locations":[{"start":{"line":13,"column":46},"end":{"line":13,"column":49}},{"start":{"line":13,"column":53},"end":{"line":13,"column":67}}],"line":13},"6":{"loc":{"start":{"line":15,"column":50},"end":{"line":15,"column":151}},"type":"if","locations":[{"start":{"line":15,"column":50},"end":{"line":15,"column":151}},{"start":{"line":15,"column":50},"end":{"line":15,"column":151}}],"line":15},"7":{"loc":{"start":{"line":17,"column":50},"end":{"line":17,"column":151}},"type":"if","locations":[{"start":{"line":17,"column":50},"end":{"line":17,"column":151}},{"start":{"line":17,"column":50},"end":{"line":17,"column":151}}],"line":17},"8":{"loc":{"start":{"line":17,"column":159},"end":{"line":17,"column":237}},"type":"cond-expr","locations":[{"start":{"line":17,"column":226},"end":{"line":17,"column":230}},{"start":{"line":17,"column":233},"end":{"line":17,"column":237}}],"line":17},"9":{"loc":{"start":{"line":17,"column":159},"end":{"line":17,"column":223}},"type":"binary-expr","locations":[{"start":{"line":17,"column":159},"end":{"line":17,"column":163}},{"start":{"line":17,"column":168},"end":{"line":17,"column":192}},{"start":{"line":17,"column":196},"end":{"line":17,"column":222}}],"line":17},"10":{"loc":{"start":{"line":19,"column":43},"end":{"line":19,"column":208}},"type":"if","locations":[{"start":{"line":19,"column":43},"end":{"line":19,"column":208}},{"start":{"line":19,"column":43},"end":{"line":19,"column":208}}],"line":19},"11":{"loc":{"start":{"line":19,"column":47},"end":{"line":19,"column":102}},"type":"binary-expr","locations":[{"start":{"line":19,"column":47},"end":{"line":19,"column":79}},{"start":{"line":19,"column":83},"end":{"line":19,"column":102}}],"line":19},"12":{"loc":{"start":{"line":19,"column":244},"end":{"line":19,"column":278}},"type":"binary-expr","locations":[{"start":{"line":19,"column":244},"end":{"line":19,"column":254}},{"start":{"line":19,"column":258},"end":{"line":19,"column":278}}],"line":19},"13":{"loc":{"start":{"line":19,"column":374},"end":{"line":19,"column":492}},"type":"if","locations":[{"start":{"line":19,"column":374},"end":{"line":19,"column":492}},{"start":{"line":19,"column":374},"end":{"line":19,"column":492}}],"line":19},"14":{"loc":{"start":{"line":19,"column":390},"end":{"line":19,"column":491}},"type":"cond-expr","locations":[{"start":{"line":19,"column":414},"end":{"line":19,"column":457}},{"start":{"line":19,"column":460},"end":{"line":19,"column":491}}],"line":19},"15":{"loc":{"start":{"line":52,"column":6},"end":{"line":57,"column":7}},"type":"if","locations":[{"start":{"line":52,"column":6},"end":{"line":57,"column":7}},{"start":{"line":52,"column":6},"end":{"line":57,"column":7}}],"line":52},"16":{"loc":{"start":{"line":52,"column":10},"end":{"line":54,"column":54}},"type":"binary-expr","locations":[{"start":{"line":52,"column":10},"end":{"line":54,"column":8}},{"start":{"line":54,"column":12},"end":{"line":54,"column":54}}],"line":52}},"s":{"0":1,"1":1,"2":1,"3":4,"4":4,"5":4,"6":4,"7":4,"8":4,"9":1,"10":1,"11":1,"12":1,"13":0,"14":1,"15":1,"16":1,"17":1,"18":7,"19":0,"20":7,"21":0,"22":7,"23":1,"24":0,"25":1,"26":1,"27":1,"28":1,"29":1,"30":1,"31":7,"32":6,"33":6,"34":6,"35":6,"36":0,"37":5,"38":5,"39":6,"40":6,"41":6,"42":2,"43":2,"44":2,"45":2,"46":2,"47":26,"48":26,"49":26,"50":26,"51":7,"52":26,"53":26,"54":26,"55":466,"56":26,"57":26,"58":6,"59":1,"60":1},"f":{"0":1,"1":1,"2":1,"3":1,"4":7,"5":7,"6":1,"7":1,"8":7,"9":6,"10":0,"11":2,"12":26,"13":6},"b":{"0":[4,4],"1":[4,0],"2":[1,0],"3":[0,1],"4":[0,1],"5":[1,1],"6":[0,7],"7":[0,7],"8":[0,7],"9":[7,0,0],"10":[0,1],"11":[1,0],"12":[1,1],"13":[1,0],"14":[1,0],"15":[5,1],"16":[6,6]},"_coverageSchema":"332fd63041d2c1bcb487cc26dd0d5f7d97098a6c","hash":"1101eb156ab63ae3c225ae2a3f231e972c338b9e","contentHash":"f52cb5a59694e4a6c553d40db7310242_11.4.1"}}